1 1aO 1aM 1bN 1aW 1aJ 1aE 1aG K 1aK 1bE 1bI 1aZ 1aI 1aC 1aB B 1aS 1aL 1aD 1aA 1cL 1aV 1aY 1aF 1
23
1aV 1bB 1bK 1bN 1dP
1aW 1bC 1bQ 1cZ 1dI 1dN 1dR 1eH
1aJ 1aP 1bM 1cC 1cN 1cU 1cX 1dW
1aI 1aN 1aT 1dM
1aG 1aL 1cF 1cH
1aY 1bE 1cY
1bN 1bU 1cO 1dH 1eB 1eD
1aL 1aR 1aV 1aW 1bO 1bW 1cD 1dC 1dE
1aZ 1bF 1bR 1cE 1cP 1cT 1dV 1eE
1aF 1aK 1aM 1cG
1bE 1bL 1bY 1cK 1cQ 1eA 1eJ
1cL 1cW 1dF 1dY 1dZ
1aE 1aJ 1bD 1bJ 1dJ 1eG
1aS 1aY 1bA 1bH 1bX 1cJ 1cR
1bI 1bP 1dK
1aK 1aQ 1cV 1eC 1eI
1 1 1aA
1aB 1aC 1cI 1cS 1dA 1dD
1aO 1aU 1bV 1dG 1dS
1aD 1aI
1aC 1aE 1bT 1cB 1dO 1eF
1aM 1aS 1aX 1dT
1aA 1aB 1aZ 1bG 1bS
