Shoreburn Courtbush Valhaven Wildemill Deercastle Bellhollow Shorebarrow Lochmage Ostwynne Mormead Esterfall Foxvale Ironriver Clearnesse Vertbay Freyville Morwald Coastport Courtcastle Greygrass Foxhaven Corbank Morwall Marbleiron Westvale Shoreburn
25
Wildemill Courtwall Applecastle Redlake Violetfay
Clearnesse Oldmoor Redwell Corbank Snowshore Greensummer
Bellhollow Newby Courtcastle Northwynne
Shoreburn Shoreburn Butterhill
Greygrass Clearnesse Dellwyn Wolflea Blackbush Ostwynne Westvale
Freyville Valhaven Erilyn Verthedge Janholt Flowerfield
Deercastle Bluedell Deephedge Silverwitch Seamoor Rosemill Icenesse Lightmere
Courtbush Fairice Wildemarsh
Ironriver Stonefair Starryhill Brightmere Bushgate Marbleiron Morwall Freymere
Marbleiron Butterway Highmont Fairsage Windbridge Fogland Esterfall
Valhaven Clearland Northriver Rosegate Ironshore Greenshore Woodice Orfort
Vertbay Buttermead Eriwall Wooddell
Morwald Esterash Freyview Southwheat Mallowness
Morwall Foxvale Courtedge Silverbarrow
Lochmage Butterbush Oakmere Wellbank Flowermill
Courtcastle Lochmage Strongfall Mallowway
Corbank Snowsage Goldcrest Ironriver
Mormead Foxhaven Goldwyvern Southpine Summermage
Westvale Fieldedge Westerlight Eastcastle
Foxvale Orbarrow Springfox
Coastport Irondeer Bluewyn
Foxhaven Wellmage Stoneglass Mallowbridge Mistshore Newley Silverlea
Shorebarrow Bluelake Westmill
Ostwynne Violetley Coldville Morwald
Esterfall Bluedale Greyice Brightrock Newmill
