FacultyClub RSSBuilding BanwayBuilding OldArtGallery Spieker Mulford AlumniHouse ArtHistoryLibrary OBrien Wheeler CareerCenter SharedServices Warren InsectaryGreenhouse BioscienceLibrary Jacobs VLSB UniversityHouse PacificFilmArchive Hilgard Investigative SproulPlaza Etcheverry Barrows FPF SutardjaDai FacultyClub
23
Spieker FPF HealthServices EastAsianLibrary BanwayBuilding
OBrien Library Manville MediaCenter MelvinLaboratory VLSB
SproulPlaza Hilgard EarthquakeLibrary Pimentel Mulford Durham EnergyBuilding AnthropologyLibrary IRLE Campbell Giauque
RSSBuilding Boalt
VLSB Senior IdaHouse Durant HearstGreekTheatre
CareerCenter HearstGym StowPlaza Unit3 Evans SEAsianLibrary McCone FoundersRock
Mulford CareerCenter Koshland WooHonFai MaxwellField Latimer
ArtHistoryLibrary Sproul Warren MathLibrary
SutardjaDai Etcheverry Spieker Wheeler Birge HearstFieldAnnex
Investigative EarthLibrary InternationalHouse CITRIS BerkeleyWayWest Bechtel Soda
Hilgard StudentUnion OptometryLibrary ArtHistoryLibrary NorthGate EthnicLibrary Hildebrand
Warren PhysicsLibrary FoxCottage
Etcheverry SproulPlaza OBrien AndersenAuditorium Stephens CesarChavez AlumniHouse SimpsonCenter
Jacobs Investigative SpringerGateway DonnerLaboratory BancroftLibrary Davis
FacultyClub FacultyClub BioscienceLibrary UniversityHouse
BanwayBuilding EngineeringLibrary
Wheeler Cheit LawSchool MLK
Barrows UpperHearstParking LeConte
FPF PacificFilmArchive Morrison Jacobs NewspapersLibrary TAAP AquaticCenter Underhill Wellman
AlumniHouse HearstFountain Bowles LatinAmerican
UniversityHouse LawrenceofScience BancroftDance Stanley
BioscienceLibrary SutardjaDai MSRI BerkeleyLawLibrary SocialLibrary VisualCenter
PacificFilmArchive BrainImagingCenter MartinezCommons
