0 20 9 60 189 181 197 156 194 193 178 198 199 150 163 195 187 170 182 196 188 152 127 169 0
24
182 71 123
194 25 171
193 17 38 55 56 73 75 82 113 153
20 52
169 119
178 58 77 102 148
188 15 91 191
150 64
197 18 47 97 131 143 154
195 49 65 76 96 99 103 162 180
187 155 177 197
196 8 42 83 133 135 141 145 149 170 174 188
152 94 167 169 173
127 48 51 74 106 117
0 3
170 35 69 93 114
199 13 33 92 112 120 136 168 199
181 88 161 178 181
9 32
163 19 60 67 80 172 195
189 85 175
156 26 46 90 139 140
198 44 87 105 132 134 158
60 124
