1 26 130 26 114 18 176 198 187 179 39 175 142 181 142 16 129 60 157 111 90 66 43 189 43 66 31 127 163 185 200 185 194 100 6 53 55 183 112 174 196 62 172 195 172 62 192 12 147 61 188 61 2 15 1
23
175 13 15 44 48 75
147 5 33 38 93
196 45 57 86 94 99
130 66
189 28 61 77
1 2
179 17 20 24 34 42 64 69 72 83
163 12 25 32 50 55 65 78 88 96 97 98
185 11 79 84
157 23 41 52 68 73 81
15 16 27
176 49 76 87
6 7 9 35
183 22 40 92
188 19 62 95
192 4 37 46 71 80 89
198 39 43 53 63 90 101
194 6 18 47 58 59 60 70 82 91
195 14 26 29 36 51 100
2 3 8
129 21 30
181 10 31 54 56 67 85
200 74
