159 164 6 197 114 35 198 35 114 175 29 187 168 53 163 53 193 180 109 127 146 127 112 1 101 147 59 100 199 100 59 189 107 44 60 196 60 44 107 130 192 46 200 46 142 129 74 185 74 158 170 79 57 63 121 63 13 16 179 154 93 56 96 162 191 162 96 56 14 140 77 159
23
164 100
192 46 199 96 3 178 59 139
193 169 146 31 191 61 121 28 140 88
196 116 13 24
121 158 85 38 87 181 154 200 6
179 43 35 52 17 21 74 11
180 156
199 157 134 15 10 120 123 167
1 122 72 106 53 41 148
158 133 102 14 109 192 60
191 77 4
127 128 138 51 145 22
198 32 98 82
146 79 40
77 132 34
185 36 93 2 64 180 111 7
163 172 97 174
187 99
170 86 101 47 137 190 26 155
200 76 193
57 107 126 45 37
197 185 63 71 65 114 48 165
159
