Home141 Home109 Home157 Home93 Home14 Home158 Home165 Home170 Home101 Home94 Home166 Home0 Home175 Home48 Home160 Home48 Home29 Home154 Home29 Home168 Home26 Home179 Home36 Home7 Home127 Home7 Home177 Home142 Home177 Home59 Home178 Home34 Home111 Home34 Home174 Home78 Home144 Home145 Home171 Home15 Home141
22
Home166 Home60 Home83 Home136
Home160 Home154 Home20 Home149 Home11 Home37
Home142 Home164 Home16
Home168 Home35 Home48 Home32 Home176 Home44
Home109 Home120
Home177 Home31 Home122 Home89
Home158 Home81 Home62 Home27 Home63 Home1
Home15 Home144
Home178 Home97 Home124 Home128 Home125 Home36
Home0 Home4 Home25 Home114
Home179 Home110 Home34 Home171 Home143 Home152 Home47 Home167 Home64 Home74 Home127 Home96
Home111 Home131 Home161 Home111
Home170 Home7 Home156 Home76 Home147 Home172 Home100 Home55 Home75 Home66
Home174 Home82 Home135 Home134 Home13
Home157 Home132
Home144 Home3 Home170 Home177
Home127 Home86 Home5 Home92
Home165 Home69 Home126 Home106 Home45 Home51 Home103
Home171 Home91 Home88 Home50 Home165 Home26 Home87
Home154 Home112
Home175 Home157 Home173 Home15 Home67 Home105 Home43 Home53
Home141
