50 6 50 2 50 5 50 22 50 19 50 8 50 10 50 3 50 4 50 11 50 47 50 0 50 21 31 50 7 50 1 50 30 50 78 50 51 50 55 50 109 84 109 62 109 50 9 50
24
6 13 57 82 85 108 162 176 195
84 164
1 1 55
3 7 29 86 111 129 172
55 115
9 23 53 61 134 142
4 9 40 54 96 120 136 186
30 69 147 161
62 125
7 14 30 113
8 18 41 47 84 107 118 126 143 144
5 10 77 102 124 177 197
51 110
31 71
47 101 117 181 198
22 51 56 83 89 112 139 153
11 27 80 88 127 128 179
2 4 141 156 182 185
0 0 62 81 92 157 187
19 44 76 99 123 133 180
78 148 169
10 25 31 36 38 78 170
21 49 121 138 146
50
