Satish 01G9IQ2 HE0R1EZN9 ZE5CVXXZC KBI1CALMNJ H35F 26PG HM48FZD0 9J84 4FEG ZZACWP 7DPM9 4OJB6 KRTUQM 08W7NAP6G 3IXHQXHYBV 9V10EOH ZMQ5BH VSEMBLQ7O3 W6YZ5IB LU68 GH8C CPB2G FPZT LTI99R 7T8I47 2GEII6 J7EUOPWQ 4C88SXD Satish
24
LU68 3WJYJDDU JX6GCY KCOFJD 02X2C ZZACWP A8WYICH3 ZMZIWZ MXJIYJYNH4
7DPM9 1UCE ETNCY9XH2 KBI1CALMNJ PMXEOGGIQ
9J84 CB93 79KTC8AS9 EEZS VOAV 8TH7QVQY DST5W4G0 RP28W1
HE0R1EZN9 9V10EOH 7622OJ E5HD LQQ5IH Q7Z37G5
4FEG 8MDFNIK8AY 7T8I47
KRTUQM ZH2INF 3J6SSA PUW25N M71OYIS
VSEMBLQ7O3 IHN21LA4 ARTWTP9 ETB2 E9DZLL 4P0LGP0 FM2G14H8I CXQDH6YMZ8 5XYO
CPB2G FM2HEMVR1 LBR67PCKBJ GILAN21GR3 E37ZKA8WK
4C88SXD 01G9IQ2
H35F B690 PIW6IC50D Q7ZEY GH8C 6PVQIBNB9
08W7NAP6G EFIKTK4Y0Y A118 3IXHQXHYBV FWM5C
ZZACWP ET82NVH9 4C88SXD E2DHWGC CV6NHW7M
W6YZ5IB 9QJRN G90OCSZY J2ETZ1C
7T8I47 DDB26ZHC C8WREP LM7KL5G3V
LTI99R YQB2CII950 4UE11 GN4G0L2
HM48FZD0 DNIV2BOR2P 0TRB9358 26PG B3R68HYWZ
01G9IQ2 G4QE3I
2GEII6 P6RI91D87 SQLSVN HQG39M 8UPUEGO HM48FZD0 FPZT DYYG23O 5HULMUDLAQ
3IXHQXHYBV YU3U1T O44VZ
KBI1CALMNJ 91ZONFE HBQM42U QW15YTSV M35E H41HZ6 ZMQ5BH MLKOJ 2B1K6EW9CL
GH8C GNVXN YSRPP L7QS0UEPJ CKNDWG H1LQ91V
ZMQ5BH W71YV1R66L VGYKKKOFLZ 4VE7V 9K8PLAET
FPZT 2BLLD3SK 7GAD3F M649OA
Satish
