129 153 186 24 168 183 187 47 113 33 149 159 20 173 16 188 16 189 0 177 102 132 55 170 6 195 157 29 194 22 41 198 7 175 7 25 196 179 154 147 30 184 30 101 167 197 19 129
24
195 125 100 126 58 9
187 95 62 21 105
198 152 29 107 16 188 88 26
159 122 195 145 157 85 64 4
170 50 171
153 40 98 66 81
189 65 56 160 103 196 177 191 39
179 91 82
186 161 189 184 190
196 53 15 155 59 13
167 142 183 92
194 17 0 57 197
149 121 11 109 25
184 61 89 192
0 180 150 63 96 151
168 175 114 76
177 84 123 51 49 178
102 2 128
188 174 48 158 163 44
197 5 36 55
175 87 6
173 97 110 23 101 137 156 130 99 8
113 33 194 108 14
129
