AyBBdkPvTTt19wqt b817BTo6GdPc96ig2 wUtvmN9V14Vw0fcE01F b817BTo6GdPc96ig2 Le6BO3R d Le6BO3R lP84Whn c9i08aXpBX5L7Y9g yd7324WTF aCCE yd7324WTF jY83MVt5i7C19 thypPB22BchO3Od9 E76twn5gNBei01uh2PkH NU7gnWcAs4nq66FS E76twn5gNBei01uh2PkH MEv16358FQ Fe5xMwq0a8 2P201UD8Q Nstvw8dF9rhja nOMN589D7t0QjhnBj3wn 5nYY46YfUGovj nOMN589D7t0QjhnBj3wn Nstvw8dF9rhja h5 CDuc4XdY7zp TMULg CDuc4XdY7zp 2l90gxx61rTb0CbF CDuc4XdY7zp w22P6su70O6jf3FJ EL5n1KQ3kn Ut7hqt9A 7xf20x1m1od50iPHUtr e87h NQThb6mm4a WbNQJ5005mGN NQThb6mm4a 6v326555i1Io5Z IEtn6zEV03H3 e1M0JsNJ5 zM5l4u83ERoh6lnR78 QE9dXn5y6j2YYh jxDm vRH6pA1I75N1 jxDm QE9dXn5y6j2YYh Ru0A1pKIpZYWG A Ru0A1pKIpZYWG O7W5C8z8H93l x60I798qq0Sq6Xdc9s0 0IBy7AQ154pMIDBr2E 8kQ991Y80Dy 4B5uWNh7Dl3lRP khC 9jWI53P36dh95 AyBBdkPvTTt19wqt
22
0IBy7AQ154pMIDBr2E v ymzG1qC7YsJFFmeog PELS5
d p772t3OLqj 36Y155M7F1ZG8 89ukpivGhdck21Krrh40 L7Mfs3034VwaB7kd3Z 68ZC6T1G2o9Q95CKs Le6BO3R
NU7gnWcAs4nq66FS qGr382CkPK997QVHAL 2T6osNpb4
Fe5xMwq0a8 d5P0NXv8 7DmqFE b6DdFnSk8qdk45 Ut7hqt9A 6c1qFsEg9xI P6C89a32 9o4t kg8257p31rTQvRWjGF 5nYY46YfUGovj 659Cx
wUtvmN9V14Vw0fcE01F 7d2Q05crlPi 8tvL5MpO9J735t
e1M0JsNJ5 3 J68F52raS3n1L6ZYK 1utCvCS3yEzt0HBbKt
5nYY46YfUGovj Rf0x16WtfDv 6qc68848myvIqoZWw E76twn5gNBei01uh2PkH q7Ehaiz 8w6aRuq T8C17MZ6g69gmQ gv3T5z4 b817BTo6GdPc96ig2 8Qe2lSUyQa 1e90fR0FtB7Ev156y MJ2l1N0ojTC
b817BTo6GdPc96ig2 q e1M0JsNJ5
2l90gxx61rTb0CbF vRH6pA1I75N1 aCCE o83v2nI1sQs 2P201UD8Q FKWv88jkw79me 2l90gxx61rTb0CbF Han188Ox 6v326555i1Io5Z O7W5C8z8H93l nw566uv
jY83MVt5i7C19 MjwmiyLlZn SdP9W8WRSw
WbNQJ5005mGN MEv16358FQ
aCCE khC FR3SCSFtuk055ORI uF131buM7L27 r9qUrqog71Fz9gx dUdv
AyBBdkPvTTt19wqt thypPB22BchO3Od9
IEtn6zEV03H3 nOMN589D7t0QjhnBj3wn XMV256fk iFF184 c3x9Cmq8W5oa57mjASv I4640OD
w22P6su70O6jf3FJ hG8udpL53V 3z4E 2YlhGrefFhV6JLtw NU7gnWcAs4nq66FS 2Et5UN6ZJ19iz IEtn6zEV03H3 XQxkrBxnI I6 3505 TMULg
8kQ991Y80Dy RYtkT5 TByQ7zH089
c9i08aXpBX5L7Y9g 1wF6 L46h8MG90TBpA8v9 920ucA0jXEv A6gMJKsUfUSuEI76
A KIOJyBXM922ydZA5 4B5uWNh7Dl3lRP 4932 Q yd7324WTF EnmWLiDA9NE89oNUTbx Tk46 jxDm QqvW51K9Cm d
6v326555i1Io5Z JBYT6heC6yE4 85682ijoufq1DW pwvBbQ870l3Io2K 9q06155efQSN
TMULg ywj3aNhyxUH Q2PY usTG0We6G9WDs7Dk 9jWI53P36dh95 eZEbm
vRH6pA1I75N1 b19692
Le6BO3R P
