loc0 loc58 loc158 loc58 loc185 loc195 loc122 loc50 loc196 loc50 loc192 loc60 loc198 loc131 loc95 loc193 loc56 loc15 loc194 loc39 loc28 loc88 loc174 loc164 loc184 loc127 loc199 loc187 loc176 loc72 loc186 loc197 loc94 loc175 loc169 loc163 loc146 loc189 loc32 loc138 loc25 loc183 loc188 loc183 loc25 loc0
20
loc188 loc52 loc113 loc14 loc188 loc183 loc162 loc120
loc187 loc66
loc199 loc198 loc134 loc32 loc8
loc0 loc54
loc192 loc96 loc177
loc198 loc85 loc168 loc41 loc172 loc112 loc144 loc45 loc92
loc184 loc167 loc15 loc109 loc165 loc17 loc46
loc163 loc27 loc78
loc193 loc129 loc147 loc118 loc122 loc160 loc138 loc11
loc164 loc164 loc89
loc189 loc187 loc10 loc156 loc97 loc69 loc197
loc194 loc37 loc196
loc197 loc36 loc28 loc185 loc42 loc131
loc158 loc93
loc185 loc150 loc130 loc100
loc174 loc82 loc179 loc119 loc186 loc75 loc47
loc195 loc49 loc106 loc184 loc25 loc83
loc175 loc192 loc39 loc20 loc57 loc182 loc84
loc176 loc191 loc105
loc196 loc116 loc67 loc31 loc157
