a0 b5 a0 t9 a0 p1 p2 p3 p4 p5 p6 p7 p8 h0 e8 g9 a0 d1 c6 d1 a0 m4 n0 n1 n0 m4 a0 l0 l1 l2 l3 l4 l5 l6 l7 l8 l9 j1 j2 j3 j4 j5 j6 j7 j8 j9 m0 m1 m2 m3 a0 o9 o8 o7 o6 o5 o4 o3 o2 o3 o4 o5 o6 o7 o8 o9 a0 a3 c2 d0 a9 a8 a7 a8 a9 d0 c2 a3 a0
20
a3 b3
a9 b4 b9
l9 p4
p3 e5 e9 i1 i2 i6 k6 l0 l1 l8 n0 n5 n8 o5 o9
o2 p6
p8 k7 l2 l4 l7 n6 o0 o8
t9 b1 c6 c9 e3 g1 g3 g4 g5 g6 g7 g8 g9 k0 k1 k2 k3 k4 l9 n1 n2 n3 n4 n7 n9 o1 o3
p2 b2 c0 c1 c2 c3 e4 e7 e8 i0 i3 i4 i5 i7 i8 i9 k5 o2 o4 o6 o7 p0
j2 p2
o3 b5 b8 p7
p7 k8 l3 l5 l6 p9
b5 c4 c5
j3 p1 p3
l8 p5
p6 k9 p8
a7 b6 b7
c6 c7 c8 e0 e2 e6
n1 g2
d0 e1 g0
a0 b0
