Soda loc3 loc64 loc199 loc179 loc195 loc43 loc27 loc197 loc27 loc43 loc50 loc83 loc50 loc43 loc27 loc164 loc47 loc87 loc192 loc170 loc196 loc185 loc196 loc170 loc192 loc87 loc47 loc164 loc27 loc43 loc82 loc129 loc17 loc23 loc74 loc13 loc34 loc189 loc34 loc84 loc167 loc84 loc34 loc13 loc74 loc23 loc17 loc129 loc92 loc57 loc157 loc57 loc92 loc43 loc27 loc77 loc173 loc174 loc56 loc159 loc110 loc69 loc110 loc159 loc56 loc77 loc27 loc43 loc104 loc163 loc42 loc171 loc42 loc163 loc104 loc43 loc27 loc169 loc111 loc30 loc39 loc198 loc39 loc30 loc111 loc128 loc111 loc169 loc27 loc43 loc179 loc58 loc53 loc25 loc106 loc172 loc6 loc172 loc106 Soda
20
loc199 loc151 loc36 loc6 loc145 loc77 loc41 loc126 loc185 loc30 loc24 loc8
loc198 loc57 loc59
Soda Soda loc45
loc189 loc121 loc163 loc35 loc9
loc69 loc84 loc188
loc171 loc13 loc171
loc58 loc75 loc142 loc10
loc157 loc79 loc55
loc172 loc65 loc199
loc6 loc83
loc167 loc22
loc83 loc14 loc189 loc72 loc156 loc11 loc183 loc26 loc194
loc196 loc154 loc155 loc109
loc197 loc34 loc74 loc17 loc88 loc167 loc97 loc157 loc137 loc80 loc64 loc3 loc53 loc193 loc165 loc128 loc192 loc95 loc114 loc180 loc181 loc38 loc170 loc39 loc103
loc185 loc94 loc32 loc101 loc15
loc128 loc23 loc40 loc20 loc42 loc106
loc195 loc82 loc90 loc50 loc118 loc138 loc58 loc140 loc172 loc28 loc111 loc51 loc146 loc141 loc100 loc131 loc173 loc107 loc61 loc136
loc173 loc122
loc192 loc37
loc174 loc25 loc147 loc7
