0 2 0 13 104 3 92 177 33 177 92 100 73 112 81 140 124 47 124 181 28 125 14 125 12 10 12 23 117 1 113 30 9 98 8 131 80 173 11 173 80 109 133 4 133 36 46 138 63 21 6 157 69 157 16 24 16 157 144 27 144 0
24
9 10 22 26 35 39 77
12 13 21 66 67 78
27 28
33 34 47
13 14 54
8 9 90
1 2 16 19 94
0 1
11 12 49 58 62 93
63 18 20 36 40 41 51 52 61 64 69 83 84 87 96
47 48 71
3 4 23 46 60 89 97 100
10 11 27 50 59
6 7 31 68 81 88 95
28 29 45 63 65 75
4 5 6 8 42 43 53 56 57 73 82 85 91
36 37 38 76 98
73 74 86
2 3
24 25 72
23 24 79
14 15 30 33 44 80 99
69 70 92
16 17 32 55
