48 153 37 22 169 74 66 191 96 181 113 182 94 140 175 165 28 170 3 65 197 61 173 163 72 186 72 86 1 86 176 196 162 189 178 177 178 194 157 194 193 52 156 0 32 185 139 6 68 48
23
196 154 56 109 135 136 190 90 164 64 9 156
163 107 11 191
1 73 93 149 175 186 29 125 155
153 167 113 101
189 143 79 2
66 126 145 194
173 42
175 46 78 53 55 120
197 157 115 66 38 110 163 103 193 171 165
191 185 119 39 87
48 48 10
157 118 60 58 67
6 141 133
52 181
181 85 123 16 7
185
182 151 182 25 36 88 40 69
170 177 34 148 147 21 117 138 52
177 20 176 84 108 170 98 129
0 199 197 196 5 19 35
186 158
169 23 180
165 152 179 3 137 74
