evdoyagqfp xftptyrlvl qbiylslccb iwdghbmiai sjtuxgdwms oddoubpfzn cdqkyomyxw vkrlpmybdj lndsfxewdc khisjiexts zpybghfdbe pwgublhwxg pymtnhypxd jrmlkfexfk seeyrseflx hkempoemlv seeyrseflx xeigbnzhbj hadchvmijq xeigbnzhbj oggftsricu xywdziunpr vugkhjygfe zumetrybth tvuprbwofb opmnfgpclg qxuqrfzzob gllungmori qxuqrfzzob opmnfgpclg bpbbtoptwg rnpokwoqgt oownpsyviv oavtmpaqji ichabbvkhm zjbarjhmau uqoafoloje cttlxdtaiw zmfuudfatm afortwurqt ahqdrcepub wtyqwjwskq siatqqydwf ytidnmibdj owusjcmdkp sinegnctim jfccyptuug uddkspyqjc yiwwdwbzth ixyurvbpvu qepegujmaa koawdpgqdx qepegujmaa kgktiatgjn epdwcjuvdr eooyfwmxln epdwcjuvdr wynbxuuxru qzdrdcxoib wynbxuuxru oegfbrwyrp xqwyvbvueh tvcolajnao smwxdupkdv jqtguzxxsl xftptyrlvl fxuhthwjjp xawkqmfmmx evdoyagqfp
25
gllungmori qxfgqgbbdn lnicnhmajr uhalgukdzb hsjqtjkukk etdxtwotzh psiebvskfb ahqdrcepub wynbxuuxru lkvtxfwozs eqdxeqvtsb
epdwcjuvdr euqbrkzdsw cpwyxulkjm zmfuudfatm lndsfxewdc
vugkhjygfe vugkhjygfe kvxwqiryyu hofbtczdgp xnppuesbrr ouxenssqdu ymvlfsdhbu ivgbjyugdu
xawkqmfmmx smwxdupkdv bimtbhwsby
hkempoemlv xqwyvbvueh
koawdpgqdx bbczvyonym
iwdghbmiai ldnozwuuuq afortwurqt ivugtsvtqb
zmfuudfatm jrmlkfexfk vfdsalrajq cttlxdtaiw tgkujfknod qxuqrfzzob oegfbrwyrp scesbtewjx eooyfwmxln bulywvvpni
vkrlpmybdj qgfchcatzi xawkqmfmmx oggftsricu mdyuzxshey tvcolajnao rkyixxpcbx seeyrseflx pbefrggyje optviwhmbr xywdziunpr nbjyrygtdh
fxuhthwjjp byyqgjwsrp osdeymjeil aokbiptbzc
wtyqwjwskq jrusiskazm itbfnxnauh bnmegnfgii
evdoyagqfp evdoyagqfp hkempoemlv
zjbarjhmau bbwcqzwyoz
zpybghfdbe wkwwcqjtxf fluzhooehk
rnpokwoqgt qiqnnrlapz wwqchwdmtx qfbvncxldf qpxtrjvxpe uooysjrxsb stdiixwrjc vnzypgtlkj afrdrejwtp
yiwwdwbzth tmatbexcil wtlzrefwav ichabbvkhm lcrihrmoqu pdljcbluhp kijbyyuzhd tgbmxdmvwe pcilmgdrgc
tvcolajnao aruwdskzta
hadchvmijq xkasbvrrxd
zumetrybth kgktiatgjn gucdicwxmb xwrvhrxnqy guuudgvhny zivwgfcxqi qepegujmaa nwlccbonas
jqtguzxxsl xguvjomcdt
ahqdrcepub kyrhqthnvz rnpokwoqgt gbdejcnknd
qzdrdcxoib tmrnpjqnxx vkrlpmybdj bswhowadhl kvfpaspidv
eooyfwmxln oavtmpaqji voaumgrcuj xychpimpzb
sinegnctim yiwwdwbzth mysadifwma fdgcygwgjf
wynbxuuxru xifuopshzj
