0 190 192 191 92 91 92 90 185 188 185 155 157 155 120 122 120 47 183 180 95 97 96 97 163 160 162 161 162 160 137 166 167 180 182 181 182 189 194 199 195 197 196 197 195 198 195 184 169 170 130 0
24
169 37 104 116 2 102 65 47 172 138 118 160 168
166 131 17 79
161 139 101
183 43 113 179 20 152 39 123 52
130 192 99 181 161
184 186 166 28
96 197
170 3 159 189
192 87
198 132 184 57 35 41
91 134 82 180 97 30
0 27
122 124 38 25 55 110 78 133 135 129
190 68 122 128
160 91 108 187
188 95 105
197 66 16 145 11
189 12 100 154 67 58
194 149 94 92 183 69 42 125
196 54
157 74 56
195 36 64 148 114 142 44 72 144 195
199 15 13 136 182 32
181 141 120
