loc0 loc193 loc13 loc157 loc49 loc157 loc4 loc129 loc3 loc183 loc6 loc186 loc87 loc159 loc24 loc177 loc105 loc42 loc133 loc97 loc142 loc7 loc169 loc143 loc8 loc107 loc17 loc179 loc98 loc125 loc23 loc176 loc14 loc185 loc32 loc155 loc5 loc164 loc2 loc128 loc74 loc110 loc11 loc110 loc74 loc128 loc146 loc109 loc127 loc55 loc172 loc82 loc172 loc162 loc9 loc171 loc27 loc135 loc36 loc135 loc18 loc153 loc1 loc163 loc10 loc190 loc130 loc0
23
loc4 loc5 loc51
loc24 loc25 loc36 loc45 loc54 loc70
loc36 loc37 loc91
loc5 loc6 loc35 loc42 loc44 loc66
loc13 loc14 loc32 loc41 loc59 loc68
loc82 loc83
loc6 loc7 loc26 loc30 loc46 loc55 loc60 loc69 loc78 loc85 loc92
loc17 loc18 loc52 loc61 loc90 loc97
loc1 loc2 loc20 loc21 loc22 loc40 loc65 loc67
loc7 loc8 loc29 loc58 loc75 loc82 loc84 loc88 loc94 loc98
loc8 loc9 loc48 loc64 loc99
loc0 loc1
loc49 loc50 loc77 loc86 loc95
loc3 loc4 loc39 loc47 loc80
loc18 loc19 loc56 loc71
loc2 loc3 loc49 loc73 loc74 loc89 loc100
loc27 loc28 loc34 loc53 loc57 loc63
loc11 loc12 loc16
loc14 loc15 loc17 loc24 loc31 loc62 loc87
loc42 loc43 loc72 loc81
loc32 loc33 loc38
loc10 loc11 loc13 loc23 loc76 loc96
loc9 loc10 loc27 loc79 loc93
