99 176 188 105 131 159 164 95 183 143 192 196 54 135 101 195 23 165 191 59 64 190 16 197 162 0 136 187 107 193 198 199 154 167 58 99
23
136 9 30 34 35 59 97 146 168 169
154 26 78 165 192
195 17 18 41 83 167 181 186
183 12 28 40 42
143 33 47 55 66 112 124 125 151 155 174
188 61
176 122
197 4 8 27 75 94 171 172
165 103 163
0 0 80 114 148 184
193 63 98 149 160 178
196 20 51 166 173 185
191 90 92 130 131 164 188
164 24 53 100 126 158 170
167 10 39 68 106 161
187 56 88 117 132
59 123
99 99
135 25 102 119
198 1 5 22 142 183
192 150 190
199 15 70 180
190 73 82 111 127
