loc189 loc0 loc41 loc67 loc46 loc4 loc13 loc47 loc5 loc18 loc6 loc51 loc19 loc7 loc14 loc24 loc11 loc3 loc23 loc32 loc15 loc2 loc27 loc1 loc189
24
loc23 loc94 loc111 loc129 loc0 loc22 loc108
loc41 loc65 loc70 loc37
loc51 loc95 loc163 loc148
loc19 loc147 loc165 loc185 loc34 loc131 loc112
loc18 loc23 loc47 loc85 loc127 loc16
loc3 loc180 loc139 loc77 loc74
loc47 loc142 loc58
loc4 loc188 loc54 loc69 loc83
loc11 loc128 loc39 loc153 loc164
loc46 loc156 loc79 loc145
loc7 loc55 loc190 loc53 loc62 loc50 loc101 loc114 loc73
loc24 loc191 loc159
loc0 loc88 loc158 loc125 loc119 loc59 loc20 loc100
loc13 loc194 loc96 loc146 loc18 loc177
loc6 loc104 loc168 loc150 loc11 loc135 loc162
loc14 loc109 loc40 loc154 loc26 loc17
loc1 loc61 loc36 loc113
loc2 loc172 loc184 loc76 loc169
loc32 loc15 loc4 loc136 loc98 loc66 loc86 loc183
loc5 loc25 loc78 loc31 loc152 loc133 loc195
loc67 loc117 loc27
loc27 loc161 loc38 loc32
loc15 loc41 loc143
loc189
