0 1 69 71 73 74 75 76 77 78 79 80 81 83 84 85 86 87 88 89 88 87 86 85 84 83 81 80 79 78 77 76 75 74 73 71 69 1 0 2 3 5 6 7 8 9 10 20 21 23 24 25 26 27 26 25 24 23 21 20 10 9 11 12 13 15 16 17 18 17 16 15 13 14 13 12 11 9 8 7 6 5 3 4 28 30 31 32 33 35 36 38 39 38 36 35 33 32 31 30 28 4 3 2 0
22
39 154 25 5
4 198 199 59 176 29
87 15
10 79 163 61 80 50
27 158 4
32 73 44 10 93 108 175 58 136 107
36 21 42 90 26 137 19 69 52 24
7 167 27 129 13 1 78 195
18 35 94 45
0 0 76
8 100 91 148 65 188 2 62
16 191 131 170 113
12 14 128 166 18 17 153 63 120 121 172
13 39 95 147 183
6 57 31 77 141 11
89 134
9 146 96 82 150 74 159
17 181 66 38 118
3 132 196
14 54 68 83 168 140 101 9 22
1 142 75
88 51
