woebegone encumbrance thoroughfare cowhand explosion cowhand walkout cowhand woke McCall funny wingspread funny transpiration clash Scotty thirteen transonic yogurt softball archive swingy MN noon midstream Amtrak wafer stanza numerology yin numerology viscous numerology slowdown woebegone
21
transonic Hewlett McCall bifurcate
yogurt Simon babysat bat choice softball trimester update
wingspread Auberge Curtis Winchester Zorn felony midstream renaissance thirteen viscous
viscous Fisk PDP Sunday illusion stanza
Scotty car
thirteen December Durango Isfahan catenate embroil relaxation transonic
Amtrak Andersen archive oriole papal septillion swordfish
thoroughfare Wheller barnacle yogurt
swingy Modesto anvil swingy whatsoever
woebegone yearn
explosion funky icon sinh spill
transpiration Stephen administer exothermic explosion griddle monotonous shovel wingspread
walkout bunch directory millennium slowdown thoroughfare
wafer Rodney mack postscript sphalerite tate
stanza extrovert mitre
softball backplate deduce diligent inform secondary transfuse
yin Goodrich casserole fulsome funny imperishable involuntary
noon Gilmore Irvin Reilly dull limitate numerology silage simulate
midstream Darwin Vega equipping
slowdown broil connubial noon
woke Tucson coarse dreadnought mediate
