Loc151 Loc0 Loc8 Loc73 Loc12 Loc142 Loc20 Loc140 Loc9 Loc22 Loc23 Loc7 Loc19 Loc10 Loc2 Loc24 Loc1 Loc5 Loc17 Loc15 Loc6 Loc13 Loc77 Loc16 Loc128 Loc3 Loc41 Loc40 Loc151
23
Loc22 Loc147 Loc20 Loc118 Loc194 Loc173
Loc3 Loc16 Loc54 Loc99 Loc163
Loc1 Loc49 Loc34 Loc68 Loc85 Loc104 Loc21 Loc72
Loc0 Loc55 Loc184 Loc66 Loc3 Loc171
Loc16 Loc27 Loc110 Loc59 Loc165
Loc19 Loc7 Loc124 Loc33 Loc52 Loc181 Loc138 Loc182 Loc123
Loc9 Loc109 Loc172 Loc131 Loc17 Loc15 Loc190 Loc183
Loc17 Loc93 Loc62 Loc89 Loc142
Loc10 Loc170 Loc130 Loc102 Loc117 Loc141 Loc128
Loc15 Loc77 Loc36 Loc24 Loc126 Loc180 Loc58 Loc135
Loc41 Loc115 Loc13 Loc70
Loc13 Loc41 Loc154 Loc185 Loc43
Loc5 Loc94 Loc48 Loc96 Loc38 Loc65
Loc2 Loc4 Loc134
Loc20 Loc127 Loc120 Loc187 Loc158 Loc111
Loc7 Loc47 Loc156 Loc122 Loc148 Loc57 Loc125
Loc8 Loc160 Loc2
Loc73 Loc32
Loc23 Loc98 Loc92 Loc161 Loc101 Loc166
Loc6 Loc177 Loc50 Loc167 Loc61 Loc28
Loc40 Loc195
Loc12 Loc6 Loc46 Loc157
Loc151 Loc151
