1 8 46 144 46 7 30 27 140 27 17 60 17 11 142 11 47 141 47 21 138 21 5 24 45 122 45 10 4 118 4 2 29 129 29 41 137 41 3 16 133 16 1
23
11 59 71 81 133
24 72 110 129 137
5 53 77 96 143
118 83 93 99
137 73 76 98 111 117 123 125
16 64 86 88 104 120 121
140 65 80 100 101 105 112 126
4 52 74 124
144 82 92 102 107 118
8 56 57 70 97
30 54 78 128 131 134
122 122 132 140
60 108 114
3 51 63 119 135 142
10 58 136
141 69 127
133 60 79 94 109 139
7 55 61 84 95
1 49
138 67 75 85 87 91 130
129 106 116 138 141 144
2 50 90
142 62 66 68 89 103 113 115
