g3ylJsdLuC idQHxtSnxr 0mnwiU4XrT 0SQlBVJ1YY oWmQcQwHPo 2eMl9AO5o8 Qbef1n83yE 5gZkkIkl56 1KJyArncTt tubjzjzUpV 8ZKCAWlImg z9nRKYQ1ub AL20k9yp9D Pijq8aHqIR s3eMpsYH00 oIVQ2qkgnR JD3uem81Lg r8njDwxc2t WRgtAPt4eZ r8njDwxc2t euuICgBLD4 sxXDJEzMkM wiMdNn30Xd oEdovEhrWM CUEWGmB7Gt WCfxK7Y8pw CUEWGmB7Gt oEdovEhrWM WYEDqSuNRX 723MhcLxt0 1QXjsHNYao vajlhYBumL dC48GQHGzO oCk2Yieytb uqBwmUCwgE u4FAx2sHZm g2I4si69gU MXIvZpEPtW 4znnlMjVra RxW7o7Y2pP 9ZP8NtfLqm RxW7o7Y2pP 5hWe1EOa3M IA0Uf143OT mwzQG3SxnO 97ZNlakBoq TSSOUimHPg BUMLJo6sc3 idQHxtSnxr g3ylJsdLuC
22
9ZP8NtfLqm Pz3egMzKU8 Oiowits7js oIVQ2qkgnR IA0Uf143OT fecMfiAuGC JD3uem81Lg mwzQG3SxnO emYRLTiyj9 x7iq98BiN3
uqBwmUCwgE lfdanPGo3c TBzLS0OAYU idQHxtSnxr mbSdju1TJK FvzkpZRSj8 2OsmeZV9xh
WCfxK7Y8pw oWmQcQwHPo t25XjDwQhD oVMPVsMWrZ srT70dfQEr fXy828RCG4 1QXjsHNYao
g2I4si69gU YpRs8m6oyX LeZK9UvMT9 2O61j91J3T RN0bCAV6rQ vUu8ijgxxf LCKLTNE1vp 2S929yZddP u4FAx2sHZm
Qbef1n83yE WvFZJEkTrw KHDeTTvJC1 YAqGe4tKAP
0mnwiU4XrT S8BtTu4yH9 97ZNlakBoq
oCk2Yieytb Q1N77BLmyb oEdovEhrWM 0mnwiU4XrT 7g0Idy1nzK jBYJ7v19BQ
s3eMpsYH00 z9nRKYQ1ub 03xK87sjTf r8njDwxc2t pk0Vh75DnH TP2TNyk7wl BUMLJo6sc3
0SQlBVJ1YY 12ECENJIev yvMowGbkvn
1QXjsHNYao QrJxLpX875 KUJdxKVZFO KpxiCfRqh3 QTNhZIciNJ 8KtuAXHUy3
mwzQG3SxnO XW1Wn7EqpN uvoepIQg9n 5SSy593K31 g2I4si69gU yky49wE4YG M2hatQPY96 dj8JMfo3hX K05xB79KZo 4znnlMjVra TyL7NE2puV
z9nRKYQ1ub XlU2fx0ZPn
RxW7o7Y2pP s3eMpsYH00 bhojeHeddF WRd4lScvm6 WAi18jd2vJ BNkM7qaRNw qnkfLCmfDn yU6iUY8YgO
BUMLJo6sc3 nKHFs5cKTX
WYEDqSuNRX uIf3wnJUdn u4LnQNaaiz bsEkAY2K41 aEo62SfMqH Tk8ERvdKxF
TSSOUimHPg qjDSEKmZMW
oWmQcQwHPo CUEWGmB7Gt WcyuqGYOzU 1TfvXd6dPZ gZXiityEnU tubjzjzUpV bWDewy6WbV biWuM2iRnz
97ZNlakBoq oCk2Yieytb Pijq8aHqIR GQ4F0g3Mdj xtp1B5q0W1 dMOAUqH7Z3
WRgtAPt4eZ jPXsbXPNMq wRn7Oi1bcW
1KJyArncTt 0wTk0mYkLH CxfzSa2YOV IT4pKw3giW Pv5LMSkQii
sxXDJEzMkM h5Si5BAPN0 CSjLrGbUz3 723MhcLxt0 onlLq65Azx 0hs3CNDF4L
g3ylJsdLuC
