1 1aF 1aH 1aJ 1aE 1bI 1bE 1aK 1aV 1aQ 1aJ 1aW 1bN 1aU 1aI 1aD 1aC 1cL 1aA 1aO 1aB 1bM 1aL 1aZ 1aJ 1aM 1aG 1
25
1aM 1aS 1aX 1dF 1dT 1dZ
1aO 1aU 1bV 1dG 1dS
1aU 1bA 1bH 1bN 1bX 1cJ 1cR
1aZ 1bF 1bR 1cE 1cP 1cT 1dV 1eE
1aJ 1aP 1bM 1cC 1cN 1cU 1cX 1dW
1bM 1bT 1cB 1eF
1aW 1bC 1cZ 1dI 1dN 1dR 1eH
1bN 1bU 1cO 1dH 1eB 1eD
1aF 1aK 1cG
1aL 1aR 1aV 1cD 1dC 1dE
1bE 1bL 1bY 1cK 1eA 1eJ
1aV 1bB 1bK 1dP
1aE 1aJ 1bD 1bJ 1dJ 1eG
1aI 1aN 1aT 1bG 1dM
1cL 1cW 1dY
1aB 1aC 1cI 1cS 1dA 1dD
1bI 1bP 1cQ 1dK
1 1 1aA
1aC 1aE 1bE 1cY 1dO
1aK 1aQ 1bQ 1cV 1eC 1eI
1aH 1aM
1aQ 1aW 1aY 1bO 1bW
1aD 1aI
1aA 1aB 1aZ 1bS
1aG 1aL 1cF 1cH
