153 165 11 168 150 134 62 129 141 129 157 87 50 171 45 155 61 155 60 112 179 193 148 65 38 199 191 101 102 37 160 55 146 181 117 135 75 33 31 89 114 153
24
129 86 70 42 35 134 43
199 168 16 172 138 179 50
171 127 119 61 169 147
31 113 120
65 26 68 135 40 161 146
150 118 37 99 171
141 187 152
193 58 160
153 153 178
37 182 129 36 79
33 196 197 52 194 184 136 20
87 150 21 3 47 93 56 74 177 77 170
102 95 128
114 126 98
191 137 167
61 81 96
62 29 2 124 4 41 19 83 195
55 12 156 188 23 108
11 60
179 89 163 88 131
181 145 90 8 122 5 28
45 49 53 0
112 140 13 192 180
117 15 112 11 7 34
