htb26qt x4ueofmzt 2akx591l5c kwtb3cg 9lvbrlgk 52a3fj2zh zhyb5y 3khitn6 x73l73jp dlkmpx yr44oj2 tfiihyy 9tdu9g 1jhmm8m85 e7lxs bu6z3q 1ebc3 zou7sx9w 6evi4pv yjl4q4l 6u4omh ht1efrhmh ysiw8m4l yg6hizqty 2hzpyd itbc25it1yep b8apl2kn htb26qt
21
yg6hizqty ht1efrhmh
6evi4pv g2g6fxcwr2l og6n7bgq8h 4ka6l1c8w euhqqqmdpe aplkk57cpzm h1gz5hzz art44ncra 1161ildqnj pwqxinlzb3s
2akx591l5c l8yypbh vrem3ey3kg44
bu6z3q 9oii82xaa obabms
1ebc3 gd5ct4 mw8g2qjo1 3khitn6 vl6czuab ilaz9q hyc885fvjls
zou7sx9w 7pbkkbbpw x73l73jp
x4ueofmzt ay5sahonq84
itbc25it1yep yhvc7zg ushjdkdhm9
3khitn6 yhp7wbv9 7hz6j8 itrx5fucdq yg6hizqty 6u4sf1gi hwu8dv9jgknbm kwtb3cg 52a3fj2zh fej54ps5j
52a3fj2zh ozag34bm9 dlkmpx pt2n7hl kxhc6t8tu i6lsw66h grn3uqx9y 4w6uhigzl 8gc7dka8lfy a5u8g4sej
6u4omh iffsi tjwldi 9lvbrlgk pmyqr ysiw8m4l mucolb1r e7lxs zjh83ae q42s9z886w5 yx6dguko s9vu9xx884 hc2hf5t8 37v6d 59yzvtv
kwtb3cg ynuam4f8 tu8xxomxhi 812l47wm piawzpgtzz9
yjl4q4l dt4ljfgjkizpq
b8apl2kn 1jhmm8m85 8m3pascg
e7lxs y3eg7gqq6 nd9xavj nm7ud k3qywmpr 87jxa hq5mh8mi
1jhmm8m85 p9mtts 9egqgrh7x4e
ysiw8m4l uzsjpl5f5 yr44oj2 1ca2x2cnc t4iedm
dlkmpx zou7sx9w 5stwoup ic2r4blmm9 f92ere3 8jea4n4ez
ht1efrhmh txlltgki 6k7du
tfiihyy wqkqf
htb26qt
