index155 index180 index153 index199 index112 index171 index176 index190 index19 index169 index72 index186 index117 index89 index194 index183 index60 index148 index182 index167 index197 index165 index91 index188 index196 index163 index76 index192 index150 index0 index198 index82 index193 index155
25
index188 index21 index50 index109 index126 index130 index169 index190
index171 index10 index159
index76 index31 index56 index90 index108 index128 index137
index183 index40 index196
index153 index86 index121 index142 index152
index169 index15 index58
index150 index11 index69 index198
index198 index22 index96 index106 index107
index196 index18 index20 index62 index67
index117 index52 index112 index129 index144 index167
index197 index9 index14 index47 index99 index143 index157 index158
index199 index30 index32 index55 index124 index131 index133
index163 index24 index27 index87 index92
index193 index4 index199
index194 index141
index190 index63 index66 index110
index165 index81 index89 index100 index116 index170 index172
index148 index42 index95 index125 index134 index150
index182 index26 index37 index60
index192 index23 index44 index115 index186
index0 index3 index97 index164
index167 index6 index49 index83
index186 index5 index19 index39 index114 index156 index165 index174
index176 index17 index25 index57 index88 index113 index118
index155 index155
