hC71hIuyRaST3AiaSZqg cXmjc3Wu4kjM1IHGgfA5 KkJFwKldxLItiBZ9EoaZ EEWjQ3rZ3GM9oucA2vc5 kITtdSORrLGuHqAl2YGb VkEnPX1CQCoh4CxlXSlf ZUt08qPkISJA3VT4fdsK 5doygtE58PVlrfBbaaxD Wvcwm6VpeYnZXpTH3IZP Z2YJKymsE6JEohxl2CgC uwYFKqdXzHrDjwNLVxGZ 3MmCPAjYheu6g9TkIxDm yMXdJdorJpzOHHt9uIfg D3gODzQIzHZRe5A487BX PFAHK1LPbENiUm01N8B0 EfhuR5UGBxqkoqdQBn2E fzCA3w8Mu664WC0yRZb5 MCc3yEIO8tXzzu5ZknlT 9WdSftrlWeJdclTkQ4Ss mkGdh9qd7uj9x5W3Koxj PqB0lgs9Brze4wJGQzAM FE29I03FH1qEyEvIQNGT qsQI3bptDcBOGz4nQEL5 EqrhH8oFQmMRN10foGjV z0rRwRZbA1TaaAgS8PYu h52UeNen88U7Y4iFuOF7 1uTE034Q24DWmybWBbX4 RNtZ6m1O9hQj2ovJiJE3 6KcltWtleWJ6izN3XL0F yXrak2UUHdgFCsCWvgfp oakCd1HozhO35GtImcF2 yXrak2UUHdgFCsCWvgfp fm9EBymrV0VSOljfjrTQ eULKHiriYHElwEbrQo2X XzID4BBPQnOnz9XMetpC lrXvsaItMucJuqzZylSg hC71hIuyRaST3AiaSZqg
25
9WdSftrlWeJdclTkQ4Ss bw0K7NVh1sgqlnescYkX jLS4UljOCe6h8LwAOGRX 2TderjwrXrNV2UBZ77eD oakCd1HozhO35GtImcF2 RNtZ6m1O9hQj2ovJiJE3 7DZfG4yobV0xCcSaxf27 UQEmoPmHSH2FlTDuXOEx
XzID4BBPQnOnz9XMetpC NqvNOj5h3GSbJm5NawjL mkGdh9qd7uj9x5W3Koxj Ca5sYccbD9TUz7JLHrcf
MCc3yEIO8tXzzu5ZknlT DmIjX4adnoqSEDmx2f39 OAcbYkMyAi1Iu0vWaaFc 1ae7bJScGomdGEdgag5b oq1GulTWdKtwAlNIQxnY qyWH5Ui5kFJGpXM7i2RZ cXmjc3Wu4kjM1IHGgfA5 yXrak2UUHdgFCsCWvgfp PFAHK1LPbENiUm01N8B0
qsQI3bptDcBOGz4nQEL5 5doygtE58PVlrfBbaaxD v0QCMKnmfkXllH4nQHen
5doygtE58PVlrfBbaaxD Mi1upMhcgP7iV16OWKN5 6jnt0RQvUBeXBhrLOwzh EEWjQ3rZ3GM9oucA2vc5 gZiMcGUkLd8qaWleLH1T 2dfprAgHp3T6RrgooKgP
FE29I03FH1qEyEvIQNGT JuSdCG8HSUzwufkmRvTN 1wSeohNTb1oCspxe2x4j z0rRwRZbA1TaaAgS8PYu b9q1t3OMZ6dXE5R6ca5w
6KcltWtleWJ6izN3XL0F 63EFNMvLteBrV7Lj9nA4 wqyhoOJuJuNfuZ1c9ZhU g5fwwkfUKem4JdibLkXM sCcEFmBkhTop4sycKzuM eULKHiriYHElwEbrQo2X Mufarp9xGx29xj0P1ijS 24YcTAlCtPoNC11H3BAQ 2QgUKFj4HV0dn5Ia55tj
uwYFKqdXzHrDjwNLVxGZ fuNQ8Sfy86k6zaBQjwEz IC3wlDskAWyf0o1M61kl nOsoIFzZBhdd6bjP45Ba
3MmCPAjYheu6g9TkIxDm 2YL9dYowMkTTxjU0fVal rW1b1NT9NaRlIIxoT8XF
cXmjc3Wu4kjM1IHGgfA5 xtgYSd34f56WAH3CCBpW NWAZrSnr0i1Dj5TA6dLc QHOT9LWV0s6xVVreglDh
RNtZ6m1O9hQj2ovJiJE3 fzCA3w8Mu664WC0yRZb5 COVfDobG5VcfcSxLDUch 4MuL6AbQo2ozZ4x7psrd 468JV90VoJDfHRf7bwGC
EEWjQ3rZ3GM9oucA2vc5 TrUW9m3qjkTMvqHNRot0
D3gODzQIzHZRe5A487BX 3MmCPAjYheu6g9TkIxDm RDnAjQbgrCahBSBieO1p 6KcltWtleWJ6izN3XL0F zbsjvfwSdNExCnTFLo8x aGWdv30UuUFiszMErlJF kuIwHVHn49UEM4TprHKr QYsTJmc2IUi36H1YK47s dsEyS8WvuzfBZPrbbzZx
eULKHiriYHElwEbrQo2X OLGSBuAPLZmdhTN6ApoS 1uTE034Q24DWmybWBbX4 LI8fhHKJlh7mQx1nNK0m
EfhuR5UGBxqkoqdQBn2E EqrhH8oFQmMRN10foGjV nnG2z19YXqYOoAxMQkFV VkEnPX1CQCoh4CxlXSlf vXrEXAmThLoQVXFImZcg
mkGdh9qd7uj9x5W3Koxj 8IUV6HBSYn47shRwVW5F lVjpvSHc5hBrS7dzTmI1 Z2YJKymsE6JEohxl2CgC
KkJFwKldxLItiBZ9EoaZ laRDyozSdXcFtmdQ5VqD WgneGAZv4qtDq8Q5DYZf 1Oc2bGjHzXrMLiYLik5Z 8w6JkwNghwwfzVWZlMG6 t9sTQNaMU9o2HF5pm7xT g6Fit1BcwBIbAAJnBKGn
yMXdJdorJpzOHHt9uIfg ddzqPXECnHQT4a4RIpSF ymIUUgCvgB7r5le0Mh11 P6PcaiimLTne6w5m7SJi qsbRHSDlSHG3Ep5gugbq x81SdeDfzbsk8wgCHcJT Wf6tYlitgmZKoXfughsS
EqrhH8oFQmMRN10foGjV Tgouk8HApNFShyYjQedR 72cxNTZ1Tw5teVGiR2xj
Wvcwm6VpeYnZXpTH3IZP R22TNV5lr1tmI44FcHvv KqTw626stjcdChciHrJ6 CgUyoeVDFzkf0g6EiF8w btiXecpJBKmrIHtQ7jPA C5aQkckiWq5qVUhbiI57
oakCd1HozhO35GtImcF2 RSJQdRAK7H6zYHVeXyPj yMXdJdorJpzOHHt9uIfg OBEPyJuvhH0Z9VoT2UNC
1uTE034Q24DWmybWBbX4 IWOalMs6IXX5Ln6F9Eov NXZByMrsstrrXRLxVcyg nmwnnNlPCMIjajSEo2R3 4wWd3kvalFkda9M583i7 FE29I03FH1qEyEvIQNGT
VkEnPX1CQCoh4CxlXSlf YygsiZkXDS9oQ07w4psX 61VEe5QpRdEG1AHTZmSn l5OFQGDhW1xJJ8ERuglz Dv6lwBgjbbZceuQXFzFf
z0rRwRZbA1TaaAgS8PYu W5rNQea9NsCafaUbLgWC
hC71hIuyRaST3AiaSZqg
