Chattanooga Nashville Irving Indianapolis Phoenix Indianapolis FortLauderdale Tulsa Memphis SanAntonio Tucson SanBernardino Denver Clarksville Jacksonville Mesa Dallas Mesa Columbus Miramar Honolulu SanFrancisco Honolulu Portland Chicago Washington Chandler Arlington ChulaVista Anaheim NewYork Reno Houston Reno FortWorth VirginiaBeach WinstonSalem Cincinnati LongBeach Omaha LongBeach Cincinnati Albuquerque LosAngeles Cary Austin Plano Dayton ElPaso Chattanooga
23
Nashville Paterson Bakersfield Honolulu Boston
Omaha Irvine ChulaVista
VirginiaBeach Lexington KansasCity Frisco
SanFrancisco Oceanside
Anaheim Anaheim Oxnard
Phoenix Lincoln Worcester GardenGrove Wichita McAllen SanJose SaintPaul Tallahassee Toledo Jackson
Denver Riverside SantaClarita Vancouver Raleigh Savannah Louisville Salem Orange
Houston Orlando DesMoines Cleveland SanDiego
Tucson Corona Shreveport GrandPrairie SantaAna Syracuse Hayward Berkeley Naperville
Jacksonville Phoenix Brownsville Springfield Spokane ElPaso Richmond Fontana
Austin Surprise Knoxville Buffalo BatonRouge Plano
ElPaso Tacoma Murfreesboro FortWorth
Dallas Aurora SanBernardino FortLauderdale LosAngeles
SanAntonio LittleRock
Washington Memphis Charlotte Waco Midland
NewYork Yonkers Henderson Denton SanFrancisco Austin Cincinnati Chicago Akron
LosAngeles Alexandria Baltimore Fremont Anchorage CapeCoral Boise Lubbock
Tulsa Scottsdale Durham Madison SanAntonio PortStLucie
Portland Washington Ontario Tempe Olathe Fayetteville
Plano NewYork Newark Pomona
Chicago Joliet Glendale NewportNews Indianapolis GrandRapids
Columbus Jacksonville
Chattanooga
