Porterton Wallton Derekmouth Charlesberg Weberbury Kimberlyburgh Weberbury Charlesberg Derekmouth Geraldside Michellehaven Ramosborough Michellehaven Geraldside Derekmouth Wallton Davisstad Newmanburgh Davisstad Wallton Danielleport Scottburgh Laurenbury Scottburgh Danielleport Cooperton Lopezborough Waltersmouth Adamport Waltersmouth Lopezborough Cooperton Danielleport Wallton Porterton Dianashire Burgessview Billton Banksburgh Yvonneborough Parkermouth Yvonneborough Banksburgh Billton Burgessview Marcusburgh Matthewburgh Bondfort Adamview Harrisborough Adamview Bondfort Matthewburgh Marcusburgh Tylerbury Marcusburgh Burgessview Williamfort Moodyburgh Gregoryberg Smithfort Gregoryberg Moodyburgh Williamfort Thomasville Lopezburgh Thomasville Williamfort Williamport Ashleystad Codyton Mindyview Codyton Ashleystad Williamport Williamfort Burgessview Dianashire Ashleyborough Paulburgh Robertsstad Toddtown Swansonshire Abigailhaven Swansonshire Toddtown Robertsstad Paulburgh Walltown Johnberg Williamshire Johnberg Walltown Paulburgh Ashleyborough Clarkberg Burtonview Clarkberg Ashleyborough Dianashire Porterton
23
Laurenbury Feliciaville Hodgesstad
Adamport Hansonbury Robinsonmouth Bondmouth Osbornemouth Danielville Shawnfort Clarkbury Priceville
Burgessview Haleview Ryanside
Smithfort Jermaineton Bakertown Taylorton Suttonville Vickiville
Moodyburgh Kimberlyburgh Candiceland Andrewschester Christyland
Harrisborough Patriciabury Abigailhaven
Kimberlyburgh Parkermouth Jameston Dyerport Tannerhaven Garciamouth Williamland Loweryborough Smithtown Thomasmouth
Dianashire Jonesfurt
Derekmouth Wilsonstad Cranemouth
Robertsstad Buckleyside Bradberg Robertomouth Smithfort
Parkermouth Patriciaside Adamside Rioshaven Gabrielburgh Clarkborough Shawnmouth Joneschester
Mindyview Brendaview Houstonchester Harrisport Clarkport Ortizberg Mindyview Clarenceview Jennifertown Watsonville
Lopezburgh Adamview Hallstad Kylieview Michaelview Christopherhaven Abigailville
Newmanburgh Leahmouth Maryport
Abigailhaven Thompsonshire Susanfort Byrdfurt Jacksonland Nealfurt
Tylerbury Adamport Mercedesmouth Williamschester Candaceborough Swansonshire Codyton
Williamshire Mirandaview Fordhaven Ortegaberg Annberg Williamshire Hallborough
Charlesberg Horneside
Swansonshire Dannyside Reynoldsview Ellisstad Holthaven Ramosborough Michaelville Millerborough Josephstad
Lopezborough Johnsonberg Combsville Jacksonview Harrisborough
Ramosborough Audreyfort Masseyside Adkinsberg Thomasborough
Burtonview Derekville Troyfort Calvinton
Porterton
