89 180 184 189 139 164 179 192 143 72 174 193 183 75 151 45 165 162 12 187 126 188 172 0 198 199 181 89
23
164 88 151 169 114 75 69 149 83 25 189 31 70
187 148 194 23 65
181 3
126 147
189 183 29 107 48
199 41
183 97 136
193 59 21 98
180 102 156
172 197 18 78 195 64 160 6 140
165 94 190 99 146 38
151 199 11 13 191
179 101 128 135 27 12 1 82
162 124 193 187
89 73 118
188 96 179 127 173 16 130 85 192
198 132 172 36 44 125 61 56 121 49
174 178 33 51 109 39 133 155
0 100 5 144
75 80
184 81 37 111 112 58 141
192 86 122 4 32 188 9
143 79
