dldkilltnmhfepsteins ldepsteinhmfnkillsdt killdepsteinmfltdshn ltnhmdepsteinfdskill killepsteinfdlhdtnms skillmfepsteinthddnl lnepsteintdfmdshkill fddsmepsteintnkillhl ldhtdkillepsteinfsmn shfnmltepsteindkilld tldmepsteindkillfhsn smfhndepsteinkillltd hsepsteinfkillnmddtl nsepsteinfmdkillhldt hnskillepsteintfdmld nsepsteinfmdkillhldt killshdlmftnepsteind tdkillepsteinsmhdfnl sdndhepsteinltkillfm killmdshdtnflepstein tsmdepsteinkillhfdln killldsfhnepsteindmt nmkilldepsteinhtldsf fstnepsteinmdldhkill lkillepsteintdshmfnd hdmndfepsteinstkilll killmdepsteinftshldn dnkilllmdstfepsteinh hkillepsteindtsfmlnd tdfkillslepsteinhdmn sldhnfmtdkillepstein tlkillmnsddhfepstein ddmstlnkillfepsteinh tlkillmnsddhfepstein dflhnepsteinsmdtkill epsteinhnkillsldfdmt killndmdtepsteinfhsl epsteinhnkillsldfdmt mkilldlshdtfepsteinn nfltdmkillsdepsteinh sfdnepsteinhlkilldtm killfthnmsdlepsteind tsmdepsteinkillhfdln depsteinlfnmkilldsht tldkillhsfnmepsteind msddkilllthepsteinfn dldkilltnmhfepsteins
23
dnkilllmdstfepsteinh mdkillnlsdtepsteinhf dhsepsteintlkillmfnd ndkillthdepsteinlsmf epsteinsnmflhtdkilld epsteinhdkillltsmfdn fmtnkilldepsteindhsl tdkillepsteinsmhdfnl depsteinslkillhdftmn ndshkilldmlepsteinft dflstmkillepsteindhn
killepsteinfdlhdtnms killmfndshdtepsteinl hepsteinnfdmlsdtkill mhkillepsteinddlfsnt sndldftmkillepsteinh epsteindkilltlmnhsfd dfkilllepsteinsnmhtd
killmdshdtnflepstein killhdfnsepsteinmltd killtdmsdfhnepsteinl mdkilllfdnstepsteinh dmtlsfhnkilldepstein epsteinhnkillsldfdmt
sfdnepsteinhlkilldtm ltfnsdhepsteinkilldm lsmftnepsteinkillhdd dhtepsteinkillsdflmn
hnskillepsteintfdmld tsdnhkilllmepsteindf mkillthfdlnepsteinds msddkilllthepsteinfn depsteinftndhmkillsl skillmfepsteinthddnl tepsteinhsdkillmldfn killtdslhfdepsteinnm nftmskilldldepsteinh epsteindmshtfldnkill hnskillepsteintfdmld thnkillmddsepsteinfl
msddkilllthepsteinfn mhdskillldftnepstein
tdkillepsteinsmhdfnl fhnmkillepsteinsdltd dkillnmhldstfepstein dfdepsteintlnskillhm dkillnmsfhtlepsteind
ltnhmdepsteinfdskill dlfdkilltepsteinhnms tldkillhsfnmepsteind lkilldtnmsepsteindfh dmldfhskillntepstein hmndfkillslepsteintd nmdhepsteinkilltfsld mkilldlshdtfepsteinn epsteinlmkillfshnddt
ldepsteinhmfnkillsdt tndskilldfepsteinmhl killdldepsteinmfsthn
tldmepsteindkillfhsn fddsmepsteintnkillhl fdmtdepsteinkilllsnh hepsteinntdkillsdmfl killdepsteinmfltdshn hsepsteinfkillnmddtl lepsteindnhstfdmkill thdlskillnfdmepstein ntmdhepsteinsdkillfl skillthlfndepsteindm mndtkillepsteindlfhs
killndmdtepsteinfhsl lhsntdepsteindkillmf depsteintkilllnmsfdh
killldsfhnepsteindmt dtsmdnlhfepsteinkill
dldkilltnmhfepsteins nepsteindhkillltmsfd
ddmstlnkillfepsteinh sdlhfnmdepsteintkill killhtdmdlnsfepstein
tldkillhsfnmepsteind hmdkilllnepsteinfsdt tdfkillslepsteinhdmn
fddsmepsteintnkillhl shfnmltepsteindkilld killfthnmsdlepsteind killtepsteinddhlmnsf dhmkillfdltnsepstein tepsteinmdfldhnskill dnldkillhmfstepstein
killfthnmsdlepsteind lkillepsteintdshmfnd ldepsteindhkilltsmfn
lnepsteintdfmdshkill fhdmnepsteindkillslt lmkillepsteintsndfhd epsteinfthkilldnslmd dlshdtepsteinnkillfm nfltdmkillsdepsteinh sldhnfmtdkillepstein
fstnepsteinmdldhkill sdndhepsteinltkillfm
epsteinhnkillsldfdmt fdskillndtmepsteinlh fmltddhnepsteinskill msepsteintlhnfkilldd depsteinlfnmkilldsht epsteinldtnfmshdkill lhepsteintndkilldsmf
tdfkillslepsteinhdmn mdkillntepsteindfhsl epsteintfhndkilllmsd slepsteinkillfmddhtn mkillldnhepsteinstfd killthsepsteindmlfdn dtnkillsepsteinmdfhl
killmdepsteinftshldn fsepsteindkillhmtdln
nfltdmkillsdepsteinh tsmdepsteinkillhfdln lepsteinkilldhfmstnd hnsepsteinmkillfddtl ldfsmnepsteinkilltdh
