start home187 start loc29 home103 home196 home103 loc29 loc56 loc85 home107 home199 home107 loc85 loc86 loc87 loc88 loc89 loc90 loc91 loc92 loc93 loc94 home123 loc94 loc95 loc96 loc97 loc98 loc99 loc68 loc41 loc12 loc13 loc14 loc50 loc77 loc78 loc79 loc80 loc81 loc53 loc81 loc82 loc83 loc84 loc55 home144 loc55 loc28 loc27 loc26 loc50 loc20 home155 loc20 loc50 loc14 loc13 loc12 loc11 home165 loc11 loc10 loc9 loc8 loc7 loc6 loc5 loc4 loc3 home179 loc3 loc2 loc1 start
22
home144 home149 home152 home181
home179 home104 home132 home158 home186
home123 home113 home141 home167 home195
loc90 home108 home136 home162 home190
home155 home117 home119 home121 home127 home145 home154 home171 home176 home178
home187 home101 home129
loc92 home110 home138 home163 home165 home192
loc98 home116 home120 home122 home123 home124 home125 home126 home144 home170 home177 home198
loc88 home106 home134 home160 home188
home165 home112 home140 home166 home194
home196 home103 home131 home157 home185
home199 home105 home133 home159 home187
home103 home102 home130 home156
loc84 home146 home147 home151 home155 home173 home174 home180 home182 home184
loc99 home115 home143 home150 home169 home197 home199
loc89 home107 home135 home161 home189
loc96 home114 home142 home168 home196
loc91 home109 home137 home164 home191
loc93 home111 home139 home193
start home100
loc53 home153
loc83 home118 home128 home148 home172 home175 home179 home183
