FortCollins Arlington Anaheim Antioch Bellevue Bremerton Allentown AppleValley Champaign Athens Lancaster Anchorage FortWorth Berkeley Birmingham Atlanta Manchester Augusta BatonRouge Appleton Aberdeen Albany Chicago BelAir Abilene Escondido Asheville Beaumont Bethlehem Albuquerque Davenport Akron FortCollins
25
BatonRouge Bradenton Fayetteville Joliet
Antioch Appleton Bethlehem BoiseCity ColoradoSprings Henderson Indianapolis
Aberdeen Aberdeen AppleValley CollegeStation ElMonte FortWaltonBeach Lakeland
Abilene Abilene Allentown Bremerton
Akron Akron Gilbert Inglewood
Appleton Atlanta Elkhart Eugene
AppleValley Arvada BonitaSprings Cleveland DalyCity Grayslake Hampton Independence Irving Lacey Lancaster Layton
Birmingham Cary Champaign DavidsonCounty Harrisburg Hickory Houston Jacksonville
Atlanta Barnstable
Anaheim Anchorage Austin Boise Lorain Lubbock
Champaign Fargo Kennewick
Albany Albuquerque DesMoines Kalamazoo Knoxville Louisville
Bethlehem CapeCoral Fairfield Leominster LittleRock
Albuquerque Alexandria Anaheim Beaumont Berkeley Danbury Harlingen Hemet
BelAir Brighton Chandler ElPaso Elizabeth
Anchorage AnnArbor Carrollton Garland Irvine
Asheville Bakersfield Denver Detroit Erie Fremont Lakewood
Bellevue Brownsville CedarRapids Dallas Evansville Fontana Frederick GrandRapids
Athens Baltimore Jefferson Manchester
Arlington Augusta
Chicago Fresno
Augusta Bellevue LasCruces
Berkeley Burbank
Allentown Amarillo Chicago Hollywood Lafayette
FortCollins FortCollins
