location34 location192 location183 location149 location195 location46 location186 location59 location190 location59 location138 location72 location179 location123 location121 location189 location63 location172 location198 location174 location137 location52 location154 location78 location199 location194 location79 location0 location79 location193 location92 location170 location176 location165 location40 location197 location40 location165 location185 location165 location125 location133 location34
22
location195 location155 location39 location157 location199 location76
location172 location68 location140 location192 location134 location119 location117 location114
location198 location52 location96 location24
location192 location120
location193 location197 location130 location162 location163 location109 location98 location187
location174 location23 location115 location47 location137 location91 location125 location175
location154 location71
location34 location34 location161
location190 location15 location38
location197 location149 location143 location12 location151 location180
location0 location46 location28 location158 location64
location199 location89 location181 location170 location54 location3
location179 location111 location79 location174 location188 location121
location133 location11 location107
location186 location86
location189 location72 location177 location131 location172 location176
location176 location189 location45 location92 location88 location59 location139
location170 location122 location0 location60 location17
location194 location194 location99 location164 location6 location144 location136 location21 location105
location185 location9 location27
location183 location167 location37 location142 location90 location103
location125 location132 location159 location55 location135 location2
