4HOMU DL8LT DDXG0 4HSLO YJ67U WOEUE A1QRL OKGKQ TBPBM M1HJR NPDI9 M1HJR W59L6 ZHSBU IR07O WI88U EDSMH LKP22 MC71K BVMDZ JF7TT JKIP1 FP2ST BZLKW ZA7S5 VHCFR HV4Z2 WP2MA 9O1IZ RAAD4 YK7ZR 4HOMU
24
W59L6 FRZVP P419D Q5DAA 8CLEZ
BZLKW XEEQB IF7TL PYPSO 69BJO TCC7B
MC71K KC9RF W2M5C TI35I
DDXG0 2C63O ZN2EP 0D2BR 0U9HU
9O1IZ 768ZF DOLRQ WP2MA 7U3JG ZHSBU DCHO3 X180A OIPRN LLTLN V8GEC
JKIP1 M1HJR TORQI C7WKJ
EDSMH SYV5N CFGE5 PXCIN
YJ67U 2BUI5 T9O11 TBPBM
ZA7S5 SHOOM 6ACGE DTPF4 3AIXW 1RS2N WZB33 8EXDQ VHCFR
4HOMU YJ67U
OKGKQ L2PQE LIRLU 1F0YL 0VPRW 7GA8O BE5V8 TY0L7 53Y1R 6WOBI C45HH
FP2ST 45JXE 50J5H LKP22
VHCFR SA6G0 EDSMH
ZHSBU CM5WA
YK7ZR A1QRL
A1QRL KOYRV HWKGJ V22SY
JF7TT RU85S RAAD4 Y61KP ZRPB5 6OA3K FC0PR
BVMDZ FCYPJ LEBVZ
WP2MA HZHRA
TBPBM 9WSXC NPDI9 PTADN IZESQ BVMDZ
IR07O UW44H WI88U ZZH8Z K50JQ MC71K C8O6I
NPDI9 H1LTE 4WDJE PMFJ2
LKP22 945CN L2GJ5 Q7FCL 61QWU ELH5L OLLV9
WOEUE JXLE1 DDXG0 W2H22 AT3CI SKPO7 52MNN WXZHF
