0 74 33 18 147 80 146 7 153 26 153 51 4 28 6 131 19 73 8 88 150 44 54 40 49 37 53 10 12 21 109 23 15 164 2 164 14 93 5 139 189 30 65 1 65 3 20 160 0
23
7 107 108 109 121 177 188 195
40 140 149 187
54 154 158
5 105 134 180 191
0 100
6 106 132 136 147 150 194
4 104 113 142 170 182
10 110 133 165 166 179
1 101 111 153 178
73 173 184 189 190
2 102 143 157 175
26 116 122 125 126 128 131 152 169 172
37 137 138 148 161 185
18 118 129 145
15 115 124 135 139 160 193
74 174 192
3 103 117 146 159 186
14 114 123 156 176
12 112 127 151 168 196 197
30 130 162 167 183
19 119 181 198
20 120 141 164
44 144 155 163 171
