0 2 5 12 25 52 106 52 25 12 26 53 26 54 26 12 5 2 6 14 30 14 6 13 28 13 27 56 27 13 6 2 0 1 3 7 16 34 70 34 16 33 67 33 16 7 3 8 17 36 73 36 17 8 18 37 76 37 18 8 3 1 4 9 19 39 19 9 20 41 83 41 20 9 4 1 0
22
28 128 133 157 168 180
8 108 117 120 121 135 136 141 142 143 144 171 172 174 184 186 187 188
3 103 107 115 131 132 163 164 165
18 118 134 138 177 178
37 137 155 175
0 100
30 130 161 162
26 126 185 192
19 119 140 151 181
76 176 179
13 113 127 182
6 106 114 116 129 147 159 160 194
1 101 102 104 109 110 122 145 146 191 193
67 167
54 154 190
53 153 169 196
39 139 148 149 166 189 195 197 198 199
56 156 158
83 183
106 105 111 112 123 124 125 150 152
70 170
73 173
