5 94 20 11 36 62 34 9 34 121 7 2 158 45 14 45 10 112 82 175 22 175 96 192 18 192 109 58 3 54 1 101 24 199 166 32 166 90 149 28 149 72 43 119 15 119 13 147 104 171 112 82 27 0 37 64 130 4 5
24
9 14 76 174 168 63 44 11 51 183 173 149
14 33 39 75 20 151 64 78
7 133 31 52 188
10 85 46 164 123 143 55 80 22
82 99
5 28
0 10 16 137 157 43 71 170 110
43 50 34 192 189 158 83 154
13 48 32 67 26 116 81 101 42 179
32 177
2 1 146
28 53
20 138 9 159
4 47
24 135 103
18 187 162
3 100 178 171 91 199 61 184 41 77
27 140 25 69 193 92 68
15 122 37 152
1 194 18
37 104 180
11 2 153 105 196 102 17
22 96 156 56
94 58
