A42 A100 A183 A93 A153 A158 A11 A122 A162 A72 A125 A182 A125 A168 A18 A150 A70 A13 A67 A186 A174 A20 A193 A40 A180 A61 A170 A65 A82 A194 A28 A169 A95 A195 A178 A195 A32 A80 A32 A127 A196 A30 A189 A2 A130 A159 A130 A35 A58 A176 A57 A157 A133 A41 A133 A36 A199 A63 A198 A197 A98 A0 A98 A132 A147 A42
23
A194 A139 A70 A39 A30 A198 A114
A180 A127 A176 A194 A57
A193 A130 A71 A177
A199 A105 A72 A159 A93 A184 A144 A7 A77
A182 A51 A120 A167 A37 A111 A136
A183 A192 A46
A42 A42 A13
A147 A189
A80 A96
A159 A172
A189 A102 A142 A100 A2 A9 A103 A34
A93 A122 A193 A191
A41 A21 A117 A5 A95
A0 A179 A58 A84 A32 A124 A45 A0 A154
A195 A107 A88 A38
A150 A75 A20 A82 A185 A123 A137 A187
A176 A23 A33 A128
A122 A196 A40 A181 A43 A17 A92
A186 A118 A183 A16
A198 A65 A106 A90 A94 A3 A35 A126 A54 A182 A98
A196 A4 A76 A132 A143 A113 A28 A64
A170 A145 A135
A178 A148 A78 A67
