9c2647cde6e44cc385c8 910d00572d9d42cebb4a 9c2647cde6e44cc385c8 084504e2b2de4f53a0b1 2bcf7711ba8b49129f0c 7388a08e325743518e49 3db131116e904db799f7 8a66a2d4fdf74f2e9b0e 9a6fd45cb4d44509bce9 8a66a2d4fdf74f2e9b0e c15cfb41ef824fd2a1c0 3574209d67b74478ae2e 7de7910c524e4920822e 9070eab74d144b2d9fe3 35b87b961a62477c9874 012098d40d184746bba5 f8959f42ae8745fe99d6 6cdca42ad550495aa84f d616480638a04c3b955f 205f1eddbda0478aada6 a2e35f0c3c9143c68a9e 8fb88a81c320403c8940 74a4796c7e4447f4b503 ddf764e162654211a02e e5d122afc38c45dea5ae 845bea1cad81493ea425 eff3a759e4134e70a252 4b0552fc8849432cb855 8ae0afe573b34065b929 f8fb298fc6614f5ba2f5 00dd89601f03490d8809 a0f6a505c8184e86afc9 3ab839e5a91246f58aa6 dee15252c0e54b84beaf 9c2647cde6e44cc385c8
25
c15cfb41ef824fd2a1c0 ca0b4771edab4289a9de e5a9ca3b130945588284 cd51464f29fe4984870b 205f1eddbda0478aada6 eff3a759e4134e70a252
8ae0afe573b34065b929 ce2f0e6b8eb94a748c7d
8fb88a81c320403c8940 a22afbff48914ac888a0 5dc9f852f2454533879f fc38d8b64f88401c97fd 42f0effdbad6403aad72 42e3ccb6ddd54a0aa3cb
d616480638a04c3b955f ec162ad32a614344923a e0d1e21ff6cc4d64aff7
084504e2b2de4f53a0b1 e5d122afc38c45dea5ae
ddf764e162654211a02e f74897e94729433fa22f 82654fedf62042cb92dc 12a170c171ef44d4b662 00dd89601f03490d8809 8e02573f1324425c9311
2bcf7711ba8b49129f0c fa1e4bc6ddcc462f984f 884523a7277b40f4972f 7a1df78f40b245bfbb97 babcd00b2c484c36bc48
3db131116e904db799f7 19f204e30ad4442cb966 53afa325a7d34c438292 9b9da0cbe5514fabb1ae 06635824d9b841f7b41e b927c43e198546078ea6
35b87b961a62477c9874 bd01ba7047cb4d04a847
205f1eddbda0478aada6 f47cbc59a0584307a0f1 e74a97c92dba4d8ea2d5 b3931f6d1087486cb913 9b93a8a7d0b543339985 2783e022fae94929bf16 2bcf7711ba8b49129f0c 529d899e8f2545bfbc5a b47b7b94e7d74f398b8f
910d00572d9d42cebb4a fab56f22f8684dd18893 e6237b02869349c2bcc8
4b0552fc8849432cb855 9a6fd45cb4d44509bce9 d4f8d48cee014966a5b7
9a6fd45cb4d44509bce9 934f0cae8959401e9aa3 a2e35f0c3c9143c68a9e c7ef0821b71641f390ee c947a496d2b34bb89bb9 87788962cd304b248baf
9070eab74d144b2d9fe3 3574209d67b74478ae2e df9fcc997b4f4a18b94a 8fb88a81c320403c8940 7e0770b0df094f329117 211ddbbf614a47428f13 09b94d1b44c348ceadb9 e87b98454fe24297b210 dbfc82377b8f4429bc5e
a2e35f0c3c9143c68a9e a581f1b5cd374bd0ba96 c69875060dcb453ead1a df9c93ed7a63447389dd b42e69fcc93540ff9100
845bea1cad81493ea425 a0f6a505c8184e86afc9 b3a599b5126842e1bf24 5215b0f0bd724c5cb095
e5d122afc38c45dea5ae af0a537d56ff42a99a0a 664988394a5f48d79e79 d5bccd7804014eca8c6c 26a1d084007f489fba55 0f214fa889a6406e8826 44c8674ccef1477b965f e05275dbed2540ddb1d0
f8fb298fc6614f5ba2f5 e3726a85ffc34b1282cf 884e85a591684c7ebc61 5a3b69fa8cfb4982a27c dee15252c0e54b84beaf bb5eae787bbc407b98a6 5b3dce289f444b0aa162 54de46f8d4f647d1baa7 2b0e5d986b0a4f1cb926
dee15252c0e54b84beaf 0753fe21061c4e058dad d484483c58914446843f ef84408a20334d7d9940 5b7e4d089e434c6a9293 85ec82d3a96e4436a5a2
012098d40d184746bba5 1a4c9d2bea59474aa118 76432c67ac2d44b384c1
a0f6a505c8184e86afc9 4c8b2bb0f24f4375a715 849492e2a4f04946a2c6 910d00572d9d42cebb4a bbd144150de64860b03c c15cfb41ef824fd2a1c0
74a4796c7e4447f4b503 8a66a2d4fdf74f2e9b0e 242983dadb1f4402a4a9 d8780223b4744b5b91e5 0a53d934f24848f9bda3
f8959f42ae8745fe99d6 33edfebd58804049be59 5fd6476364e640bea476 d8316f23d67e43ccb5e7
6cdca42ad550495aa84f 74bfaa171ba342fc9e58 b96177c96ab740b3965b cfa4f7b46ab548c1a67a 404713e80e9740c9b7cd 1c62a698c79e460eb5ff
9c2647cde6e44cc385c8
