Soda 167 196 190 189 175 180 188 161 149 194 99 162 191 173 172 198 186 133 174 195 197 177 164 Soda
24
186 131 133 158 161 163 181
188 112 116 124 135 175 187
194 110 138 157 173
177 115 129 132 137 141 142 155 171 186 197
174 118 147 162 183 189
Soda 99
198 104 134 151 193
149 130 174
175 109 123 188
173 139 153 177 194
195 100 114 121 136 148
164 156 172
190 101 120 144 154 185 198
180 122 195
99 127 150 190
189 102 117 126 140 165
197 119 145 167 169 176
191 125 143 166 180 192 196
196 113 128 149 182 184
161 105 159 178
172 107 108 170
167 103 168
162 106 111 160 191
133 146 152 164 179
