YuhuaEast TelokBlangahDrive PotongPasir EastCoast Sentosa TelokBlangahRise SungeiKadut BayfrontSubzone TagoreSindo UpperPayaLebar KianTeck BukitTimah Port MountEmily Woodleigh MonksHill MandaiEast Boulevard RochorCanal PasirPanjang1 MarinaEast TuasBay SembawangEast TuasPromenade SembawangEast PayaLebarNorth MandaiEstate YioChuKang MandaiWest Senja Commonwealth WestCoast SouthernIslands SimpangSouth HongKah Simei Shipyard ClarkeQuay Shipyard Geylang YuhuaEast
25
EastCoast Mountbatten PayaLebarEast BoonLayPlace JooSengPayaLebar ChangiPoint
Sentosa HongKah SerangoonNorth SungeiKadut
Port HongKahNorth Geylang
TelokBlangahDrive Aljunied
MandaiWest BenoiSector TampinesNorth
TuasPromenade Sembawang
Geylang Punggol ChoaChuKang Sentosa Chatsworth
BayfrontSubzone Commonwealth Museum SembawangStraits Trafalgar BoatQuay AlexandraNorth PunggolField DairyFarm Kembangan SouthernIslands
MandaiEstate PasirRis PearlsHill SingaporeRiver ReservoirView UluPandan TuasBay
PotongPasir KeatHong IstanaNegara DhobyGhaut PeoplesPark
YioChuKang Sennett Shipyard JurongPort ClementiNorth SembawangHills TohGuan Tanglin OneNorth JurongWestCentral ChangiWest
TuasBay SimpangNorth PangSua
Simei LowerSeletar SerangoonGarden
WestCoast WaterwayEast HougangCentral Tampines InstitutionHill WoodlandsWest YioChuKangEast
TagoreSindo BukitBatokSouth PeiChun DefuIndustrialPark
ClarkeQuay Serangoon Moulmein EvertonPark Mandai MandaiEast
MarinaEast Cairnhill
Woodleigh Northland AngMoKioTownCentre TiongBahru PulauPunggolTimor KebunBahru
Boulevard TuasNorthPioneer Brickworks SerangoonCentral Saujana
SimpangSouth TelokBlangahRise PasirRisDrive RochorCanal
KianTeck YioChuKang KentRidge OneTreeHill BedokSouth TagoreSindo Khatib Matilda UpperThomson ChinaSquare BayfrontSubzone OrangeGrove
PasirPanjang1 SungeiRoad
SungeiKadut Paterson BedokNorth EastCoast TuasPromenade GeylangEast BukitBatokWest PasirRisPark
MandaiEast CityHall
YuhuaEast Port
