Monroe Five Danbury Jacksonville Memphis Anchorage Bloomington Allentown Mesquite Burlington Jefferson Rapids Hartford Macon Bremerton Naperville Evansville ElkGrove Fremont Appleton ElPaso Two Buffalo Monroe
23
Bremerton Seven Naples Charleston Hickory Carrollton
Bloomington Fairfield Athens Modesto Mobile Lafayette
Rapids Kissimmee Lancaster
Five Three Birmingham Dallas Apple
Jefferson Gilbert Prairie Bethlehem
Monroe Monroe Cleveland
Macon Melbourne Mesa Cary Layton
Mesquite Lewisville Hesperia Merced Asheville
Jacksonville Burlington
Burlington Miami Baton Chesapeake Gainesville Manchester Lacey Kennewick Hayward Anaheim Hialeah
Fremont Clarke Aberdeen Amarillo Anchorage Corpus
Memphis Boise
ElkGrove Killeen Erie
Two Hampton Allentown Montgomery Greensboro Vista Bridgeport Huntington Irving Denton
Buffalo Ten Kenosha Havre Daytona Dayton
Danbury Bradenton Muskegon
Evansville Albany Arlington Hagerstown Brownsville Rapids Julian Canton Huntsville Jacksonville Abilene
Naperville Mesquite Akron
Allentown Elizabeth Kailua Elkhart Davidson Lakeland Monterey Bedford Clarksville
Appleton Cambridge Austin Viejo Leominster Fayetteville
Hartford Baltimore Johnson Lowell Boulder Hartford Laredo Glendale Denver
ElPaso Four
Anchorage Detroit Antioch
