BerkeleyArtMuseumand WarrenHall AnthonyHall JacobsHall KoshlandHall PacificFilmArchiveBe MartinezCommons OBrienHall StudentUnion WooHonFaiHall HaasPavilion FoxCottage2350Bowdit LowerHearstParkingSt HaasClubhouse EdwardsTrackStadiumG SternHall LeConteHall HearstFieldAnnex HertzHall BoaltHall BerkeleyArtMuseumand
20
EdwardsTrackStadiumG HavilandHall SpiekerAquaticsCompl
BoaltHall MaxwellFamilyFieldan GianniniHall SutardjaDaiHall PacificFilmArchiveBe NaturalResourcesLabo InvestigativeReporti AcademicInnovationSt ChancellorsEsplanade
HearstFieldAnnex Demography
LeConteHall BancroftDanceStudio HaasSchoolofBusiness GolbousPlace LatinAmericanStudies
HaasClubhouse BowlesHall LeConteHall AlumniHouse MagnesCollectionofJe LegendsAquaticCenter
KoshlandHall McConeHall WarrenHall EastAsianStudiesInst Unit1ResidentHall
WooHonFaiHall KoretVisitorCenter EnergyBiosciencesBui GraduateTheologicalU IRLE CaliforniaHall
WarrenHall BarrowsHall EllsworthParkingStru UpperHearstParkingSt
HertzHall FacultyClub ClarkKerrCampus
HaasPavilion KoshlandHall NorthField BanwayBuilding EdwardsTrackStadiumG UniversityHouse SimonHall
SternHall MartinezCommons FacultyGlade CheitHall AHammock
BerkeleyArtMuseumand BerkeleyArtMuseumand FoxCottage2350Bowdit SimpsonCenterforStud MariesHouse Library
MartinezCommons MosesHall MorrisonHall LiKaShingCenter WellmanHall SatherTower LowerHearstParkingSt
PacificFilmArchiveBe AnthonyHall CareerCenter Sebastians LawrenceBerkeleyNati
JacobsHall BancroftLibrary StanleyHall EvansHall ManvilleHall
StudentUnion EvansDiamond InternationalHouse CoryHall ZellerbachHall
OBrienHall CesarEChavezStudentC MulfordHall LawrenceHallofScienc
AnthonyHall HearstMemorialMining LawSchool McLaughlinHall UniversityHealthServ
LowerHearstParkingSt FallProgramforFreshm GoldmanField ObservatoryHill InsectaryGreenhouse
FoxCottage2350Bowdit PublicAffairsOfficeo ArchitectsEngineersA MathematicalSciences HenryHWheelerBrainIm
