Fizz Thresh Weaver Meepo Twitch Mirana Sivir TwistedFate Rengar DarkSeer Elise BountyHunter Techies Ryze Jayce Sona Talon Necrophos Kindred Nautilus Nunu ShadowFiend Fizz
22
Talon Huskar Gragas StormSpirit DeathProphet Pantheon
Weaver Trundle
DarkSeer Janna Syndra Cassiopeia Zilean
Sona Omniknight Magnus Jinx LoneDruid LeBlanc
Fizz Fizz CentaurWarrunner
Nautilus TrollWarlord Azir
BountyHunter Heimerdinger Sven Weaver Sona Zed Rubick Timbersaw Viktor Lucian
Thresh Venomancer Visage
Kindred Thresh Nasus Terrorblade Slardar Quinn Vi Brewmaster
Mirana Sniper Ekko Jayce Kayn
Sivir VelKoz Yorick
Techies Tiny Nidalee Singed Puck
Twitch ShadowFiend Ryze Mirana
ShadowFiend KhaZix Morphling Beastmaster Amumu Rumble
Rengar Medusa Kennen Annie ShadowDemon Orianna Nunu ShadowShaman
Elise Xayah Chen
TwistedFate Katarina NightStalker Karma Tristana Leona Talon
Meepo Rengar Irelia Techies
Necrophos Undying Bane
Jayce Kled SpiritBreaker Vladimir Slark Oracle
Nunu Kassadin BountyHunter Warlock Fiddlesticks FacelessVoid Ziggs
Ryze WinterWyvern JarvanIV TahmKench
