0 7 8 74 66 62 58 56 52 55 54 53 54 55 52 56 58 62 66 74 8 7 0 2 3 4 5 6 5 4 3 2 0 7 9 10 26 28 30 31 14 17 18 19 20 19 18 17 14 47 46 91 43 80 88 94 88 80 99 85 99 16 15 14 13 12 73 12 28 27 77 27 28 29 34 38 75 95 96 97 98 97 96 95 75 38 34 29 28 26 10 9 7 0
25
73 13 14 15 18 30 31 32 33 34 35 36 37 39 40 42 48 60 64 65 69 70 74
20 21
53 54
4 5
6 7
94 77 84 87 89 95
3 4 22 23 24
0 0 1 2 3 8 10 25 26
55 17 56
85 79 86
98 16 49 50 51 90 91 93 94 99
5 6
18 19
19 20
99
97 46 57 62 71 83 85 88 97 98
91 47 80 82 92
66 67
52 41 53
62 63
74 9 75
54 55
77 11 12 27 28 29 59 68 72 73 78
80 43 44 45 81
95 38 52 58 61 66 76 96
