6 0 6 199 198 197 194 193 192 199 189 172 179 170 178 172 168 169 160 167 165 168 158 157 156 150 158 143 148 149 144 143 133 138 137 135 133 124 128 127 128 124 111 112 118 112 111 103 96 80 73 67 66 67 55 42 30 24 11 6 5 6
21
6 7 15
148 139 132 134 148 146 144
127 190
179 57 78 87 88 85 81
157 105 118 113 114 120 129
138 152 163 166 176 178 179 182 186 191 194 198
197 23 21 39 31 38 46 41 40 51
169 74 106 109 101 107
137 181 187 185
0 8 18 19 14 20
193 59 62 63 69 60 77 75
167 90 95 112 126 128
156 115 149 153
118 196
198 26 36
178 79 97 98
194 48 50 65
149 167 164 170
144 150 157 177
5 4 1 0 10
66 125 137 130 145
