L16 L73 L99 L138 L149 L123 L108 L144 L147 L115 L137 L150 L106 L152 L95 L154 L151 L84 L114 L140 L0 L45 L146 L131 L16
20
L108 L125 L131 L20 L79 L93 L107 L145 L67 L5
L144 L7 L83 L91 L87 L52 L38
L138 L56 L101 L90 L133
L150 L27 L70 L68
L140 L62 L146 L89 L144 L130 L150 L142
L16 L16 L18
L123 L106 L76
L154 L78 L119 L75 L74 L103 L28 L47
L149 L40 L110 L124 L141 L9
L137 L95 L92 L35 L53 L99
L73 L94
L106 L29 L109 L77 L134 L72 L8 L22
L99 L139 L143
L131 L24 L80 L21
L114 L153 L85 L129 L61 L147
L147 L114 L1 L128 L63 L82 L152
L146 L126 L100 L43 L11 L84
L152 L138 L151
L0 L4 L104 L2 L149 L65
L151 L140 L12
