1 75 116 176 190 197 188 67 195 149 193 183 166 198 91 167 154 178 200 199 185 186 187 189 54 1
22
190 7 32 129 14 45 123 68 35 116 188
183 59 167 100 25
75 118 164
166 27 180 20 159 94
185 147 60
149 184 3 121 92
1 151
197 160 53 36 70 67 190
199 119 89 11 161
187 74 87 197 172 131
200 143 78 29 139 153 6 132 79 77
167 97 192 65
189 163 12 127 13 122
188 126 181 155
178 95 21
54 114
195 112 165 176 137 40 117 91 81
186 2 186 142 52 9 28 93
193 182 76 108 99 191
176 183 44
154 16 149 120 34
198 140 57 42 170 17 64 148 178
