187 172 144 119 178 161 191 186 149 106 192 21 108 1 165 194 80 189 176 24 197 34 181 175 117 170 0 110 179 177 162 185 199 156 86 153 187
24
153 191 90 9 12 190 161 176 87 154 166
197 82 181 30 69 128 95 36 127 39 70 7
0 63 33 175 164 126
189 110 8 72
178 78 114 58
192 132 54 94
177 133 163 109 53 156 42
1 111 13 67 93 89 180
186 41 157 68 71
185 152 150 184
149 119 2 171
170 6 148 23 55 18 160 86
176 124 44
175 153 134 15 47 108 79
179 173 107 136 196 29
199 146 183 92 97 172
194 162 65 32 45
165 142 117 80 140
191 120 73 59 131
156 52 199
181 165 48
144 169
80 83
187
