location1 location19 location2 location31 location48 location37 location25 location5 location71 location3 location16 location34 location18 location13 location40 location4 location6 location45 location11 location29 location7 location10 location20 location1
23
location34 location108 location149 location199 location186
location2 location35 location11 location142 location196 location152 location22 location13
location7 location97 location74
location19 location110 location92 location171
location10 location177 location59 location179 location107 location87 location33 location58 location10 location75 location40
location16 location123 location49 location85 location5 location95 location127
location45 location165 location190
location25 location57 location195
location40 location188 location150 location159 location56
location1 location69 location96
location29 location116 location114 location172 location109
location71 location93
location48 location17 location146 location44 location178 location193 location185
location6 location180 location105 location143 location2 location27
location4 location16 location158 location43 location128 location136 location184 location129 location175 location148 location154 location30
location5 location20 location82 location65 location197 location90 location100 location46 location181
location31 location164
location18 location28 location118 location111 location32 location161 location94
location20 location12 location6
location3 location106 location91
location37 location140 location37 location3 location26
location11 location25 location182 location133 location130
location13 location157 location169 location68 location139
