0 170 191 195 146 172 159 198 196 154 163 153 194 189 148 183 192 142 199 169 184 187 197 193 162 0
25
195 7 19 91
0 1
187 59 65 113 169 175
142 11 31 55 89 107 145
193 27 67 77 149 153 157
159 71
196 21 37 39 117 125 179 191
162 47 103 127 137
183 25 45 87
189 15 57 61 83 101 123
169 99 131 139 177
194 13 69 187
191 41 93 165 185 195
197 35 109
198 189 197
199 43 75 95 181
192 5 29 63 161
184 141 193 199
146 17 53 85 111 159 163 173
153 51 79 81 97 105 147
172 9 49 129
170 115 133 135
148 23 73 119 143 151 155
154 171
163 3 33 121 167 183
