190 51 68 10 0 56 45 153 5 172 4 151 21 57 186 84 9 28 147 27 8 26 185 49 76 46 98 7 11 18 14 37 2 91 12 42 1 155 75 190
24
14 34 50 62 117 44 108 68
1 60 109 179 103
21 118 133 169 71 84 136
75 30
0 165 168 172
186 21 5 38 92 100 186 116 83
11 29 123 139 40 102
46 47 163 65
28 113 22 132 67
51 156 95
45 10 195
8 192 33 76 153 56
91 111
2 146 185 112 177 93 8
4 141 104 182 61 94 54 2 46
12 36 1 166 135 149 57 23 114 152
26 142 137 162 32
7 55 3 181 164 189
27 69 27 101 45 173
9 176 66 106
5 138 11 129 52 198
49 99 193
10 188 121
190
