Loc1 Loc165 Loc153 Loc192 Loc53 Loc156 Loc195 Loc194 Loc170 Loc175 Loc148 Loc150 Loc148 Loc145 Loc188 Loc198 Loc36 Loc182 Loc187 Loc160 Loc183 Loc172 Loc167 Loc184 Loc171 Loc184 Loc125 Loc91 Loc176 Loc111 Loc193 Loc111 Loc196 Loc169 Loc181 Loc169 Loc161 Loc97 Loc1
23
Loc193 Loc198 Loc73 Loc178 Loc167 Loc22 Loc76 Loc8
Loc198 Loc51 Loc157 Loc63
Loc97 Loc38
Loc145 Loc72 Loc131 Loc91
Loc192 Loc58 Loc113 Loc130 Loc5 Loc37 Loc188 Loc87 Loc155 Loc18 Loc123
Loc170 Loc172 Loc152
Loc176 Loc164
Loc1 Loc1 Loc115
Loc150 Loc199 Loc110 Loc44 Loc150 Loc171 Loc64 Loc66 Loc19 Loc161 Loc192 Loc62 Loc128
Loc181 Loc60 Loc154 Loc187 Loc121
Loc194 Loc126 Loc145 Loc177 Loc31
Loc161 Loc82 Loc28
Loc182 Loc50
Loc195 Loc6 Loc156 Loc196 Loc122 Loc144 Loc112 Loc175 Loc153
Loc172 Loc45 Loc166 Loc106 Loc111 Loc70 Loc135 Loc89
Loc167 Loc102 Loc55
Loc153 Loc132 Loc85 Loc33
Loc165 Loc59
Loc160 Loc97 Loc117 Loc13 Loc29 Loc186 Loc183
Loc125 Loc3 Loc39 Loc127 Loc160 Loc92 Loc26 Loc169 Loc119 Loc114
Loc156 Loc83 Loc4 Loc98 Loc194 Loc15 Loc36
Loc196 Loc69
Loc171 Loc99 Loc104 Loc180 Loc68 Loc12
