114 49 97 174 3 4 145 84 192 38 2 12 132 198 197 107 105 1 199 85 175 173 0 191 160 8 111 60 195 5 41 189 65 196 140 193 184 114
25
189 33 146 173 155 3
199 131 187 117 100 31 119 59
3 78 21 175 12 147 36
12 51 108
49 28 35 41
4 188 182 10 66 37 81 87
8 167 191 63 96 109 150
38 15 5
193 4 127 89 32 38
184 49 115 29
196 169 67 161
145 166 42 18 69 124 181
1 174 24 70 105 171 91 177
174 197 14 53
195 26 154 62
192 7 148 0 95 43
107 76
198 196 195
175 134
173 74 164 47
2 183 75
0 16 133 176
160 170 103 111 149 92 135 94
5 199 102 112 1 98 84 93
114 114
