n0 n22 n6 n12 n160 n192 n8 n2 n25 n94 n10 n16 n42 n30 n19 n4 n53 n5 n1 n24 n3 n15 n7 n54 n163 n0
25
n160 n18 n49 n73
n10 n11 n24 n45
n15 n16 n59 n74
n12 n13 n34 n40 n58 n62 n79
n30 n10 n28 n31
n4 n5 n22 n27 n41 n48 n52 n56 n71
n6 n7 n33 n78 n87 n89
n22 n23
n94 n47 n50 n77 n95 n98
n24 n25 n51 n65 n68 n72 n96 n99
n16 n17 n19
n7 n8 n39 n42
n8 n9 n29 n35 n88 n93 n97
n0 n0 n1
n5 n6 n30 n75 n94
n42 n43 n64 n85
n19 n20
n192 n32 n57 n69 n84
n163 n86
n3 n4 n15 n53 n63 n80 n83 n90 n91
n25 n26 n36 n44 n46 n61 n92
n53 n54 n66
n54 n55 n60 n67
n1 n2 n12 n21 n38 n70 n81
n2 n3 n14 n37 n76 n82
