Liam Jordan Leonardo Xander Oscar Dawson Gael Dawson Alejandro Dawson Gavin Waylon Tyler Eli Sawyer Steven Everett Cole Zayden Grant Antonio Kaleb Santiago Alan Patrick Dean Beau William Beau Dean Patrick Easton Richard Aiden Mateo Miguel Messiah Lorenzo Messiah Zion Maximus Kayden Diego Joel Jeremy Carlos Samuel Eric Matteo Brody Elliot Jasper Elliot Brody George Leonardo Xander Leonardo Jordan Liam
22
Maximus Lucas Samuel Dylan Jaxon Josiah Eli Adam Jose Evan
Elliot Elias
Xander Julian
Gael Ethan Sebastian Anthony Levi
William James Jackson Ian
Zion Jacob Aiden Carter Joshua Theodore Parker
Carlos Mason Elijah David Easton Ezra
Alejandro Alexander Jayden Luke Gabriel Grayson Isaiah Charles Asher Colton
Grant William Bryson Jace Xavier
Oscar Daniel Maverick
Messiah John Jack Lincoln Angel
Diego Cooper
George Michael Andrew
Richard Matthew Henry Wyatt Isaac Ryan Aaron Robert Nolan Ezekiel
Cole Nathan Thomas Jonathan Brayden Austin
Jeremy Logan Adrian Cameron Jeremiah Jordan
Liam Liam Noah Dominic
Lorenzo Mateo Christian Hunter Landon Greyson
Matteo Christopher Connor Hudson Jaxson
Tyler Benjamin Oliver Caleb Leo Nicholas
Antonio Joseph
Jasper Owen Carson
