0 167 198 167 79 12 102 35 27 105 67 116 164 196 8 77 188 14 24 100 96 21 123 195 123 21 74 19 80 19 69 187 180 68 29 2 5 31 103 31 104 83 128 194 128 183 44 183 120 177 106 109 110 181 110 109 0
25
69 89 42
44 22 50 20 94
5 15 75 70
198 56
194 43 58 10 12
21 45 72
77 77 97 46 78 86 2 90 5
102 73 24 14 65
24 96 38 29 47 30 57 54 87 9 21
83 34 52 91
27 93 67 76 79 17 53 23 82 26
74 49 18 71 83 55
164 28 40 61 35
80 66 62 92 85 32 25
177 1
181 44 37 7 84 6 3
12 59 98 68 16 11
29 31 60 69
35 95 63
67 19 27 33 8
106 74 39 88
195 41 64
180 36 99 48
103 4 80 81 51 13
0 0
