0 3 117 92 112 177 112 92 55 119 199 119 171 90 4 107 155 107 2 102 49 44 38 106 153 158 108 194 118 196 118 98 31 27 37 20 70 23 83 87 80 42 40 79 25 56 84 88 22 6 30 75 110 78 113 179 113 178 113 12 114 185 114 65 104 140 191 117 193 117 3 0
19
185 124 129 132 134 148 158 165 167 177 184 189 191 197
84 190
194 171 181 187 195
199 127 130 137 138 139 144 163 185
0 120 123
83 145
193 121
196 150 151 186
178 131 141 146 152 154 155 159 161 168 170 180
155 122 135 156 169 172 178 182 183 188
80 160 162
27 126 136 147
179 125 128 133 149 153 164 166 174 179 194 196 198
177 173 192
140 175 193
37 142 157
88 140
56 143 176
87 199
