Afghanistan TheUnitedArab Afghanistan Laos Kyrgyzstan Kuwait Kosovo Korea Kiribati Kenya Kazakhstan Jordan Japan Jamaica Italy Israel Ireland Iraq Iran Indonesia India Iceland Hungary Honduras HolySee Hesse Hawaii HanseaticRepublics Hanover Haiti Guyana GuineaBissau Guinea Guatemala Grenada Greece Ghana Germany Georgia Gabon France Finland Fiji Ethiopia Eswatini Estonia Eritrea EquatorialGuinea ElSalvador Egypt Ecuador Dominicanrepublic Ecuador Egypt ElSalvador EquatorialGuinea Eritrea Estonia Eswatini Ethiopia Fiji Finland France Gabon Georgia Germany Ghana Greece Grenada Guatemala Guinea GuineaBissau Guyana Haiti Hanover HanseaticRepublics Hawaii Hesse HolySee Honduras Hungary Iceland India Indonesia Iran Iraq Ireland Israel Italy Jamaica Japan Jordan Kazakhstan Kenya Kiribati Korea Kosovo Kuwait Kyrgyzstan Laos Afghanistan
25
Ireland Barbados Bavaria Ireland Israel
Gabon Colombia Comoros Gabon Georgia
TheUnitedArab Austria Austrian Azerbaijan Jordan Kazakhstan Kenya
Haiti Burkina Burma Burundi Guyana Haiti Hanover
Egypt Denmark Djibouti Egypt ElSalvador
Kyrgyzstan Andorra Angola Kyrgyzstan Laos
Iran Belarus Belgium Belize Indonesia Iran Iraq
Honduras Bosnia Botswana Brazil HolySee Honduras Hungary
Grenada Cameroon Canada Chad Greece Grenada Guatemala
Fiji CotedIvoire Croatia Cuba Ethiopia Fiji Finland
HanseaticRepublics Brunswick Bulgaria HanseaticRepublics Hawaii
Estonia Cyprus Czechi Estonia Eswatini
Afghanistan Afghanistan Albania Algeria
Korea Argentina Armenia Australia Kiribati Korea Kosovo
Guinea Cabo Cambodia Guinea GuineaBissau
Iceland Benin Bolivia Iceland India
Dominicanrepublic Dominica Dominicanrepublic Ecuador
Hawaii Brunei Hesse
Jamaica Baden Bahrain Jamaica Japan
Germany Chile China Germany Ghana
Israel Bangladesh Italy
Kosovo Antigu Kuwait
EquatorialGuinea Czechoslovakia Eritrea
Finland Costarica France
ElSalvador Congo EquatorialGuinea
