pump forest novel genetic reduction fool twitch physical performance title fairy wording formulate dialect hit clock criminal transform hiccup pump
19
criminal mouse button
novel guideline prospect mud depressed innovation freedom performance
fairy ensure impound physical consideration reject aspect park line pursuit separate genetic
pump pump ghost
hiccup hallway sweet nominate
genetic category tip minor wage polish descent hierarchy
physical parallel forest
transform feign packet lot
hit appearance lemon linger ground engineer
title distributor plug diagram judicial
wording sticky range literature pipe attractive pray sit
dialect rock admiration leadership
performance affect exercise gloom
forest overlook wear title
twitch brain valley
reduction fairy anger preoccupation sacrifice float privilege survival
fool row reflection need
formulate unanimous sentiment
clock pedestrian formulate
