F1E81B DD07FF 1E1095 191510 6B4619 191510 D1AE72 002274 D337F2 002274 EE2A22 4B97F1 EE2A22 79BC3D BDE94D F8EE67 0C73D8 4B3F8A 6966D7 13A782 B75549 EDF90E C63C0A A014A0 D6CC7A 0CBC31 5D0E2E 6E313C 9096DB 36590B 53C6C8 9DA2E3 CF668A 614224 FFEEBD 7BE8A9 B27903 AEFF96 DCE144 205E5C CC6D2A 5A3862 CC6D2A 98C2CE 813B05 F1E81B
24
DCE144 17779E 9096DB C18C9B 93EBE3 C9AF85 28F6D1 C3B3E7 8F17C0
D337F2 D337F2 6B622D 124C90
6E313C 8B6C2F 0F5860
1E1095 8015E0 783751 685D1A 4A28BA
C63C0A 851F90
6B4619 1F842B 6B340B E51A66 59843B 4CAD30 B69F55
F1E81B F1E81B BB4908
614224 573788 D1967A DCE144 D6CC7A
98C2CE B47658 8F495E FFEEBD 293D59 77A0B5
79BC3D 4099A6 94A561 1E1095 5C7062
6966D7 E80628 2BF7B5 D4A75D 7E78F3 3B4B53 36590B
D6CC7A E81014 14994D 7E1C6C
36590B 5F4E43 239994 490F1E
813B05 305D33
D1AE72 614224 151BC9 CC9C14 66048A 7829D7 813B05 6966D7 DE6899 63361A
9DA2E3 90451D
0CBC31 29D5D7 0CBC31 B7F75A 8EBF8A ABD8FE
13A782 52C88C 770D1A E3C2C9
FFEEBD 2CCB19 85D6DB
0C73D8 36C862 61199E 5BB557 C4303B 86493E
B75549 AE4A01 C3EF62 E5E6C0 6D51F4 4A5708
F8EE67 AEFF96 F33196 8B519F
5A3862 230A7C 47FACD 20EAE7 4B97F1 14B430
4B97F1 CEAC59 A1F104 8BFCAC 396D53 596CF6 6E313C 2FEDFB 8417C8 FFFD4B BB40E6
