0 13 27 36 27 3 91 75 40 75 95 75 3 31 64 72 64 33 64 10 99 10 20 43 20 86 12 15 12 86 0 100 107 152 107 100 101 117 199 117 101 113 190 113 101 110 175 110 101 108 157 108 101 115 196 115 195 115 101 114 192 114 101 100 105 137 105 138 105 100 104 135 104 100 0
24
91 169 175 154 44 86 118 5
199 35 81 53 72 29 105
137 20 196 49
190 171 180 145 121
95 101 160 22 102 146
175 43 177 109 63 51 85 54 58 13 7 55 168 194
135 26 178 198 75 151 4
0 17
195 82 28 68 144 59
192 153 87 99 96 142 62 113 138 173 21
196 128 167 189 136
152 83 124 1 100 106 89
15 156
36 14 130 90 66
100 172
138 152
157 65 127 112
105 18 188 158 123
99 147 10 57 179
72 25 56 149 98
43 182 117 24
33 42 31
40 104 77
13 70
