MapLocation152 MapLocation12 MapLocation34 MapLocation21 MapLocation14 MapLocation1 MapLocation9 MapLocation27 MapLocation96 MapLocation17 MapLocation6 MapLocation44 MapLocation37 MapLocation11 MapLocation7 MapLocation10 MapLocation35 MapLocation4 MapLocation24 MapLocation31 MapLocation28 MapLocation16 MapLocation71 MapLocation0 MapLocation152
24
MapLocation12 MapLocation81 MapLocation22 MapLocation154 MapLocation164 MapLocation118
MapLocation17 MapLocation50 MapLocation149 MapLocation100 MapLocation182 MapLocation42
MapLocation7 MapLocation69
MapLocation4 MapLocation18 MapLocation19 MapLocation60 MapLocation135
MapLocation24 MapLocation105 MapLocation156 MapLocation109 MapLocation32 MapLocation185 MapLocation194 MapLocation70
MapLocation14 MapLocation72 MapLocation146 MapLocation183
MapLocation71 MapLocation77 MapLocation56 MapLocation114
MapLocation28 MapLocation125 MapLocation43 MapLocation76
MapLocation0 MapLocation14 MapLocation123 MapLocation122 MapLocation119 MapLocation102 MapLocation133 MapLocation153
MapLocation37 MapLocation94 MapLocation57 MapLocation55 MapLocation128 MapLocation7
MapLocation27 MapLocation127 MapLocation61 MapLocation170
MapLocation11 MapLocation186 MapLocation179 MapLocation28
MapLocation96 MapLocation166
MapLocation10 MapLocation35 MapLocation97 MapLocation106 MapLocation53 MapLocation8 MapLocation103 MapLocation189 MapLocation175 MapLocation92
MapLocation44 MapLocation59
MapLocation16 MapLocation113 MapLocation36 MapLocation192 MapLocation104 MapLocation85 MapLocation150
MapLocation1 MapLocation15 MapLocation16 MapLocation17 MapLocation136 MapLocation13 MapLocation67 MapLocation71 MapLocation129 MapLocation4 MapLocation9 MapLocation96 MapLocation29 MapLocation99 MapLocation148 MapLocation62 MapLocation121
MapLocation34 MapLocation145 MapLocation111
MapLocation31 MapLocation107 MapLocation171 MapLocation161
MapLocation6 MapLocation20 MapLocation137 MapLocation10 MapLocation86
MapLocation9 MapLocation198 MapLocation41 MapLocation173
MapLocation35 MapLocation79 MapLocation116
MapLocation21 MapLocation12 MapLocation47 MapLocation23
MapLocation152 MapLocation152
