0x19 0x8b 0x11 0x5f 0xa4 0x3d 0xb7 0xd 0xb7 0x3d 0xbf 0x1f 0x1a 0x39 0x1a 0x1f 0xad 0x20 0xad 0x1f 0xbf 0x48 0x72 0x69 0x3 0x1e 0x8d 0x36 0x81 0x17 0x92 0x9f 0x1 0x9f 0x92 0x17 0x5c 0x85 0x2 0x7e 0x37 0x7e 0x2 0x61 0x50 0x33 0x75 0x26 0x75 0x33 0x50 0x61 0x2 0x85 0x5c 0x3a 0x63 0xe 0x79 0x5 0x0 0x5 0x9b 0x1d 0x2e 0x32 0x1c 0x94 0x29 0x94 0x1c 0x32 0x2e 0xb3 0xb4 0x5e 0x7b 0x10 0x7b 0x5e 0xb4 0xb3 0x98 0xae 0xc2 0x86 0x40 0x14 0x40 0x86 0xc2 0xae 0x98 0xb3 0x2e 0x1d 0x9b 0x5 0x79 0xe 0x3c 0x74 0x6 0x74 0xbb 0x7a 0xb1 0xbe 0x9 0x5d 0x13 0x5d 0x9 0xbe 0xc 0xbe 0xb1 0x7a 0xbb 0x74 0x3c 0x89 0x8 0x11 0x8b 0x19
21
0x29 0xaa 0x45 0x85 0xa1 0xb5
0x20 0xbd 0x80 0x5d
0x8 0x3d 0x53
0x9 0x56 0x4e 0x9f 0x12 0x60
0xe 0x7b 0xc3 0x0 0x5 0xae 0x74
0x1e 0x4d 0xab
0x10 0x99 0x28 0x6f 0x1b 0x1a 0x5a 0x2b
0x1c 0x6a 0x2d 0x9b 0x15 0x11
0x3 0x9 0x9e 0x8f 0x42 0xb0 0x2a 0x7 0x1f 0xb6 0x87 0xa4 0xf
0x19 0x1
0xd 0xac 0xc4 0x10 0x70 0x79
0x37 0xa6 0x89
0x1 0x25 0xa8 0x97 0x91 0x6b 0xb4
0x13 0x21 0x84 0x83 0xa7 0xc6 0x18 0x86 0x14
0x26 0xa3 0x81
0x11 0x3b 0x98
0x6 0x1d 0x34 0xb2 0x7a 0x78 0x68
0xc 0xc2 0x77 0xbc 0xbb 0xc7
0x39 0x4 0x61 0x8c
0x0 0x8e 0x59 0x2c 0x52 0x6d 0x9a
0x14 0x31 0x8b 0xba 0x46 0xa0 0x3a 0x9c
