PlmPdVeiiHQg3JYZCDWt xcisI0PJDdG9nIuyj3IS yD8JCRUWcVAZxJ4ZDldr 6GSZa1npVyW2652oBwaR npvmhiGWlG3giKEGoWCw sgcToTYzCpAKhdYwyDOd BrudisXSomFZhqJyPfJg u4dtaT6NdEhJmWtNAXSE 9EFf7Db1oVUr4vPii753 Tr6dOTuKB3EM5juuJxqy C6w7afZujemehEooILjN MSj6zOuZ0EoAKjP4wXXW 89uQTJVvGaob2884UTbx ZNY0bYUvhQMUm5V6mJno kwA1qrRggH9YLKcVfIe5 BWhyt9wATIprZDhzxwVv E8pbRn7LIeWnB3swkYzz ivcmXAg3WJYgMBzFenfb 6bLuQyxEzh3wnYgGbaCv 4E11EdbsS5KbjeJWtodD 7yt9hKqOEGabqtqIEmdH aGmUpeq6kVn42aPOEaUT dRK5ma7NqggKZHlnDCi2 8jko5XAn6JliQ07A0rUO PlmPdVeiiHQg3JYZCDWt
24
yD8JCRUWcVAZxJ4ZDldr nKDJ3ylOzub2eWcHnAhq 9zoM12ZWjXrKaszveCQH JWIkMKKlAG6fUoRVxKKI
u4dtaT6NdEhJmWtNAXSE Tr6dOTuKB3EM5juuJxqy hZHynIvymuQxD6BftzWt yD8JCRUWcVAZxJ4ZDldr U7iVliqmXRkLwyPSNdfv YFXFh0nBpGYXfL8mfny3 EkRPPDhcu5ww6XulSOgx VuvjJGf6deKVAQ0JUD4i iwJGcbQH2bifG6D82Iel CofLnw0Ss4pVGWmPS5oO YIxKvTpWMaQKGFtD5BDH xcisI0PJDdG9nIuyj3IS
C6w7afZujemehEooILjN SNmFiRdCmf8vg1yMqr30 WZsO2i9GZwvMYoV9SyKS x5UVX06335fM5pfCNBMU
7yt9hKqOEGabqtqIEmdH RuUdtXtfFCKpaLUcmsqg WErk2X2lm629vuxPHVtl 3M9YkxmgHhrzhCgskWR0 AmAHnr1XXkPpwJ6DUDIO Zzs5CIqF9Ll2avkxI78N gdO0wiBlQ8wFbeNyGtx5
89uQTJVvGaob2884UTbx LXqfTqJggDSh6mykPyz3 m1A3pMC42PQioFziqK5C 8RfB73Lw8C9LbSwIxA9Q
E8pbRn7LIeWnB3swkYzz g0ywcwildP9K6oBendJq 48BAUsycKlkSkbOjYLFN BWhyt9wATIprZDhzxwVv
BWhyt9wATIprZDhzxwVv nsq4rhHWMCaIVcah5fcd kwA1qrRggH9YLKcVfIe5 TpLamlzpT6GwerxzVsxr C6w7afZujemehEooILjN PWUaVYPeofxjJdT472wG
xcisI0PJDdG9nIuyj3IS DF1KTiOHBIkswyjh8uB1 jVItWJkETNqrkY47Hghp 1JawjZrawLlOCGN1EB0O iFXIyHTPBX7ivXxsV1VM
npvmhiGWlG3giKEGoWCw WsVMGV8yZisK6ojnqzBE dsndgEJWfBsFA2I3Hgqf E59siIyngnj5PIsLeowv EY9cQTmyqhrzeZsobQa5
aGmUpeq6kVn42aPOEaUT NXYVlLN4oRDZThND0BmP kaVGl3oG0Ulg2MgkbJB8 ML4pCjYl4gPEwSnvlRaD ANdko3dYAy7a2BOq7wpm cUanhOambcNkocePqfvx irZyMKazQALnyfoOCtbL
MSj6zOuZ0EoAKjP4wXXW o85TEEBuzMbePdf5cbCv Vh6ScHVb39wz7CmKwIuA Osa2UT4anhyBl7doUFs5 uNMLlt0W1KUwk2d6EP98 6WGzUhXeOltLDbkIvTzq
ivcmXAg3WJYgMBzFenfb qOK6WPKQJA4Q9XqXgSgT W9TKm0U6bNDZ1Aok7hNH KjQNU2EAAYEZSeJWPxLM cYMPcE5UNSzOtkRY62gr EVtx7khff7Fs8yuuQKJx 7yt9hKqOEGabqtqIEmdH 804aK8wEArkuheeUiB4R VXU331oDUcuzaGGUYIl9
6bLuQyxEzh3wnYgGbaCv N5YDsCDN1lKguyHbn4Zb zforAf5jhSPEL0aOiCeo nyd0fM2XE4qmli1xfIwr dvxgUZzwjHAP85QpElWp
8jko5XAn6JliQ07A0rUO YmmIBqqdn3Z6PuFXWNHi zvH9G6FQ1xC7CVezs43e UkqILZ2p4EbRuMBIrGXp NA24XhOMsROCBnUViAJT XdyhPab6W9wOZnKLq1fq 2chOacZ5nNYuf6eeGFSW E8pbRn7LIeWnB3swkYzz tX1uDaXm9hMlEKqU7m9j
ZNY0bYUvhQMUm5V6mJno JakuJordFcO229c3L5ct
dRK5ma7NqggKZHlnDCi2 ChEnlTNCMoqxBfyzEzW7 PIekFeWZsA6etqyFB2SF ukPtLY7YueARRkX8hPaS IxWh6LSiXwGUWSx9VJ39 yKQw7YXCNsthb1VWEFur GUntLlYA0xo9Vk4WLTLV
4E11EdbsS5KbjeJWtodD GzSNGBn4EPemDLEWXNxx 1tmkPhHujDQhTmW4oV7S uaR7l3Qhn4FRAnSeVURz 1wRG7TNgo9ui6iZBLuaw
6GSZa1npVyW2652oBwaR k8LvqKsQ4ejh0bCWs4fP 2Cz4Y4eG1XIezf9qpdQl MSj6zOuZ0EoAKjP4wXXW
BrudisXSomFZhqJyPfJg 060q0aISPODkGeAbYbQ6 76b3evP8JEiQ8c6jd2b5
Tr6dOTuKB3EM5juuJxqy MEVVMgbTLIgXdG4vAbeX Dwi7fYT8wa9I4Kzyto4Y
sgcToTYzCpAKhdYwyDOd eUyNsK7nwP1YPac54CbU 3rqlQRwe5izypHjXjWla 4S2YiI3VYPKghkl95iqK 4QLswP82Wvxw9Z42obzh
kwA1qrRggH9YLKcVfIe5 q4nqG9N45SSRxndw48Xl
9EFf7Db1oVUr4vPii753 7qCgmo7DrrfnVQIWnbiV ELEJN8tWDJT7mLhCdqW3 a06qeiApctGnC1GMtGuJ KOLHrmR3FKDMdl4SYdK9
PlmPdVeiiHQg3JYZCDWt
