xse rsg dkp nsw odh ils dgl fin vlb fgp ksg bnl eah vjd idv ukv nbk hat ygr xmg nvz wbg igs nfr pvs jom lky ask zud phg xse
25
ils ocp khu pjf
nfr cun nry jgt tso rsg
vlb cen xeh vvn fia qbf ckx vwg nsw
eah cma rjv fgp
xmg vmv loj phg fyc svk
lky uwo nii mti mok lvm ukv txq jam
dkp vtd krr
nvz ttw yug qxs ils
ygr aii fhv zdb
phg ybr ptu wbg
idv ego nvz
xse fjy
igs adx fzi qdw jfh ljd
fin miy zud wiy rtc nhi xme vmt
ukv wyg fin ruo emz
dgl bda bdh qjf
ksg hcr lwk aeg nmf bod dgl bnl
wbg vzr gex
pvs pvs xjt ksg kfu tlh
ask lrj nko idv
bnl byu uok zkt ogh kxn
rsg tdu
fgp nwc uau nfr hpx uuw tko
odh fbk ikb hmi
vjd kpp
