zMnoKpsz12d1Y6CixoCL WErCaTW8MMgw3ZAta1gT PVcbdr9b4cXQbbu8InjK 73GclC6XOTCjqTwHSUFH g6l3PryZJRSAXJGUyq22 2DqN6NYyebkVczAnrbNI g6l3PryZJRSAXJGUyq22 hzqXRQPGO5tnMpQYDdxn FwLnZPETaUkrkp7dE0hH BVbv363irLjfCXrWQjqn 34ScKN0pHkNmnxdkoIOC BVbv363irLjfCXrWQjqn fat0ktgmwPXvqLhmWfJ0 mNuLv0WHsIRpWEdSUREd fat0ktgmwPXvqLhmWfJ0 YqOJXOtRcgzFFRGKRutM JPD2uBroiElzO4z72vhQ YqOJXOtRcgzFFRGKRutM UkKARQyd3ZxfrQwOeW0R OMLAPgVr1RosMrpENk9K UkKARQyd3ZxfrQwOeW0R 5jE3DcSbPJWRITx0u2Kf 9q9h29089dBsNERnjXsd 5jE3DcSbPJWRITx0u2Kf JOo21iuZtHvP9sSModQZ QmCq2RCVgnssPOgSwAr8 JOo21iuZtHvP9sSModQZ 50qWynRev5CSErzk8Yih QTgsp1BfPDsixeeH6QUT 50qWynRev5CSErzk8Yih RIRtIJewArUY7i7A6OEl TuA4wNSOMjTMUxZ5fZWx JzMVZjOikutQZg00S8wX TuA4wNSOMjTMUxZ5fZWx OcyqfDTyG7wfT1rvpitz LdDKuyalK5FXEd1h8XJt hdXOmxRAbu0HN40emwgb zMnoKpsz12d1Y6CixoCL
18
JzMVZjOikutQZg00S8wX mUERvxQcAO2XlgBTPRGA 07iKiKtYzy9bLoKUo0ve ARorC1kPdEun4czh3dmX Vv2apUMOUSvB9J5u8yJr KP4zLIZ5LMWJ6mkRn6BX GaG5DAqLVuTD09GfUl6l U8fsnzMIN4aMdzToihTq QmCq2RCVgnssPOgSwAr8 FHGlzd4VlMUVjTba9Qjm z6gtkXCB2ntSiYsjrque QTgsp1BfPDsixeeH6QUT uqAmYQiu3O0THeAaPzKH
FwLnZPETaUkrkp7dE0hH qSLkk45Evo68Y4JhMUq7 QFT8yfDPa0xDNdRMchX3 Y2BEa9hp0T63SlTWXenG MDHuBmBbeFOGqzpuNmVz EvdCmEq3CXPDtnZYkiVu
LdDKuyalK5FXEd1h8XJt T7hLF9jTtc4htoAH0PWD 34ScKN0pHkNmnxdkoIOC WELPo1XEQnG4JejlB13A XKYNaFpYuIx7Zx7vNANa
zMnoKpsz12d1Y6CixoCL mNuLv0WHsIRpWEdSUREd
QTgsp1BfPDsixeeH6QUT olgHJpCT79b6HED7FUWa FqxzURcIHYyg2FOpiXCN
2DqN6NYyebkVczAnrbNI 5VNO6t8qAcR3d5jJgfi4 gM8AHyLc0ZjUxmDMuXzJ oDA5VKbLZuTPP2ZEB14d szEChRtMF49nUq5i634G lcq8BXTLE4WDnj4JF3yo FDT7h4JKMRWa9fcDNmXs jdgXkfbupFQ0XUNJEyvU mTYxpEwVJTp369cmBN7S
RIRtIJewArUY7i7A6OEl bUGtOHLCdzsNiRxcLtaT ZvocIzADG7dBR58wmnu8 ZSg6FSZaRCTLmeHoLgMI 2DqN6NYyebkVczAnrbNI Armxs904ujfdAYn9LtOF Vkpfkc0JUDpakJkZipKD HAc1Ylu9mrUmnheKISnK
OMLAPgVr1RosMrpENk9K dBvruVRsFq4ihmzPj7nf NieXnWTTyXxCRp5CSl0i bclRgmmOqfg3PHQz06qB TzlCRBgA0Q2cCjETm7Vx sNJuS4R6b6KAUX5QI4md
9q9h29089dBsNERnjXsd PrzulPuk0tqiNKmdjp0X RvFA5khunRjN3Z7dmUKr oougNPfNRCSRCWJrOUlb 9XhdonQsTDmLQknJ4xeP 3fQHkf8pseCy7Ys4Kez5 5cjkSqVe5mFfFhCgwe8r Ryx97mzVLWHytqmLAKlJ
hdXOmxRAbu0HN40emwgb WdpiLe9uZpnuS9WMphYw
JPD2uBroiElzO4z72vhQ 9c21VhIQJbtu6kG4NZT4 KBGTLYOWLSviflcWwd9y Y0dqIYSR4P9Br1Cq3f9U 8s4ukhLgGBoor0D87KUr yE3wNgUIJB0oZwUjLCMo YIAlamFOfZeHd5qDll32 dUDrtIP8WIldh2FT7uba
QmCq2RCVgnssPOgSwAr8 u91JdIwHTd2zumpXCvmK 9q9h29089dBsNERnjXsd nfdt04yvrwrpPVPzIy2c G6KTAOxQU8MNiSLazU1t W8ft2Hcg1VXPVNTpprS3
34ScKN0pHkNmnxdkoIOC OMLAPgVr1RosMrpENk9K pkPHvGrHHriGlmiL3mRW VxRxz5foWagBafuSz1m4 C3qGKxHtliSTI7oOnHoB ofmz95sRAyIS0ShQndvb JzMVZjOikutQZg00S8wX
mNuLv0WHsIRpWEdSUREd ZcpnIKUrL8i4GzxAolZX cthtNVKVABeolrPabegT
73GclC6XOTCjqTwHSUFH GfpGWz1SaDeisCQVEJrI
BVbv363irLjfCXrWQjqn z2nBS9pweVYpDmW0fMRS 3mTCmcCkVhhFn533BM03 xBNbU9Yu51mQvClxjQdr 15e7umNMnawEegsOhkYh JPD2uBroiElzO4z72vhQ
hzqXRQPGO5tnMpQYDdxn JKKWZrMfMDLTYQt6t5Ap CcIlGrru613gqyngyuYo
PVcbdr9b4cXQbbu8InjK MyPRIiIVlLarPoP5nZfy
