Vernon Terra Sherman Oildale Lincoln Flying California Stanton City Escondido Capuchino Roseland Castle Bakersfield Warner Portola Carnelian Cerro Forbestown Church Sheep Ophir Antelope Sulpizio El Vernon
25
Cerro Warner Le Cabbage Industrial Escalon Timbuctoo Parchester Santa Ritter California Sunny
El Forbestown
Capuchino Richvale
Vernon Louis
Oildale Woody Bakersfield Saint Fullerton Sherman Alamo Coddingtown
Escondido Hammer All
Sheep Stockdale Civic Glencoe
California Smith Bangor Chittenden
Stanton Cressey Dulzura Lake Armstrong South
Sherman Wallace Presidio
Church Ramona
Warner Capuchino Fiorini Collins
Antelope Costa
Forbestown Terra Carmel Strawberry Moores Buena
Bakersfield Clayton Anaheim Bell Bodad Pleasant Manker Grasslands Rough Hoffman
City Winterhaven Three Antelope Brundage Pacheco Potrero Garcia Escondido
Portola Robertsville Beach Delta
Roseland Mecca Portola Veterans Cudahy Tijuana
Ophir Crestmont Donner Rowland Sulpizio Cypress Del
Castle Davenport Industry Huron Marshall Flinn Bradley
Terra Quail Fox Balboa Cambridge Sacramento
Lincoln Kaiser Bonny Yurok
Flying Blue
Sulpizio Temecula Downtown Helm Roseland Smoke
Carnelian Yankee Cerro Calaveras
