Ippudo Platano Soda HildebrandHall NatApartment Rachas SutardjaDai BerkeleyThaiHouse SutardjaDai ThaiBasil Milkbomb Ikea GiauqueHall Dwinelle GrizzlyPeak FoxTheater LittleBird Fengcha HavilandHall Evans HavilandHall Fengcha UniversityVillage TToust UniversityVillage UCafe Flavia SmokesPoutinerie TheDwight BerkeleyMarina TheDwight SmokesPoutinerie LewisHall Cafe3 GPB Cafe3 ThaiNoodle Doe JambaJuice SteamTrains Underhill Wikiwiki NoodleGirl MSRI NoodleGirl Unit3 LaBurrita OptometryBuilding YogurtPark LaVals YogurtPark GreatChina SatherGate GreatChina YogurtPark OptometryBuilding LaBurrita BerkeleyBart BigC TenderGreens BigC BerkeleyBart HappyLemon BerkeleyWayWest Cream HAAS Chipotle Tzone Chipotle HearstMining Campbell EastAsianLibrary LittleCampanile EastAsianLibrary Gypsys Platano Ippudo
22
Ikea SproulHall SatherGate Raretea Plentea Chipotle PokeBar Gypsys SmokesPoutinerie HalalGuys
EastAsianLibrary LatimerHall Artichokes Safeway Shengkee ExtremePizza Venus Namaste Muraccis
SteamTrains GreatChina SaturnCafe GrizzlyPeak BerkeleyArtStudio
TToust LewisHall Morrisonhall McDonalds Firewings ImmThai MemorialGlade SuperDuperBurgers Target
YogurtPark AshaTeaHouse Yifang TPTea LowerSproul ThaiNoodle Mezzo EastBaySpiceCompany
BerkeleyMarina Slivers Quicklys
Gypsys TraderJoes
SatherGate Gadani
GPB Crossroads Marugame Cornerstone Ikes BSC
BerkeleyThaiHouse Morganhall BetaLounge Cheeseboard
Tzone Pappys Milkbomb JambaJuice Wikiwiki ChezPanisse BanshoRamen LittleCampanile
NatApartment EastAsianLibrary
LittleCampanile Gongcha Kips TripleRock TheDwight
FoxTheater KroeberHall TacoBell Teazone Eureka Rachas AndrewsApartment
Evans HortonHall BigC Cafe3 Spats WursterHall LaNote LaBurrita
LaVals Fengcha TenderGreens TheHabit BobaNinja Gather
MSRI MulfordHall NorthHall UCafe SnackShack Homeroom UrbanOutfitters
Cream ThaiBasil Platano Wheeler TukTukThai
Flavia OptometryBuilding HappyLemon TopDog PeoplesCafe SweetheartCafe Jupiter
LittleBird Bonchon Ucha StrawberryCreek ClarkKerr Underhill
TenderGreens AmoebaMusic
Ippudo
