Loc76 Loc169 Loc139 Loc0 Loc195 Loc189 Loc153 Loc161 Loc197 Loc184 Loc157 Loc192 Loc112 Loc140 Loc198 Loc152 Loc180 Loc125 Loc194 Loc187 Loc188 Loc164 Loc129 Loc177 Loc196 Loc76
25
Loc139 Loc15 Loc72
Loc187 Loc25 Loc40 Loc41 Loc80 Loc96
Loc184 Loc9 Loc20 Loc34 Loc50
Loc180 Loc8 Loc70 Loc79
Loc76 Loc76 Loc77
Loc112 Loc16 Loc29 Loc39 Loc87
Loc152 Loc23 Loc28 Loc49 Loc51 Loc86
Loc195 Loc2 Loc83
Loc177 Loc32 Loc35 Loc53 Loc88
Loc188 Loc37
Loc125 Loc3 Loc17 Loc42 Loc55 Loc65 Loc69
Loc198 Loc5 Loc12 Loc18 Loc24 Loc30 Loc31 Loc67 Loc73 Loc91 Loc98
Loc192 Loc45 Loc62 Loc78 Loc92 Loc94
Loc153 Loc46 Loc56 Loc71 Loc75 Loc82
Loc161 Loc6 Loc10 Loc14 Loc47 Loc57
Loc197 Loc7 Loc11 Loc26 Loc81 Loc85 Loc95
Loc157 Loc21 Loc38 Loc63 Loc74 Loc84 Loc93
Loc194 Loc4 Loc22 Loc60 Loc90
Loc164 Loc58 Loc61 Loc66
Loc129 Loc43 Loc97 Loc99
Loc169 Loc1 Loc13 Loc33 Loc44
Loc189 Loc19 Loc36 Loc59
Loc0 Loc0 Loc27 Loc64 Loc68 Loc89
Loc196 Loc52
Loc140 Loc48 Loc54
