Shelf0 Shower48 Toilet13 Clock139 Soap64 System156 Nuclear18 Dog128 Ice9 Boat141 Laptop1 Laptop125 Water29 Whale91 Laptop19 Solar59 Bird11 Shoes8 Soap58 Water21 Horse26 Fusion34 Rollers14 Allergies7 Dislike27 Book24 Shower57 Clock61 Clock2 Ice165 Water38 Mail6 Poop5 Robot164 Soap3 Toolbox147 Ice52 Shower48 Shelf0
24
Mail6 Drugs39 Towel154 Plants118 Toolbox153 Puppy140
Nuclear18 Settings75 Flowers178
Water21 Monster175 Puppy117 Plus78 Male149
Shower57 Dislike27
Shower48 Hnads116
Fusion34 Monster73 Poop76 Websites4
Shoes8 Shelf40 Laptop125 Toolbox146 Soap58 Printer188 Whale137 System183 Towel92
Laptop19 Kitty89 Nuclear18 Toilet13 Shower57
Soap64 Ice165 Hnads182 Fusion34
Toilet13 Ice9 Water135 Shower47 Shoe17
Bird11 Allergies88 Rollers95 Robot51 Robot164 Mail6 Android196
Allergies7 Sink109 Dog168 Soap64 Urine97 Ring82 Comics107 System79
Water38 Soda119 System156 Clock61
Laptop1 Boat67 Allergies103 Ice41 Solar162
Ice52 Soda197 Urine20
Poop5 Kitty194 Dog181 Book24 Website190 Breakfast85
Shelf0 Shelf0 Crab83
Horse26 BBQ36 Dislike143 Poop80 Fusion104
Soap3 Post158 Robot93 Urine124 Mail22 Shoes8
Ice9 Leash77 Poop150 Water38 Solar192 Rollers14 Solar71 Ring169
Rollers14 Light30 Body55 Whale126 Solar130 Allergies176 Cat187 Whale114
Clock2 Horse148 Laptop19 Toolbox72 Clock139
Book24 Dislike12 Shoe174 Clock2
Water29 Nuclear35 Water29 Drugs195 Cat15 Book171 Kitty98
