hdpxs zxchm xscoe yqzit rjuxc pytwh mkndy syoxf mcwry yvbse bkfuc aedvq cxajk kscoz dpuzr zntkr tndwl zadjy tudbo uakjq uzybk htkwy bsvth wnelr whqrj pwydx hdpxs
24
zadjy sxdiu yqtob bdevm zqjxb joztf pytwh tndwl osvgp lmwpk kzwah vcwfj gdovn
bkfuc uklga aedvq rjuxc
bsvth maqho xnpwq vgwoi evtgj
yqzit ayrgb qckjp zntkr oewcd
tudbo oxitr drojn ebwcp cxajk
syoxf xcvow
wnelr armnk dkjro cqsby ktzce
pytwh mujil stflc zcjqx iyuas jhlus wkbuf wcjeg ypdnb
uzybk gdnim wajol mhuad evsbm
dpuzr xlrzc cxdes pgqva utdhx rlumh rchbw pihld mhekz ehqyk
kscoz kscoz btwzv rjdai yazqf
cxajk wotiq qhibx ymcfp wnelr vobqh
zxchm uiogl qsmkj
mkndy qpbmc ahnds bkfuc gufvs amfiz
whqrj lpudv
rjuxc fjdqi jcwpu bsvth syoxv wdquv osxbc
uakjq yqfdk
mcwry gstwp
zntkr lnjxt ohzfn mtcsd qbdwz htkwy
htkwy kjihy tkwle
yvbse nqtru cihba qhvsb
xscoe mlibf frhgc syoxf bwknx yvbse tjake
aedvq tmwdy dbjxw oaeyh hwmzn oxuqn rzvtg
hdpxs
