Hayward Shreveport Orem Lubbock Milwaukee Lincoln Cambridge ThousandOaks PortSaintLucie Olympia SantaAna VeroBeach CostaMesa Bakersfield SouthBend Youngstown PanamaCity Youngstown Fullerton Plano BatonRouge PuntaGorda BatonRouge Eugene MyrtleBeach Victorville Scottsdale Lorain RoundLakeBeach Independence Escondido Columbia Harlingen Springfield SterlingHeights Fitchburg Oxnard Brighton Tallahassee Vancouver Wilmington Arvada Harrisburg BoiseCity Detroit Merced Tacoma CapeCoral Howell DalyCity SanJose Houma Hartford Shreveport Hayward
23
PuntaGorda PuntaGorda RoundLakeBeach Marina Birmingham Flint GrandRapids Hialeah Louisville Newark Spartanburg
Tallahassee SanBuenaventura RichmondCounty Modesto Henderson Huntsville Burlington Champaign Ogden
Orem NorthLasVegas
PortSaintLucie NewportNews Harlingen Newburgh Deltona McAllen Layton Arvada HuntingtonBeach Kissimmee
Plano Barnstable Plano
Fitchburg Tyler PalmBay Tucson HavredeGrace Salem Mesquite CathedralCity GreenBay Anaheim
DalyCity Downey Bethlehem
MyrtleBeach Greenville Omaha Boise SiouxFalls
Tacoma Utica Laredo Charlotte OverlandPark LasVegas Olympia Lacey Vancouver Detroit SantaClara
SantaAna Pueblo Eugene
Lorain JohnsonCity Savannah Aberdeen Mobile
Houma Nashua Waterbury Torrance NewBedford
Lincoln Cincinnati Hagerstown CorpusChristi StLouis SaintPaul
SouthBend Albuquerque Frederick Hemet Stamford Duluth Marysville Bakersfield
Milwaukee Topeka Anchorage NewYorkCity Monroe Bloomington Kalamazoo Melbourne
Howell CapeCoral
Escondido ThousandOaks Fullerton Scranton Fresno
Hartford Hartford
SterlingHeights Oxnard Elkhart York
BoiseCity Norwich Lubbock
PanamaCity LakeCharles Scottsdale
Columbia Racine Columbus ElPaso
Hayward
