7f5b7c 536b21 cb23fe 18ff59 717190 c909c3 daa044 c23933 10f84c dd2a3e 90bcf0 d7d4a0 98546d 8c6c80 a6d0cb 358d70 e52589 957ec9 b8c246 b69079 40cf79 89bc09 9fdbc5 541622 22ad29 7f5b7c
25
e52589 18ff59 a3eab6 fece60 ce509a
c909c3 536b21
957ec9 32669e 358d70 f4756e cf04cd 6ced94 e0f7dc 537a83 f045e7 a08830
22ad29 f5615a
10f84c 97fa28 2f9755 b04992 3fc5b0
7f5b7c 7f5b7c 957ec9
c23933 20427f 8c6c80 22ad29
d7d4a0 b2fa06 e78120 fd25f7 11021c 3df71a f742a0
89bc09 853e4b 541622 9c5717 4749d0
dd2a3e a85abe 10f84c 3292c4 2e6ab4 b535fa
541622 578691 2b057c
a6d0cb 9fdbc5 f88a12 4e5c32 bc8350 e0f00d a51200 6d23c4 e52589 a40dde
daa044 36cc15 1c61d3 e45544 19246a
9fdbc5 1e408a 626470 86af3a 14c5c6
cb23fe dd5707 4459c3 4188fa d12aea
90bcf0 3dc79c e60044
358d70 852215
536b21 e8c504 2193d2 a314be 974c48
18ff59 293f59 d9abe3 1aa96e
b8c246 99ac94 ff603d 73865c d83335 98bf31 645a0c 6281fb
98546d 89bc09 73dd80 dfba28 9b10ed
40cf79 ef8230 4c44ba 2c8bdc d5f5c5 2ffab6
717190 d597c1 a6d0cb b9c2f4 3b9bcd 70482f
8c6c80 a3eeb9 4eb2aa e2665a a1b647 a21b15
b69079 d9351e a670a6
