IvOdahrtFwzZ OaFvNWZuTHit IQvKLYGCcCbd etjGizhQhrRW IcNVObbuvzWY fiHhqLtPfdZy YQysVrjIrQBg YIFfrMiRNqqd eTrfywteWUJB LlIlpKJAPkkQ idefWDKaqcyp WUHzPIhaINNz ctZWqndwhbJm qxhFFIUEfnzV pJYrGRIbLWnD cpNycWVdmzHJ NxxrxPgsnMqG ZPYnROAizafx rmWPWcGZXZMo CridpdwZYWlJ jXfRZxvlYeVi gkTmCiZxFrJw OoWDPDlyJyRc nKmMbiEuiffc IvOdahrtFwzZ
24
pJYrGRIbLWnD ybLCwZqVZKud mvdksSctoMVi FkNlSGMBOUbz
gkTmCiZxFrJw vkOqMvrCUWYf ppfBOAvWYXyJ QDhUZstsJKtV EwXugPkGUVkm yVSfaizVeLPT NMSHhfMtAJZb gJMLzBkWmUoV HVwGkspnDHbf
OaFvNWZuTHit touUfboeiIya UYTxhnOtiPHB DiKlonktcqTP
ZPYnROAizafx qxhFFIUEfnzV oKIKkmsSWzmH ocysUjOwnenm
CridpdwZYWlJ fiHhqLtPfdZy cQFNlImsTWTM RQBxIsRWzmfl lRgeGnDJBtMa nKmMbiEuiffc KtoZVrQmJWki tARvBeqQDqSY
nKmMbiEuiffc ypApeqMQPnQA mgKEFEWheOqk quZcTYtpBjSn LNoKVqXhLEzn aXlcDzbXwAJW OIjApACwnyqG
rmWPWcGZXZMo HEwqlaeMfSzl TZmWJenJbEsV wXjNgGRCXYRl YGzazHdyrGCd YvLRANdegrdA
qxhFFIUEfnzV nlzJUuBrsbXD evRMhyiHKGXv yHOsEGOhjOLt ZPYnROAizafx
idefWDKaqcyp sFSBpaJxLpBT qFGlIHDqKyPA
jXfRZxvlYeVi gkTmCiZxFrJw gXcuqckdTdIP SKbQkQUhqQEt EOKLHvbbCToE TTwdgXpOLyxF IcNVObbuvzWY aSpDrTbKBytW
etjGizhQhrRW GvyjKkGcUdcI WUqhotrexTBp sTgUExIipvWV
fiHhqLtPfdZy jXOmYlZmvqnI TglqUXfjbefC XwPJYwaGcHxO WHSGrQQrrotE zcAOlsVDUDkc fblrDraNAUxK nyTRNDRCsANl yFQWQWtUUMle mZUBOQTZyXOM wHeDieHMYzAK
OoWDPDlyJyRc lznMKRYSMheH WnABnktZDxMx AoaIXEzdsCrm qlMzHEurfTvO uzYTzVwixczQ zCWezcJmUGqs EKWhDcEeEkGK
cpNycWVdmzHJ PKHkuTHeRXhO jXgKDXnEJsra cpNycWVdmzHJ AhJBAeSEuUkL
YQysVrjIrQBg PFpQuVVRxbvV WRiugWLCujBI ubtvaUeVUfmV JpwDMOwQmqOp
IcNVObbuvzWY NxxrxPgsnMqG IfTQNEFsiTgr QxNjgiXciQma nxbMBCPhfQij
eTrfywteWUJB WsLfQLsirtHk zOkfhFVfOKVi xXoCKkdkKAne WWtfhwMSzfGW QFfSmYtuSTPl cRekprdsHHWw QZQElPdcHxru
YIFfrMiRNqqd IQvKLYGCcCbd oOIjuHJcVRiV
WUHzPIhaINNz hPSXtHMMyKAK AQgpWBullbIi JNoAmCxHcsYw
NxxrxPgsnMqG nschEYWjrAsr hLCSOZLNEdhX
IQvKLYGCcCbd zypYDSZfKAvD dXlgwkdKhUmB
ctZWqndwhbJm RGYiIUdVAiVL ctZWqndwhbJm pjemGRILnFei
LlIlpKJAPkkQ UGahWpWtmUQn
IvOdahrtFwzZ
