0 21 147 28 34 96 1 188 126 8 32 137 127 15 97 11 81 192 16 52 14 105 12 116 4 30 5 42 2 22 155 197 23 13 55 9 3 198 73 59 0
25
30 101 156 59 196 55 141
34 111 178 31 157 155 7 130
11 35 11
4 6 135 152 36 151
73 61
2 164 1 95 109 34
52 30 10
23 91 73 22 184 198 15
15 129 171 138 122 24
0 173 25
28 96 38 194 68 144
1 124 18 5 187 23
14 50 123 145 162 12 136 62
12 160 140 56 39
81 118
42 161 89 49 66
13 193 26 21 158 83 9 71 105
5 80 42 168 17 60 163
3 79 110 108 102 189
21 150 27
8 179 104 142 16 75
32 87 93
22 119 67
16 147
55 40 172
