a0 a10 a8 a156 a3 a163 a116 a168 a77 a2 a194 a4 a125 a25 a1 a11 a165 a190 a187 a14 a30 a9 a183 a34 a0
24
a2 a82 a10 a87 a59 a75 a153 a121
a156 a124 a168 a46 a14 a16
a187 a22 a78 a156 a50
a10 a165 a43 a38
a30 a154 a160 a79 a126
a11 a17 a7 a21 a151 a80 a55 a155
a165 a133 a175 a129 a144
a183 a42 a192 a53 a186 a108
a125 a56 a94 a120 a63
a190 a88 a77 a6 a85
a3 a172 a145 a31 a183 a68
a25 a3 a180 a142
a116 a158 a173 a99
a8 a27 a45 a83 a25 a28 a198 a102
a0 a131
a194 a29 a58 a98
a9 a107 a93 a195 a11
a34 a96 a101
a163 a177 a44
a1 a178
a77 a49 a163 a138 a103 a185
a4 a157 a161 a130 a149 a196 a135
a168 a104 a41 a140
a14 a57 a60 a134 a33 a159 a32 a8 a37
