ssp200 13 10 2 181 167 173 171 170 169 168 172 167 181 137 145 137 181 182 192 191 192 182 187 183 184 185 186 188 182 194 195 194 182 181 152 160 163 136 163 160 152 181 2 10 13 ssp200
18
173 49 146 149 155
183 6 41 90 154
169 44 75 109
192 20 51 80 81 93 104 111 119 124 183
167 35 101 134 165
186 15 30 48 63 125 138 141 191 194
195 33 65 74 94 95 131 140 195
181 3
187 5 18 19 21 36 50 56 60 116 153 179 180
184 11 78 108 170
170 45 59 105 110 123
182 4 66
185 14 34 139 164 171
191 26 64 79 126 156 169 176 185
145 120 135 150 168 184 186
194 29 71 86 89 161
136 96
ssp200
