Jason Christopher Donna Jessica Kristine Rachel Derek Ashley Kimberly Tammy Larry Daniel Krista Nicholas Chase Michelle Spencer Jordan Bryan Robin Randy Melinda Angela Kyle Nancy Jason
25
Krista Ricky Evan Andrew Wayne Cheryl Christina Ronnie Jordan
Chase Edwin
Rachel Brian Robert
Jason Derek
Randy Joshua Timothy
Jessica Shannon Megan Jacqueline Wendy Jill Monica Kyle
Nicholas Dana
Bryan Mercedes Dylan
Jordan Nicole Roy Kayla Michelle Stephen Bryan Randy
Kyle Heather Regina Kelsey Shane Dustin Jane
Robin Lauren Jeffery Logan Kristen
Angela Stacie Jeffrey Kathy Susan Alexandra Rachel
Daniel John Tristan Paul Carrie Joseph Crystal
Melinda Gabriel Katelyn Brad Kara Melissa Kari Mary Gregory Tammy Melinda
Kristine Mario William Rebecca Brett Brittany
Christopher Amanda Ashley
Donna Johnathan Cristian Mark Sabrina Robin
Kimberly David Jose Carol April
Michelle Adrian
Nancy Samantha Laura Rebekah James
Tammy Misty Charles Tommy Nicholas Jennifer
Ashley Adam Claire Kimberly Scott Elizabeth Grace
Spencer Karen
Derek Nathaniel Juan
Larry Shawn Jeremy
