Granbull PorygonZ Fletchling Cubone TypeNull Smeargle Staravia Tsareena Regirock Zigzagoon Buizel Aipom Nuzleaf Luvdisc Ninjask Dusknoir Blissey Raikou Mudkip Raikou Chatot Electrike Unown Kirlia Lunala Finneon Haxorus Magmortar Quilava Skitty Kangaskhan Milotic Deino Wailord Corsola Binacle Exeggcute Binacle Chinchou Typhlosion Bulbasaur Granbull
22
Magmortar Absol Dustox Spiritomb Spinda Relicanth Lycanroc Probopass Chatot
Lunala Torracat Crawdaunt Charmander Metapod
Nuzleaf Roserade Butterfree Torchic Rufflet Hitmontop Glalie
Ninjask Cascoon Happiny Reshiram Exeggcute Feraligatr Deoxys
Blissey Rockruff Luvdisc Skitty
Skitty Whiscash Jirachi Infernape Trumbeak Bronzor Goomy Chespin
Luvdisc Budew Mawile Metagross Floette Reuniclus Carbink Vivillon
Corsola Buizel
Typhlosion Gliscor
Smeargle Ampharos Beedrill Lampent Torkoal
Regirock Mantine Mightyena Electrike Ninjask
Dusknoir Chinchou Quilava Cinccino Remoraid Crabominable Typhlosion
Kangaskhan Diggersby
Chatot Slakoth Binacle Cubone Whimsicott Serperior
Zigzagoon Unown Charizard Krookodile TypeNull Mudsdale Bergmite Magmortar Floatzel
Electrike Carnivine Pidgeot
Mudkip Heatran Arbok Mimikyu Grumpig Jolteon Heatmor Lapras Lileep PorygonZ
Fletchling Kangaskhan Greninja Malamar Swanna
Tsareena Tsareena Cosmog Bonsly Darkrai
Wailord Sylveon Machamp Golbat Flygon Nuzleaf
Exeggcute Raichu Magmar Electrode Corphish Blissey
Granbull
