L12 L103 L196 L0 L195 L197 L179 L186 L191 L162 L174 L166 L193 L198 L157 L190 L167 L183 L189 L128 L187 L94 L12
22
L197 L189 L87 L181 L32 L97 L168
L128 L99 L102 L11 L92
L193 L180 L86 L141 L197 L105
L167 L83 L68 L148 L121 L56 L90 L195
L190 L192 L22 L115
L12 L23
L186 L190
L195 L104 L37 L75 L96 L135 L78
L166 L55 L3 L73 L175 L187 L98
L94 L164 L61
L162 L88 L24 L149 L125 L147 L20
L198 L36 L85 L2 L74 L53 L172 L146
L189 L126 L122 L196 L103
L187 L40 L150 L144
L179 L108 L130 L10 L95 L182 L45 L131 L107
L0 L72 L116 L28 L106 L82
L174 L173 L158 L139 L186 L155
L157 L65 L0 L199 L48 L169 L171 L133
L191 L79 L114 L174 L70 L165 L27 L34
L103 L7
L183 L117 L112 L59 L60
L196 L154 L50
