0 52 101 93 33 83 75 71 46 15 46 3 16 22 16 85 1 114 7 67 13 49 21 92 10 92 2 23 62 89 141 4 148 40 8 14 29 39 72 41 144 11 25 5 128 68 0
25
3 176 180 102 17
71 108 36
15 50 126 83 199 30 136 45 106 55 103 156
29 4 114 189 183 34 48 122
52 91 134 130
13 162 52 82 66 185 121 76 149 74
10 31 109 88 197
4 80
93 40
8 67 160 168 184
11 11 97 27 195 116 198
33 137 19
0 140
2 62 144 152
14 13 42 179 84 35
1 131 59 171 139 26
23 10 16 70 174 85
22 166 147 157 72 81
25 128 69 46 87 196
41 145 98 181 105 151
40 143
5 111 53 125
83 20
62 138
7 9 117 23 177 63 75
