21 152 153 172 26 190 26 72 187 72 26 4 108 167 166 28 25 179 25 18 198 101 64 95 195 95 197 148 176 146 53 150 151 191 192 193 194 101 198 101 8 96 1 139 142 185 143 157 184 81 113 188 111 152 21
22
192 3 17 81 95 157 171 183 197
197 45 55 57 99 119 147 155
188 33 83 179
184 27 103
1 1 29 89 107
21 21 43
198 65 87 173 177 191
153 91 187
187 35 47 51 63 109 181 195
167 19 101 125 135 175
191 31 73 79 93 143 153 167 169
176 9 11 59 69 71 111 129 131 133 193
18 37
179 23 41 85
195 5 7 25 53 77 115 117 123 189
193 113
166 13 39
194 15 75 121 141
190 61 145 185
185 67 137 139 159 161 165
150 97 105 127 151 163
172 49 149
