74 78 73 75 21 25 21 192 200 194 196 195 192 182 190 182 172 171 177 178 171 172 46 2 7 3 6 1 5 2 46 102 106 102 18 17 20 19 12 14 11 18 75 77 72 74
25
18 191 197 39 128 80 104 70 142 140 75
195 199 116 73 35 122 29
77 88 59
190 179 57 114
1 148 77
177 25 156 14 131 30 175 189 68 46 157 198
74 74 163
2 86 139 166 111 19 36
200 96 55 137 32
73 168 83 145 61
25 6 126 66
72 174
196 69 164
3 50 81
7 47
17 41 11 161 178 136 53
75 180
11 54 89 185 2 118 99 119
14 31 192 165
106 37 13 62 23 153 38 82
5 146 135 167 52
194 151 8 160 169
20 28 113 172 58
78 141
178 26 76 85 16
