21 13 14 16 120 3 43 6 4 7 15 0 57 70 24 50 38 105 51 8 1 35 5 10 23 80 159 19 94 2 21
25
57 154 169 32
80 49 60
16 51 46 38 105
4 17 34 36 7 156 114 54 53 95
10 24 160 16
38 97 144
2 18 184 131
43 29 64 15 27 102 88
23 163 74 108 72
0 147 188 90 119
1 20 130 178 96 115 103 61 159
70 152 68 168
5 136 167 100 146
13 47 151 56 82
50 116
21 21 127 134
3 14 170 120
14 48 125 2 133 196 137
15 23 180 30 75 62
51 121
7 42 45 10 186 118 78 177
19 135 81
35 31 142 37
8 194 91 40 122 139 176 87
6 190 172 149
