s h129 h180 h153 h179 h194 l16 h191 h186 h195 h193 h199 l95 l39 h160 h145 l34 h100 h146 h149 h198 h197 h170 h190 h187 h192 h185 l84 h196 h183 l35 h167 s
25
h192 h101 h107 h108 h126 h128 h134 h140 h141
l39 h139
h199 h136 h144 h147
h179 h115 h121 h124 h161 h170
s h100
h197 h102 h127 h138 h154 h184 h193 h197
h146 h110 h123 h169
h196 h135 h167 h186 h188 h189 h196
h191 h183 h190
h129 h130 h173
h186 h103 h131 h148 h151 h164
h195 h158 h172
h153 h106 h129
h190 h111 h119 h132 h180 h195 h199
h180 h137 h165 h185
h167 h155 h157 h175
h100 h153 h160
h198 h104 h109 h120 h166 h191 h198
h185 h116 h117 h125 h143 h146 h150 h159 h168 h176 h179 h181
h194 h105 h133 h174 h182
h145 h113 h142 h149 h162 h163 h171 h192
h193 h112 h122 h145
h183 h114 h118 h156
h170 h177 h178 h187 h194
h187 h152
