node139 node166 node19 node3 node187 node167 node17 node5 node33 node128 node1 node126 node13 node189 node29 node2 node137 node66 node109 node64 node4 node30 node50 node36 node15 node130 node6 node7 node160 node21 node181 node8 node44 node10 node24 node139
23
node15 node158 node129 node149 node97 node52
node137 node80 node30 node96 node117
node33 node24 node42 node22 node81 node12 node59 node188 node72
node21 node17 node111
node29 node65 node167
node17 node37 node181 node191 node33 node182 node19 node48
node30 node163 node66 node92
node6 node125 node53 node107 node126 node130 node84
node66 node27
node8 node184 node192 node38 node86 node200 node16 node55 node54 node116
node4 node178 node124 node152 node71
node13 node50
node19 node20 node56 node169
node5 node114 node185 node123 node154 node47 node143
node7 node119 node5 node26 node109 node61
node1 node195 node159 node85 node108 node102 node160
node44 node134 node1 node157 node94 node141 node173
node2 node60 node98 node41 node73
node3 node8 node100 node10 node112 node190
node167 node3 node146 node18 node51 node180
node64 node165 node186 node162 node57
node24 node49
node139
