507 2c9e2 356a6 2a6b1 2604f 9bd9 2bfd4 365bb 33375 39801 37ede 32e6e 31f59 360b4 36ac2 3a20f 38df3 392fa 383e5 36fc9 2fc28 33d83 388ec 39d08 507
23
36ac2 27e79 26a5d 2f21a 2c9e2 2513a 36ac2 214e6 18822 6993 31a52
365bb 374d 20fdf 2a6b1
392fa 164f1 e742 1923 9bd9 25641 155dc 11988 1831b
2c9e2 1ab53
356a6 3387c 10065 32e6e 12396
31f59 82b6 19737
39d08 dd34 23817 d82d 2b5c6
2fc28 33375 ba03
3a20f 1790d 22e09 150d5 374d0 23310
383e5 30636 15fea 91cb 8cc4 18d29 23d1e
32e6e 1ecae 32460 16eff 1c97d 648c
388ec 2d8f7 379d7 3012f 17e14 169f8 388ec
2bfd4 200ca 4662
2a6b1 27972 2b0bf 78a8 360b4 c411 26f64 2ddfe 25b48
39801 1a64c ec49 28d8e 3246 11e8f 1ba68
360b4 1d892
33375 2fc28 38df3 2e305 2cee9 c918 356a6 1dd99 2472c
36fc9 aff5 5577 3428a 1056c 2bacd
507 3c54
2604f 13cb9
38df3 d326 2604f
37ede 1f1b5 4b69
33d83 146c7 22902 24c33 1e2a 36fc9
