node0 node39 node149 node127 node4 node1 node14 node12 node3 node173 node10 node11 node83 node13 node87 node62 node27 node82 node96 node20 node193 node169 node100 node8 node55 node194 node70 node2 node104 node24 node18 node7 node18 node0
22
node39 node139 node169 node171 node174
node8 node108 node116 node125 node126 node141 node149 node151 node163 node185 node188 node197
node14 node114 node146
node10 node110 node121 node154 node157 node191 node192 node194
node27 node127 node156 node182
node1 node101 node106 node131 node133 node135 node142 node148
node194 node119 node122 node134 node137 node138 node187
node11 node111 node128 node170 node172 node184 node186 node189 node195
node12 node112 node130 node153
node96 node196
node7 node107 node129 node144
node169 node109 node140 node147 node166 node198
node20 node120 node136 node164
node55 node155 node175 node180 node193
node3 node103 node132 node173 node176 node199
node2 node102 node105 node145 node159 node161 node165 node168 node178 node183
node24 node124 node152 node181 node190
node4 node104 node115 node117 node143 node177
node13 node113 node150 node158 node160
node18 node118 node179
node62 node123 node162 node167
node0 node100
