8 98 145 146 182 176 178 138 90 149 161 187 193 188 192 191 169 190 156 115 154 165 105 152 186 189 151 143 174 121 83 6 1 3 31 8
25
176 80 185 100
83 160 24 5 164 4 153 51
192 99
152 188 109 105 89 73
161 33 142
189 53 113 182 118 52
154 183 127 87 30 135 83
191 69 191 192 173
182 19 59 72 168
8 88
186 97 29 26 126 22 171 61
151 54 71 136 21 145
31 66 121 55 165
178 6 85 45 68 152
188 169 38 39
156 193
165 102 115 181
174 137 147 120 47 144
145 25 49 116 17 125 40
193 95
187 63 35 79 174
1 123 124 64 2 65 42
190 172 179 91
98 23 70 3 190
90 90 82 167 93 78
