0 80 119 118 117 116 115 114 113 112 111 110 109 108 107 106 105 104 103 102 101 102 103 104 105 106 107 108 109 110 111 112 113 114 115 116 117 118 119 80 0 1 18 62 139 138 137 136 135 134 133 132 131 130 129 128 127 126 125 124 123 122 121 120 26 12 1 0
21
139 7 10 14 25 28 37 38 40 41 42 48 50 51 55 75 77 79 88
131 104
102 118
119 3 5 12 13 19 20 22 26 29 46 52 58 59 66 76 84
136 94
130 108
118 4 6 11 16 17 23 24 27 39 43 44 47 56 57 60 63 64 65 68 70 71 73 78 86
133 100
80 2 8 9 15 30 31 34 45 53 61 67 72 80 82
104 114
138 18 21 32 35 36 49 54 62 69 74 90
135 96
101 129
137 33 92
134 98
132 102
129 106
105 112
103 116
106 110
0 1
