USZWPSB HVERBTBS MQSJLQ EMAAQWO WEXBJV MOXGRP LZJJRVPRK GCKGMUXEB VTPZPDXM QPHYDQYV CLDVKXUY XODUVJHE JIDZW LJIWVABQS JBHQVBXP GWDJBFTV AROLW ZRNZNV SPLDAD VFEEU BDHKKLSE UVWOHGC PSCLAN FPWIFBHR LTNYJY USZWPSB
25
SPLDAD LNDUQDYSK GLYDZ APBFJMOOF
JIDZW MRXNI XHMMLM XENTNT FJQMKJNWE
LZJJRVPRK APIOYKU FCWRH AIGGLZT
BDHKKLSE AHZYCQM BHAMV XQOMNCXDB BCHOPGEE TTXGTNV TOAKXEQ RQWCFDHW YKOGGTNN YAETAC
MQSJLQ EPJHOESBB EFOWXJQKY AXCWU
LTNYJY EHQRYBZ JXLFSOAT RVPJHZLQQ
VFEEU FZGDAQKRC GEGFOSJ JOXQIX HSJUMJH XSWDY TGPYEAP RLWAP DIXXP ACYPAPBPW
JBHQVBXP ZEZKNGTK ZNZOQPE VWHRKOPZ RUGMYM JEGRK
CLDVKXUY DFFFG FZNKCK KRUSUHB WEXBJV
WEXBJV JVWIZDBS HEFYBKPUF
PSCLAN MWXYLX
FPWIFBHR RBNAR ILXWSRIC NTZSZ ANHOTJN GALHVZ
GCKGMUXEB AOVKACB GNXDBJSVR RJDHJFNIN DKINCMT FLOTLYFG XZUPVI
LJIWVABQS FPWMJC CWLLCM
AROLW NCPEGX HNOOUELP UBODMUMJ VBAQD JQHORKB RGSOR
XODUVJHE BLXWCB ORCMU CCTJZN NHNDWOH HVERBTBS
GWDJBFTV MSHZNEX VVSNO QMHLIXVD EJXSCSGM MYDTJZPES ZKGYGD
UVWOHGC TQSCIQTX
QPHYDQYV SIAFKK LYRSZA OVKLH
MOXGRP VWNAJFRNG PJXURKPC VFEEU
HVERBTBS KAUIIR OLUPAJLP
ZRNZNV HSAIPP RGLCPSJQE NZJGYK YFEZIO NIVCBBO WTQCHXQ HWJUZVNH
VTPZPDXM NBRZI
EMAAQWO EMAAQWO SICVXMLGL YVIRIDDRA UDNWTRHT YOUZA MOXGRP
USZWPSB USZWPSB
