140 153 123 28 17 155 35 139 19 41 101 7 180 6 180 184 122 51 122 56 150 8 150 27 156 54 112 22 112 111 2 148 186 161 186 60 58 107 16 107 1 196 12 0 160 4 103 162 36 162 172 144 24 151 140
22
24 176 36
6 18 103 32 40 9 84 104
8 44 95 167 97
19 94 114
4 177 42 166 8 80 130 115 117 47 65 79 182
51 27
28 7
2 76 179 132 11 135 196 142 55
0 35 93 21 125 159 62 128 186 6 134
17 19 102 83 175 22 89 133 77
60 12
1 169 13 170 82 154
36 112 160 127 150 190 5
58 45 96 168 123 146
7 14 49
35 59 10 73 53 57 61 173
22 193 25
12 50 108 85
54 178 151 51
161 197 41 185 29 39 56
16 139 158 4 101 153
140
