TA0 TA199 TA198 TA197 TA64 TA63 TA62 TA184 TA11 TA12 TA175 TA174 TA173 TA172 TA171 TA170 TA169 TA168 TA167 TA166 TA165 TA164 TA163 TA162 TA161 TA160 TA159 TA158 TA157 TA156 TA155 TA154 TA153 TA152 TA151 TA74 TA73 TA179 TA178 TA177 TA176 TA175 TA12 TA11 TA184 TA185 TA186 TA187 TA188 TA189 TA190 TA191 TA192 TA193 TA194 TA195 TA196 TA197 TA198 TA199 TA0
25
TA171 TA182 TA185 TA116 TA92
TA194 TA187 TA65 TA3 TA24 TA85
TA163 TA106 TA134 TA44
TA190 TA107 TA20 TA47 TA9 TA49
TA199 TA74
TA165 TA126 TA148 TA95 TA136 TA35
TA189 TA119 TA169 TA73 TA133 TA181 TA103 TA184
TA192 TA88 TA192 TA51 TA17 TA23
TA179 TA63 TA165 TA137 TA66 TA158 TA139 TA127 TA154 TA16 TA15 TA70
TA197 TA167 TA68 TA86
TA156 TA39
TA191 TA75 TA83 TA189 TA22 TA54 TA151 TA135
TA168 TA124 TA50 TA32
TA178 TA147 TA188 TA80 TA25 TA178
TA164 TA149 TA34
TA195 TA141 TA33 TA171 TA109
TA157 TA98 TA191
TA193 TA122 TA46 TA5 TA114 TA180
TA167 TA99 TA7 TA41 TA31
TA185 TA175 TA179 TA43 TA108 TA64
TA176 TA26 TA195
TA158 TA90 TA67 TA155 TA190
TA172 TA19 TA131 TA8 TA37 TA94
TA198 TA2
TA0 TA84
