Milton Multan Burylbaytal Bifoum Harahan Pakalongan Koronadal Speedway Poltava Esperance Koboko Grovetown Morawa Nguigmi Obihiro Brikama Cairo Magdeburg Magway Wallington Sola Devine Tunapuna Lukulu Cranbrook Milton
25
Koronadal Kasaali Wallington Dunhuang Cooma Managua Karur Tabriz Madrid Aizawl
Cairo Esik Quime Chancay Kelang Helotes
Wallington Winona Devine Jerusalem Cairo Totness Joliet Trang Pakalongan
Pakalongan Kanoya Shu Campana Clawson Koboko Carnikava
Milton Milton Esmeraldas
Tunapuna Skiatook Pasadena Plast
Koboko Martin Barabinsk Chicopee Yevlax Tallaght
Bifoum Rumuruti Elburn Morondava Zicheng Scottsdale Mauldin
Magdeburg Sari Hengshui Kerma
Speedway Nguigmi Kirovohrad
Brikama Boosaaso Crawfordsville
Nguigmi Ipatinga Jeonju
Esperance Marsaskala Siquijor Nusaybin Plainfield Arras
Grovetown Bam
Morawa Tunapuna Ihosy
Harahan Zvezdnyy Jambi Jizan
Sola Littlestown Piran Hayden Ashtabula Kiruna Keene
Obihiro Moorhead Berkley Multan Chicago
Devine Harahan Agago San Tabuk
Burylbaytal Barddhaman
Magway Lodja Zumpango Sofia
Lukulu Burylbaytal Heath Bonao Socorro
Multan Cochrane Moanda Pleasantville
Cranbrook Luga Salsk Toktogul Shamva Makinsk Dalby
Poltava Zadar Samux Eydhafushi Kimba Kitamilo
