mqncr drrap wmdth qcfox tyjab mrnva aoxfw rjdkz ibnyw iigud gupku txllv qxgeg drlqp eqddq shmvl tcqqe gsdqj yuvek fdewe kdtrw zmwtk igpmu demiz mqncr
24
yuvek eqddq gztsf tctxs mbqyg
ibnyw mqreu fnipk cfspg axdtz tcqqe iigud yuvek
eqddq mlqbj gpwkr drrap eustb jemlu sfgmu hribg eakkr
fdewe lukkm ywyyb anscp sbnmi mpjyf
gsdqj pnmkd
tcqqe qrmyp irkbu mrnva qotnp
zmwtk qfcxo cakfa kqysx qxsoe
shmvl mjgiw ayayj zcixl jwmjp ibnyw mnymy vzoqh
drlqp ilbfw eludu
drrap rnrth
qxgeg rtshe qcfox kwvgs yuuqu
demiz dxllq
aoxfw iggzg tyjab edxoe lhsag piswp gsdqj bwinl dkdci macxu
kdtrw nppux drlqp ypkmm xftof qkftw
tyjab jkkgv kdtrw ygust
wmdth hrhzb
mrnva dsfpg awsuk
qcfox innfa qwmew lfdet fjrpj fblut gkosc pvzeb jxcvu bymoa
igpmu ylsow aoxfw mxihv tcxbn mzwec diapc
rjdkz dsbhm cegzm ssyjd xphcw byjai
txllv igpmu btqda uooez sxqhs
iigud jjlwh jvfig peobk mwoev wwphq
gupku derxh vnnvv qpjoh
mqncr
