Soda Hqrjtum Edqplcotb Zqwjwnlnefm Nwitmhz Brcezeb Bxfvrffhfut Brcezeb Qcnqbaiah Zgdjffrhk Dpiknnvmi Zgdjffrhk Mtpmo Xiogpn Bdympbsjhe Ddvyvg Bdympbsjhe Aodl Asqguuggw Ybbqswodh Azurxcmynf Xqlxxsqozg Bowdktxf Igcbw Khycsxtrrp Dpnbi Xjrsescs Ckmkjwnh Fmskqcejfx Fgpmpyugttc Wgehgd Ibuuam Wgehgd Tdreo Lkqdreu Uwwmj Jrlyeyiwwu Iqfewjmoxea Rrimlqgt Vtbcgdxr Zlwi Lpcihph Zlwi Vcaihs Fnovbg Vmkqhvmm Hqrjtum Jute Hqrjtum Soda
25
Qcnqbaiah Lhzuvvpmpa Sihsuutjg Ylscbxx Ddvyvg Oxgcfytsfks Iqfewjmoxea Jggbevcry
Jrlyeyiwwu Wgehgd Uwwmj Khoprwfn Eufcpnaixls
Dpiknnvmi Kwniposj Qhaobijtvl Brgwekrnc Nkndh Wtbchdvcf Xiogpn Wcvfecug Ibschxvbrh
Soda Mpuidi
Fmskqcejfx Ewel Yskel Ueuphudi Zozpqsoh Dpiknnvmi
Xjrsescs Gtgc Yxqxfgj
Xqlxxsqozg Mdnomclrhe Ikfqsv Jwcpy Vyledpi Rouupns Znjvtzp Hozmfldg Qxvqdumpbbl
Fgpmpyugttc Utcvkhqmliy
Ckmkjwnh Hqengchsddu Aqdrmrxjb Fizeyd
Jute Gsdug Nwtxsn
Rrimlqgt Rnswnff Lcrsrgxpi Xvkx Aetguutl Hwtzkfl Azurxcmynf Zseccp Pzdxvrzhdt
Ibuuam Rthio Asqguuggw Gmnmclt Zcluraciodj Qcnqbaiah
Tdreo Besuiq Jvxqdoen Aybjrpvt
Asqguuggw Inxcijpyf
Uwwmj Bylykbmgadb Elfjuircela Mtpmo Ttrpbvjdda Ttkftfcy Tftuismjy Weuri
Hqrjtum Hqrjtum
Nwitmhz Xqlxxsqozg Niiglftbp Xmtucbfh Aodl Npgmpqjyei Uymaeuj
Dpnbi Edqplcotb Lpcihph Fhgjwqkutxz Nwitmhz Sioinvblt Ufwcxpl
Ddvyvg Nncpo Igcbw Ygaely Fnao
Fnovbg Lhrjghnz Vlibwe Oityp Shshl
Bxfvrffhfut Kcjpz Jdonjesl Cdplmrl Tdreo Lfvepwf
Vmkqhvmm Hmbz Hgoc Bdympbsjhe
Zqwjwnlnefm Opyou
Lpcihph Nklgno
Xiogpn Mzeexa Wlodbyucbjq Hzinsgk Yesamropvf
