0 3 37 145 78 144 16 135 171 128 113 70 1 198 169 126 87 98 14 40 29 161 120 159 120 8 105 185 164 110 189 194 121 178 11 97 139 48 139 53 21 13 0
25
97 4 3 83 94 14 30 73 58 9
40 25 93 26
21 72 40 42
121 85 6 57
159 88
145 98 56
178 37 62
70 19 52 38
3 18 7 97
29 43 8
128 69 70 15
189 46 77 27 22 32 36 21 66 34 71
198 74 76 29 31 75
53 17 60 89 78
48 11 45 95
164 53 23 96 91 1 20 90
144 92 61 84 12 55 24 54
161 44 82
105 2 35 68 10 13 50 63 87 99
16 5 47
13 33 67
87 59 39 41 48 51
185 65 49 64 80 16 28
169 81 86 79
0 0
