0 84 0 155 137 99 128 153 129 192 129 58 31 182 12 69 32 9 187 159 49 186 97 61 181 68 181 61 33 199 33 2 112 188 112 195 125 183 135 177 135 18 106 196 120 130 197 90 143 11 189 36 160 131 91 173 198 126 162 126 133 65 194 132 178 136 178 55 0
25
199 139 64 129 56 73
187 27 55 19
136 150 50 59 3 11
177 188 52 9 29
155 83 186 69
182 21 132 1 23 57 104 102
162 138 170 119 68 198
173 197 112 142 43 97
181 39 38 16
196 141 14 175 77 20 185 147 2 26 196 95 123 10
0 99
68 66
153 46 103 89
197 90 189 152 24 137
192 85 108 82 71 74 35 157 172
183 45 143 100
195 124 164
194 41 176
198 72
130 105 12 161 169 160 125 167 101 92 67
189 148
186 13 94 106 166
188 195 182
84 51
160 49 107 86
