0 132 185 67 195 161 186 199 100 182 107 189 14 55 165 88 188 178 193 127 92 197 120 191 190 171 196 174 50 192 194 192 108 24 0
23
191 4 10 16 28 40 62 70 92 106 124 154
186 22 134 156
190 32 34 74 126 142
196 12 18 38 58 82 116 174
24 50
174 78
195 140
189 24 56 104 166
171 72 118 120 186 188
188 6 14
127 88 172
108 52 136 180 192
165 42 64 68 80 114 146 162 182
0 0 2
178 36 44 122
194 8 30 66 86 96 128 138 178 184 196
199 20 26 48 60 112 132 148 158
100 98 100 160 170 198
50 102
192 144 164 190
197 46 76 108 130 150
185 54 110
182 84 90 94 152 168 176 194
