2 157 2 154 2 41 85 9 60 35 199 97 183 97 199 121 7 79 170 185 150 101 93 194 10 31 125 5 169 63 26 11 26 63 131 128 198 128 173 59 5 163 188 163 158 112 190 112 158 110 82 178 72 197 120 133 16 179 171 149 66 135 114 107 43 80 43 107 114 126 180 174 182 189 184 64 186 0 192 0 186 38 83 73 58 1 187 1 50 129 19 143 41 2
24
173 73 119 113 86 187 63 48
194 178 141 122 121 3
154 179 161 118
198 126 164 80 136 67
184 34 55 110 156 98
197 61 95 12 90
133 188
199 0
2 2 142 112
158 177 114 165 138
189 52 133 79 171 193 15 115 59
192 131 13 23 100 26
129 76 35 54
182 196 14 145 44 4 158
188 8 25
157 46 27
0 93 125 32 58 6 94 96 28 128 53 85 42 149
11 49 106
183 194 189 50 157 181
190 116 7 82
187 38 173 182 30
170 139 192 36 51
35 92 130
80 174 97 56
