ffffff uuuuuuu qqqqqqq ffffffff rrrrr tttt iiiii aaaaaaa bbbbb c jjjjjj ttttt y mmm oooooooo llllllll llllll vvvvv k jjjjjjj gggg ppppp iiiiiiii ffffff
23
qqqqqqq ffff zzz nnnnnn vvv
llllll k sssss oooooo
gggg mm nnn aaaaaa jjjjjj
k o uuuuuuu ii
ppppp j aaaa wwwww ee ggggg qqq kkkkkk pppp
tttt aaaaaaaa llllllll iiiiiii aaa jjjj
bbbbb b xxxx wwww llllll ooooo dd fffff
mmm x kkkkkkkk tt aa sss
vvvvv xxxxx vvvvvv yyyyyyy
llllllll ssss gggggggg lll ttttt qq
ffffffff jjj bbbbbbbb ggggggg dddd e
ffffff ffffff vvvvv
iiiiiiii tttt eeee ffffffff qqqqqq
oooooooo mmmmmmmm q ccccccc oooooooo zzzzz kkkk
jjjjjjj uuu yy hhhhhhh cc
iiiii iiiiiiii uuuuuu cccc d
ttttt pppppppp sssssss hhhh lllllll m
y ttttttt s rrrrrr mmmm
aaaaaaa xxxxxxx a xxx tttttt gggg
c ll rrrrr bbbbbbb wwwwww
rrrrr ppppp eeeeeee eeeeee ssssss cccccc
jjjjjj bbbbbb uu hhh
uuuuuuu rr eeeee
