199 24 10 151 197 172 197 103 182 35 159 194 16 198 185 160 185 170 187 170 185 129 47 93 178 93 47 46 131 46 176 189 96 164 55 94 62 183 195 183 62 171 167 173 74 192 74 156 163 49 0 49 163 53 134 166 134 70 19 168 19 27 43 92 193 72 6 184 142 146 181 139 158 71 153 25 190 196 82 199
23
193 20 42 56 57 88
172 28 35
181 3 8 16 50 64 91
166 22 49 53 54 58 66
160 13 25 51 90
24 24
190 23 39 41 48 62 81 87 94 98
0 0 17 72
184 4 9 75
195 1 18 21 26 27 36 38 47 60 69 76 97 99
6 6
168 11 14 30 32 33 46 73
198 2 37 52 77 78
182 29 34 67
194 7 45 55 71 80
178 15 89
151 10 82
173 31 44 65 79 92 93 96
187 5 43 83
189 12 68 70 86
192 19 63 74 84 85 95
131 40 59 61
199
