dweidxeutk hxaoxcleei ctnsbezpjg ggkwgytekr tzpaywhybw tdtlnqnprm nqdbgeypdu yugelanmtk yfoporpjol rzqbegeoni ftrqchqaif pbrhlhvhzj xwsnmxufqy ugcbgcxkft kpdfwhwwqb mnmjklgmnp djsmjhzrzl wjjdafaxvv seqrxdjigd njcgixsmgk xawomxeyut pgiiochubt xdmzjapanj tehmqpfdnn klbefaxnzg dweidxeutk
24
pgiiochubt vtquakjujf irtbznwvcu ivgiotlrrr wwmcjuetgz hjvmodgwdg fuhtgylsov
tdtlnqnprm cavyunvwuk
ugcbgcxkft pgiiochubt tdtlnqnprm sjcwiapdwb
kpdfwhwwqb gqwhfeepal xwsnmxufqy wfybmclpmp dllzvxpcgk
djsmjhzrzl aihlvhrjir klbefaxnzg cpdpvshtof toeqvvzlae ulneltboej
xdmzjapanj cmelcyxenw xtugynuehn mnmjklgmnp depihfdmjk gyjkhdbyvm lvqqznnzyn vpghbvlzxd
klbefaxnzg cowtuqqsll tofdobbbjt tehmqpfdnn gvxfzzmwzk rwobvahhfa dldiwncohw
dweidxeutk dweidxeutk xdhiumwdwn
ftrqchqaif auonnlthcz cwexpxaktw qjjslhkvnr
seqrxdjigd dzzxropcld rzqbegeoni cnbqxrvlvl ienasnqnvt hpqsgalvar naqyljkxxq rqchbdjiqp nmshjtpxad
rzqbegeoni pphebmysxy hlimwiksjd kufcwxmspu ftrqchqaif
pbrhlhvhzj fxpsowceqq tzpaywhybw audojmtlep cxrfqntbtm gpbaqafhdz okcwuqslme hcvrravrik fxejnitkot lzsvglcvqa
nqdbgeypdu gkbqwvqnfu kjgjbkdckc
xwsnmxufqy ouzfljsksj rulcikswsa rlgdknlxmz nimybvgttg vteisghgld
njcgixsmgk efgyvzmusc akzsqllzsv wlzaatlgns arrkheyths
yugelanmtk fwwnyjpwnp wqeazvzkdf drtcvphibq kgpqjqjrhc zbgxyjmdnm lgpbgvlzpo gmvwahagsy bxdnijtmyn
xawomxeyut iqbyvqgkcp
wjjdafaxvv wiwpekzeuz
hxaoxcleei dfgysrnikx
ctnsbezpjg afkxpktsxw itouxsyevo uqhdcumthr
tzpaywhybw rqmdukqpbg dlfzngcmgq
yfoporpjol ctnsbezpjg zdiibealli bcwzxsuutq
mnmjklgmnp elifcmozpf taoimnqdrr bqrcwxsyuw xdmzjapanj jiowqcrqpz
tehmqpfdnn sjqdgtugly siwbsyuwap vqlbufoinm
