Place102 Place11 Place6 Place4 Place29 Place41 Place5 Place1 Place32 Place7 Place8 Place3 Place30 Place31 Place0 Place36 Place42 Place2 Place15 Place19 Place16 Place22 Place14 Place18 Place102
24
Place0 Place139 Place27 Place58 Place146
Place16 Place86 Place72 Place96 Place80 Place77 Place100
Place1 Place7 Place129 Place3 Place197 Place98 Place95
Place32 Place97 Place166 Place153
Place5 Place144 Place55 Place151 Place124 Place117 Place156 Place45 Place56
Place6 Place185 Place116
Place4 Place108 Place39 Place81
Place11 Place42 Place171 Place13 Place71 Place140 Place10 Place74 Place16 Place26
Place31 Place163 Place57 Place114
Place3 Place120 Place32 Place104 Place168
Place2 Place33 Place190 Place147 Place112
Place8 Place155 Place25 Place23 Place8 Place186 Place107
Place42 Place152 Place1 Place142 Place182 Place106
Place41 Place175 Place28
Place15 Place41 Place164 Place118 Place18 Place127
Place7 Place125 Place196 Place145 Place181
Place30 Place135 Place6 Place198 Place21
Place19 Place75 Place178 Place110
Place22 Place172 Place128 Place24 Place137 Place82 Place199 Place174
Place29 Place76 Place20 Place176
Place18 Place47 Place79 Place50
Place14 Place148 Place68 Place59 Place150
Place36 Place83 Place115
Place102
