node0 node189 node190 node195 node193 node191 node189 node182 node183 node188 node183 node182 node175 node176 node181 node176 node175 node168 node169 node174 node169 node168 node161 node154 node147 node148 node153 node148 node147 node140 node133 node134 node139 node134 node133 node126 node127 node132 node127 node126 node119 node120 node125 node120 node119 node126 node133 node140 node141 node146 node141 node140 node147 node154 node155 node160 node155 node154 node161 node162 node167 node162 node161 node168 node175 node176 node175 node182 node189 node0
18
node132 node173 node174 node178 node180 node187
node148 node118 node132 node136 node150
node174 node75 node76 node80 node82 node89
node190 node20 node34 node38 node52
node195 node26 node27 node31 node33 node40 node185
node146 node139 node143 node145 node146 node153
node176 node54 node68 node69 node83
node160 node108 node110 node111 node115 node122
node188 node41 node45 node47 node48 node55
node134 node6 node152 node166
node139 node157 node159 node160 node164 node171
node191 node10 node12 node13 node17 node24 node167 node181
node167 node90 node94 node96 node97 node104
node125 node188 node192 node194 node195
node153 node124 node125 node129 node131 node138
node181 node59 node61 node62 node66 node73
node0 node3 node5 node19
node162 node87 node101 node103 node117
