qtq xzk pta lbs mmf qlc mmf spp pug xsi zye rod wpo viv wpo mbx stv pkx orc fib xld fib zqn cjp dns qbj omf nfy hef luf llr jpq thp xdz ahy cnv qtq
24
qlc gup lfh
cjp dkn
pta pta xdz jno vlt cnv vsu
mbx htv ili cxu cjp
lbs ptq ase ynq idl fgo hxo nhr qls
hef sfp mbx gak viv rwt
jpq uxr qjm udq
stv wuc zgf zbn uoz tnl spp
omf pwa
orc hpb wiq wuf fsl thz
xld iuz orc
thp ooi eqm mnv
qtq qtq qnn
rod hhe cpw rut
qbj xax tro tmd slq ooc thd
cnv nhk lah uwp ahy
pug tmc wju nfy pjx yiz ahv
xzk hxp lxt plx wpq
viv ifc kza bai txk ukh
luf itg pxs egz rxi lnv rju
spp pkx nkx jta npu qfc qbj
ahy vub qlo rod
dns qbe bsz uca vaf
xsi krg zgs zqn brk xos
