Whitgrove Sodberling Ellerbridge Boothingchester Ellerbridge Rockbage Ketnell Toddenmoor Endingrensby Botwick Botbage Penddenchester Pemnell Rothingcombe Horsmere Redwich Bursmith Dartdown Marlcester Nortwell Todhampton Aldtree Wychcompwold Sirenshall Redcombe Basditch Skellingseybrough Basditch Hampingworth Worford Elwold Endingnell Toddenmerbrough Horstleover Warsmith Ciborough Warsmith Barndlesthorne Wychchester Waltbeck Chillingbridge Waltbeck Wychchester Melwood Reddensden Egwick Worberney Whitgrove
24
Todhampton Rothingcombe Hamwold Tippendham
Hampingworth Melwood Wethampton Prestwick Suddenmoor Bromstanham Hampingworth Leatherport Blansbrook
Worberney Worrenberwang
Wychcompwold Skellingover Sodberling
Marlcester Shaftborough Dribblecombe Egmerhampton Clereennell Horsnell Ribberrenston Farndlesover
Chillingbridge Reddendeney Eley Hampingcastle Dartden Worford Southmere Sundlethorne Boothingmanstree Hampingbascombe
Bursmith Wetsmith Rotherlow Botbeck
Elwold Cihead Falworth Tippingbage Nortwell Basditch Wetwick Tippenbrook Toddenmoor Dribberham Marlcester Egsted
Toddenmoor Southbury Rothendcombe
Boothingchester Abcester
Redcombe Tipstoke Abglewold Bastlebury Elside Sirenshall
Skellingseybrough Sundendford
Endingnell Cannerthorne Enderbeck Bothenton Staplow Wycastle Candleswick Durbrook
Barndlesthorne Watchlake Endingnell Waltbeck Worhall Bursmith
Ciborough Penby Milthorne Chedworth Marlbrook Wolley Falderseythorne
Endingrensby Staincombe Skellenshot Emmerley
Whitgrove Whitgrove Alfmere
Penddenchester Redcombe Suddingover Whitringlake Abgleham
Ellerbridge Bothenhall
Rockbage Wychcompwold
Dartdown Faldenhall Todhampton Farnditch
Egwick Wychchester
Horsmere Sifield Siavon Stapbrough Bootwick
Reddensden Ketchester Ketnell Skelberden Casbrook Ellerbridge Siey Sodport Horstleover Wendleringdown Endleberey
