0 5 185 162 132 15 164 35 167 165 109 127 133 100 10 46 156 158 111 193 186 199 181 196 179 26 190 175 3 99 85 161 163 194 163 103 170 195 170 1 198 146 129 187 188 0
25
161 48 121 159 12 193 125 38 170
179 160 185 120 134
199 166 186 151 108 87 20 137 149 63 119
103 179
167 64 32 24 197 10 50
187 103 116 91 184 42 100 70
196 178 117
133 9 4
158 22 128 27 69
0 173
165 25 47
132 83 111 77
194 109 49 145 74 199
190 75 14 65 67 139 102 146
188 44
100 17 51 36 78 168 163
193 133 180 18 95
175 156 194 157 104 58 99
186 89 28 175 31
181 138 155
195 98 130 39 96 19
164 126 106 81 176
185 182 85
170 6 196
198 26 79
