location0 location175 location72 location187 location165 location69 location166 location191 location167 location171 location197 location195 location179 location199 location123 location149 location194 location34 location196 location198 location189 location186 location31 location159 location178 location97 location192 location163 location124 location160 location0
22
location196 location11 location27 location36 location38 location48 location98
location194 location3 location4 location6 location10 location20 location22 location55 location91
location160 location12 location14 location56 location58
location159 location13 location30 location41 location42 location45 location51 location71 location82 location94
location198 location19 location33 location52 location61
location186 location21 location59
location171 location62 location83 location95
location0 location1
location199 location8 location17 location28 location32 location76 location80 location81 location89
location178 location2 location18 location24 location40 location53
location179 location7 location9 location16 location31 location88 location92
location195 location15 location63 location68
location165 location37 location39 location50 location84 location85
location187 location47 location54 location79 location100
location191 location25 location46 location49 location75 location93
location175 location64 location74
location167 location26 location43 location57 location67 location99
location166 location23 location34 location65 location69 location70 location73 location77 location97
location163 location35 location87 location90
location123 location44 location72
location192 location66 location78 location86 location96
location197 location5 location29 location60
