Plano SantaClara Amarillo Chandler Amarillo OklahomaCity Warren PortStLucie Warren MorenoValley Norman Sunnyvale Pasadena Vancouver WestValleyCity DesMoines AnnArbor FortLauderdale Lafayette Orlando Fontana SanJose Killeen FortCollins SiouxFalls FortCollins GrandPrairie Spokane SantaClarita Fremont CoralSprings Indianapolis Phoenix Peoria Domination Peoria Davidson Charlotte Salinas Chattanooga Salinas Clarksville Frisco SanDiego Worcester Mobile HuntingtonBeach AugustaRichmond HuntingtonBeach Tallahassee Riverside Rockford Plano
24
Norman Warren Norfolk
Orlando Riverside Houston Greensboro Miami
Mobile Cincinnati SanJose SantaRosa Escondido Hampton Cary Pasadena SantaClarita Vancouver Worcester
SantaClarita LasVegas Wichita Lincoln SiouxFalls Olathe
FortLauderdale Omaha Killeen OWO Thornton ThousandOaks
DesMoines FortCollins GardenGrove Elizabeth LittleRock FortLauderdale
Rockford Salinas Atlanta GrandPrairie
SiouxFalls Norman Anchorage AugustaRichmond
Vancouver SanFrancisco Charleston SanAntonio Laredo Memphis
Chattanooga Davidson AnnArbor Hartford Corona NewOrleans
OklahomaCity Chicago Oxnard Vallejo Hayward Huntsville
SanJose Stamford Hollywood Beaumont Montgomery Madison Denton
Charlotte Irving Knoxville CorpusChristi Waco
Sunnyvale SantaClara Anaheim Portland Sunnyvale Pomona
AugustaRichmond Mesquite Tampa Fremont JerseyCity OklahomaCity
Clarksville Torrance LouisvilleJefferson Tulsa
Chandler Brownsville Rockford
PortStLucie StLouis Surprise
Domination Ontario Raleigh HuntingtonBeach NewHaven
CoralSprings Glendale Allentown Lafayette Mobile
Phoenix McAllen Lancaster SanBernardino SimiValley Irvine
GrandPrairie Dallas Glasses Denver
SanDiego Garland Mesa MorenoValley Pikachu Akron
Plano
