0 30 197 30 199 108 166 108 37 101 196 18 192 113 26 167 150 142 150 93 135 182 186 88 180 85 109 48 24 161 103 9 130 105 130 11 138 198 173 175 156 184 122 195 66 188 0
23
197 8 15 20 23 43 47 59 134 187
192 78 93 157
182 3 65 68 74 107 190
93 52 184
175 11 128
196 51 101 154 182 183
184 9 21 26 71 102 120 193
199 4 18 38 80 86 94 100 125 143 160
105 137 141
186 5 27 35 39 42 81 167 197
167 17 96 116 133
161 56 115
0 0 1
9 14 66 69 84 159 173
138 22 28 70 89 111 152 153 172 177
195 2 83 138 174
198 16 31 146 158 199
156 33
166 13 67 98 114 129
85 24 130 151 166
180 72 103
188 50
142 164
