13 62 5 192 2 12 19 176 178 4 195 89 28 0 198 6 156 20 7 22 1 194 181 188 35 13
24
192 118
156 109 126 130 140 157 161 168 170 180
35 135 163 191
0 100 116 125 127 144 152 154 159 171 182
188 155 158
13 113
6 106 123 187
7 107 121 134 137 146 148 175 186 198
4 104 108 110 111 174 192
20 120 166 172 173
195 136 138 141 143 145 169
178 165 190
1 101 115 131 147 176
62 132 162
12 112 114 117 149 177
22 122 178 194 197 199
2 102 151
194 103 124 142 164 181 183 184 189 195
19 119
176 150 156 160 185 193
198 188
181 133 139 153
28 128
5 105 129 167 179 196
