wNqlpYNsRbJEgiGpKxrU lbWonvEbeplndKguSTkk lIpVoDPUIfHCPpjswogJ QjbdwbUnopENkiNyqirZ DZEpVGVXkxHljziwItaS ADVVlRLpnspleRTgeTdu lTWClcCXtRKGvKTcMnqR ADVVlRLpnspleRTgeTdu vPtcoCdDMvVYwOuvanRP svUOWvTJLneAqJGnExpc fosrykBjHtdvgWTEWXFR gDYKDrbERUXTnCayjBrC QePOUWiXcAUCoHETxuGS FaWIqatYRYVcXfVhAFRN XvUPApTFkqaSSizYsCIr FaWIqatYRYVcXfVhAFRN umZXKcxkweEplHZdotgU oLMkSrYLQRLHmPiuLCTC pMOSpTzPTPLXHLOQMjnt XcUwFUKnekNHEYjdJvBF vIbIQYXZnmYrooTLYNtu fgzJCwocQniGlXAZHJId XxSQqGVyrNGAFhTsSOUz fgzJCwocQniGlXAZHJId UIlSMnVKIdNiXZNSiHsI CvZkdIYtdeDHtwufupie oHoxoLeyDYnKZDzgMtxI clwzkzJtguIMBwKiZUKh ubMKewvRqrviLcycMHcN imEmCMbYEtZJJkwxkSDD xlbpuxAjoVPJWPCWBEkJ gFUGYXSirCYiFTivWNah erZKLqpCZsYKDnOCaBGq TcLSEpnQLlwURcYobXtr YZdWAQcvSeNhUzVcgZrb ANDviqMIuFwdcboQDprt jeqqhISPyRIhGBNohHEu vTbNxpVTEoFlSjvvVvfG jeqqhISPyRIhGBNohHEu QPuWhldwxyxWvfAFawIx hFbQwEucdFQTgOahOxcg jUSlIFtitQxyvVLJjiCc scpUkbcaYSAsHhSktebT qfRRtdRbhYJBARMfPlZM scpUkbcaYSAsHhSktebT FYfGkhtzhjqJHqxmUsVx tVxSUasqeXmMiMlEIdTM FYfGkhtzhjqJHqxmUsVx scpUkbcaYSAsHhSktebT kyApsCeFkLoLFCdkazaE shaRjZRSPDzVXmetmolj lbWonvEbeplndKguSTkk wNqlpYNsRbJEgiGpKxrU
24
oLMkSrYLQRLHmPiuLCTC bEfUXCTlwRBndElSbPGf
oHoxoLeyDYnKZDzgMtxI nreoVgWrBhNXFZgTBlXO NPSPGRTNRcKKVpsBRSwh TEPaiCedHTXapLxoBXMp pMOSpTzPTPLXHLOQMjnt zHPSSEtFTQIbLYMdHqgP JVONrXhhmtFWhFfDiOXW
YZdWAQcvSeNhUzVcgZrb ayQgUwyRuQVKeyFLPNbQ edlAtPQdNXJQPCIzpkyX HeWrJOKsDjgdrcamgZLN
wNqlpYNsRbJEgiGpKxrU svUOWvTJLneAqJGnExpc
vTbNxpVTEoFlSjvvVvfG DZEpVGVXkxHljziwItaS bFmSeBrfNuxjYPUDCLYq DpztIuGTRpGuLsdlODJw QeYNNLpZMBxyiFbZMPFY UIlSMnVKIdNiXZNSiHsI aGPbLNWYAMujnfHCTCMo PZwTcKCPsEmpxetNZvef
kyApsCeFkLoLFCdkazaE EEeDJaHeajXXlwYcHTeJ EhDFVLWZueLOrdjEOzEQ GMxGouyyndiUBMqMdOoc NIJaJxCurulNUdZZMxFk
qfRRtdRbhYJBARMfPlZM eOfnBeTgmYCNEnRUhlEK gDYKDrbERUXTnCayjBrC
svUOWvTJLneAqJGnExpc NtyLZDOaSczVvOGdocUp NJZlnWyeJFrkOwoqHKtT pzrGQEObzJGPnfATEYDc SitzoubgYFeTjmkLjVPz erZKLqpCZsYKDnOCaBGq ANDviqMIuFwdcboQDprt aIuYyryCOUGVeCAqbqkg RlHeRhvUOhGhZVGGJuED vTbNxpVTEoFlSjvvVvfG
QjbdwbUnopENkiNyqirZ CvZkdIYtdeDHtwufupie wvSJDoqoPGAkYgSuPFPw
XxSQqGVyrNGAFhTsSOUz syonLisTOSczosCwoILE ADVVlRLpnspleRTgeTdu scpUkbcaYSAsHhSktebT ZwvojvRdUOYNJXIwAqgC oKAKfpUUuLItChLyByFh gcXUxTVUZWsOwtRNeDDa mgNeYYUOPKpLeiVEFIXd kqcEdfKLaRzxOhAIzchh IvXQutSorlqOgnSVAIUd cMYyKTXGNKnFzrpwnXUl jznspKyqlmxZtgfQUJVB hLaNXBYgTzgUhvjmqUTu
TcLSEpnQLlwURcYobXtr cwgJAHVpCCTmuckJkncL ZauPfhkpsGmhbvkhkltR oLMkSrYLQRLHmPiuLCTC lbWonvEbeplndKguSTkk eiLPqIroFfCGzqSAlzAp
gDYKDrbERUXTnCayjBrC QjbdwbUnopENkiNyqirZ
FYfGkhtzhjqJHqxmUsVx XPPBMlNyfVVeZGIzTCEW qfRRtdRbhYJBARMfPlZM oZXYedlbtBLmkfoVmgta
CvZkdIYtdeDHtwufupie wuSVWJYvpiWaQAHXocSG QyXpliHSeQOPIsurIcpa fpoTaBKmVdlDCxFwCFoz
lbWonvEbeplndKguSTkk WMWBpOSnHGywZjCgaYyY
XvUPApTFkqaSSizYsCIr ihxEqMQIIvyQmtrtMjeO oHoxoLeyDYnKZDzgMtxI xlbpuxAjoVPJWPCWBEkJ nCedHqGgdWAicwyuYWpg joWAhkfNqIEECnBeulGl
hFbQwEucdFQTgOahOxcg yscsUFTNNyaVMKBztBdV YTwycpmzEWCqqTELtzXc CbGuHgZfQMmSOfHDFJnK KcrnMnFDTrBKaUaGpdLY ccdJRKiTXwIErdhSIxfh wfEFdNDcColoskjTjcLm shugRMnaHVqQSmKaNBgu XtZHoAxqEyzvMChzPHpN lSJjEsqamUCgRZdCmdyI VRpSthoDcomqMDsGoVql
imEmCMbYEtZJJkwxkSDD igyeOiSdezmmXGTwMzLw XvUPApTFkqaSSizYsCIr szyiMlKhtyOynWjcoMsm jUSlIFtitQxyvVLJjiCc
tVxSUasqeXmMiMlEIdTM imEmCMbYEtZJJkwxkSDD ZXihCBEQBTdisqSlEMsj
XcUwFUKnekNHEYjdJvBF efZntVbfQTvIUOiRNPSH MBJqOYmxhUYbldNVEdRy wlySPverjehsBxldyigf
clwzkzJtguIMBwKiZUKh vIbIQYXZnmYrooTLYNtu juzxSpUVuccJUMBOcJjO xgBrJmdXVwtxgRuCBhMe
lTWClcCXtRKGvKTcMnqR zNRhhVdMWUgTnnqmAfeY
erZKLqpCZsYKDnOCaBGq NzDQJknJPDEkcwCHzzbF FWnudSYFvYQJHehOpEKf eobSFtKBbBdcVrTOREdK kwPuYZgJgVVJfdBGUtPw JvFxbsySBAiFiOUrzrBi UdSbtwxTqTJxOiUoxEqw
fosrykBjHtdvgWTEWXFR EmbDgEECbkHbfAfHCgwB QePOUWiXcAUCoHETxuGS fgzJCwocQniGlXAZHJId kyApsCeFkLoLFCdkazaE NYdfLxXxFVvLEbDKzXWn VIPPawblKbhOVWrmrWBx
