A0 A4 A5 A10 A15 A24 A15 A10 A5 A4 A0 A199 A190 A189 A188 A176 A191 A192 A193 A192 A191 A176 A188 A189 A190 A199 A0 A4 A5 A10 A15 A14 A13 A1 A16 A17 A18 A17 A16 A1 A13 A14 A15 A10 A5 A4 A0 A199 A190 A185 A180 A179 A175 A174 A165 A164 A163 A151 A166 A167 A168 A167 A166 A151 A163 A164 A165 A160 A155 A154 A150 A149 A140 A139 A138 A126 A141 A142 A143 A142 A141 A126 A138 A139 A140 A149 A150 A154 A155 A160 A165 A164 A165 A160 A155 A159 A158 A157 A158 A159 A155 A160 A165 A164 A163 A151 A166 A167 A166 A151 A163 A164 A165 A174 A175 A179 A180 A185 A190 A199 A0
21
A199 A3
A193 A93
A140 A36 A137 A156 A161 A162 A168 A169 A170 A177 A178
A167 A143
A191 A86 A120 A121 A122 A128 A129 A133 A136
A143 A195
A192 A87 A193
A0 A2 A4 A6 A8 A11 A12 A19 A20 A21 A22 A27 A29 A31
A138 A183 A196 A197
A189 A69 A70 A77 A78 A81 A83
A168 A144
A18 A37
A164 A131 A145 A146 A147 A152 A153 A154
A176 A54 A104 A108 A111 A112 A118 A119 A127
A24 A18 A28 A43 A44 A45 A46 A47 A52
A126 A158
A166 A171 A172 A179 A181 A186 A187
A142 A194
A188 A79 A94 A95 A96 A97 A102 A103
A157 A106
A190 A33 A53 A56 A58 A61 A62 A68 A71 A72
