Soda L129 L180 L136 L151 L176 L193 L198 L197 L195 L75 L196 L186 L178 L192 L188 L194 L189 L169 L190 L157 L154 L191 L101 L161 Soda
25
L189 L12 L0 L186 L85 L164 L63 L35 L79 L166 L133
L194 L121 L149 L143
L154 L117
Soda L49
L190 L192 L39 L24 L54 L173 L130 L107 L50 L27 L67 L171 L150
L169 L194 L97 L189 L168 L125 L102 L81 L44
L151 L76 L191 L193
L161 L61 L37 L68
L191 L69 L103 L70 L13 L62 L135 L92
L180 L172
L157 L132 L22 L90 L83 L99 L157 L114 L124 L21 L119
L75 L190 L145
L178 L5 L174
L197 L183 L32
L188 L34 L86 L167 L122
L136 L75
L198 L60
L195 L84
L196 L89 L43 L159 L116 L126 L176
L193 L113 L11 L177 L163 L108 L25 L188 L169 L9
L176 L115 L158
L101 L151 L198
L192 L4 L74 L93 L45 L98 L23
L129 L14
L186 L101 L52
