Soda location11 location7 location29 location26 location19 location30 location65 location12 location71 location18 location6 location21 location20 location49 location1 location16 location2 location33 location43 location25 location4 location3 Soda
23
location25 location17 location67 location50 location59
location29 location30 location57 location23 location41 location40 location1 location96
location11 location2
location7 location39 location54 location64 location5 location35 location73 location14 location6
Soda location71
location2 location42 location45 location11 location4 location7 location53 location37 location62 location55 location51
location49 location66 location21
location16 location44 location82 location29 location93 location90
location18 location46 location16 location24
location1 location52 location70
location6 location58 location31 location38 location32 location100 location48 location56 location12 location89 location8
location3 location36 location18 location27 location19 location69
location12 location98 location68 location77 location60 location79 location84
location19 location15 location88
location20 location49 location10 location63 location3
location26 location65
location71 location83 location78 location22
location30 location94 location97 location91 location86 location80 location85 location43 location99
location43 location26
location33 location74 location20
location21 location95 location25 location87 location75 location81
location4 location34 location61 location28 location92 location33 location76 location47
location65 location9 location13 location72
