loc79 loc196 loc185 loc150 loc198 loc188 loc0 loc178 loc179 loc172 loc161 loc72 loc182 loc193 loc194 loc191 loc183 loc197 loc176 loc141 loc190 loc180 loc184 loc199 loc192 loc79
25
loc193 loc98 loc78 loc158 loc70 loc160
loc183 loc96 loc8 loc36 loc40 loc18 loc145 loc92
loc185 loc9 loc180 loc69 loc159 loc97 loc73 loc164 loc11 loc76
loc79 loc185
loc198 loc6 loc170 loc68 loc54 loc2 loc25 loc45
loc192 loc111 loc173 loc196 loc91
loc182 loc90 loc154 loc30 loc140
loc172 loc148 loc43 loc0 loc62 loc106 loc120
loc0 loc118 loc4 loc155 loc58 loc34
loc179 loc121 loc41 loc115
loc180 loc181 loc52 loc132 loc3
loc176 loc142 loc17 loc110 loc131 loc50
loc161 loc134 loc171 loc59 loc176 loc94
loc190 loc133 loc44 loc122 loc186
loc196 loc26 loc187 loc87
loc150 loc127 loc109
loc141 loc167 loc174 loc113 loc150
loc184 loc114
loc188 loc64 loc48 loc19 loc162 loc152
loc199 loc66
loc191 loc124 loc107 loc83
loc178 loc130 loc189 loc153 loc80
loc194 loc191 loc128 loc16 loc14
loc197 loc33 loc89
loc72 loc60 loc146
