LesLilas Gastonia Bury PriegodeCordoba Bury GongdanglegiKulon VillaPauladeSarmient NorthAurora Aracuai Zhaodong NewtonAycliffe Shurugwi HaciendaLaCalera Sosnovka AscoliPiceno Fuxin Sevlievo Rivas Twante Gorgan Fili Aringay Kaifeng Aringay Alotenango VerrieresleBuisson Wakuya AinBessem Lalago Shchekino Alghero Milledgeville NuevoMexico Kambove Fontem LesLilas
22
Fili Braila Ontinyent Kaifeng SaintCyrlEcole Baramula Tabou Kotka FetestiGara Shurugwi Pezinok SantanadoLivramento
Alghero Hangu Arzamas Shieli
Alotenango SenaMadureira Acireale Prostejov NahiyatashShinafiyah EastLongmeadow Ortaca
LesLilas Khulm
Gastonia Ibirataia
VerrieresleBuisson Nagar KotRadhaKishan Kairouan MineralnyeVody Escada Skelmersdale
VillaPauladeSarmient Sobue Johnston Kambove WestIslip ChalcodeDiazCovarrub Izhevsk FortWorth
Gorgan Shchekino GuaMusang
Kaifeng Kemise Hirosaki NoblePark Embu
Wakuya Fuxin
NuevoMexico SenadorPompeu Vyazniki Zhaodong Gowurdak Wangon MonteAlegre
Sevlievo SanJuandelaMaguana
Twante AinBessem Akcaabat Vaniyambadi Twante
HaciendaLaCalera PriegodeCordoba SpanishTown Gunzenhausen Battambang
AscoliPiceno AinArnat Yafo Haripur BlueIsland Itororo Kineshma Korsakov Wenchi
Lalago Belalcazar
Aracuai Lloydminster
Zhaodong Rhondda Garbsen Haora CapimGrosso Langenhorn Mocoa HaciendaLaCalera Manacapuru Gorgan PortoVelho
Fuxin Shimofurano Morwa Espiye Angleton Anjarah Aracuai Bury Pozzuoli Acarau Daokou AshtonunderLyne
Fontem Andrychow
NewtonAycliffe SouthSaintPaul Rivas Turek MadinatHamad VillaPauladeSarmient Oerlinghausen
PriegodeCordoba Sosnovka Butuan TagbilaranCity Mabopane Sorada
