2 9 45 70 158 77 1 147 13 28 3 47 107 8 82 42 111 46 83 21 164 41 105 10 99 7 6 106 18 20 165 26 119 34 119 22 190 14 16 11 139 17 2
25
22 43 71 79 131 149 167
42 83 103 187
6 11 37 45 63 177 191
21 41 107 157
16 31 53 57
20 39 47 73 75 117 123 147 195
3 5 9 49 95 127 137
26 51 105 111 129 139
13 25 179
2 3
1 1 7 13 109 143 159
11 21 23 61 125 185
18 35 99 133 171 199
8 15 29 85 87 169 183 189
45 89 113 145 175 181
14 27 59 69 97 135
28 55 77 115 119 163 193
47 93
17 33 151
41 81 141 155
77 153 197
10 19 65 101 121 161
34 67 173
46 91 165
9 17
