0 198 197 196 191 195 191 193 192 186 181 183 181 176 171 166 167 161 165 161 162 156 157 156 151 153 151 146 141 136 131 126 127 121 116 111 112 106 107 106 101 105 101 106 112 106 101 96 91 92 86 87 81 76 71 66 61 56 60 56 61 66 71 76 81 83 81 76 71 66 61 56 58 57 51 46 41 42 36 38 37 31 33 32 26 30 26 21 16 11 6 1 0
18
58 83 103 143 139 30 112 33
30 137 72 63 79 65 164 14 109 107 48
107 80 82 104
165 145 98
157 62
195 44 135 100 90 183 95 144 184 52
0 58 24 7 17 78 155 60 42
183 165
105 129 159 128 149
112 153 84 138
92 122 3 127 27 162 93 185 12 47 173 113 59 39 170
87 38 64 94 102 130 195 140 152 68 13 87 142
193 73 22 35 99
60 25 180 75 108
83 169 70 179 187 97 32 29
153 74
33 118
38 163 105 192 34 189 19 114 193 53
