ZtfcEeD9 lwKMUcFL lWuh5cH8 uEOMgmS6 7VEdC8Bn KZzTlcqA KbQF6Z1I VgwgAKMz FqE4GP0Y Wznv2rRv tKnzhLx5 pDb2VAD0 SqpsWXRw NvpMZWSs yptfWPBC HTyyntxa wZJN4OBT EAWv9kfQ mlHu9OVg aWGQETjI gKOyNQPh aWGQETjI mlHu9OVg lqKnzPvP RjDUex61 IZjIq9He xzWL2Pp8 B65DnegI iF2sCG7R h4MzKYRp aACN5TTZ EB4WBsTV ca785uLx mrK2EXuk ZmF2u9Cy VDai7XkI uMuBYvMK SdpsKJEm P0hOEoLv svPb07cv y7NjqOqM CBKWpDQv gX4kBNm4 JqKGA9ul AmaYXBsi NpH6Hpsr jKNn1ZQ1 WPOgjVLu bJ22zvWV yRH0nOtz bJ22zvWV eF0ueRyu qtXV58SN tHTE6eug CczWZLd1 itC9pvuP fa3ra0T7 GZiGmLq9 FdbcCrtB PLFYaVF6 FdbcCrtB GZiGmLq9 fa3ra0T7 Ah46Ofm8 SUGv8yIU REvLgkhf X4DALK1Z Rd2M5nw8 DA7bDRCs xZQyzblz DA7bDRCs 6hjWynHN wusYsf5E U7cZo0h2 Zy3im4wi L5pBwvut c6ZWTltk 04vrMVdi Q6NMHx0B 04vrMVdi WvzZeqnS IdGLl1to PMzcqvQL W7b2i2pG BkhTgoaJ CIF8DWXL yWlzbESz oqraQ3aF NBKhkccj rbWYBihd nFqouQp3 6MPulFAv ZtfcEeD9
26
c6ZWTltk PMzcqvQL 1gtWVzKV ZS8CQaI7
yRH0nOtz nFqouQp3 EB4WBsTV B65DnegI HTyyntxa AmaYXBsi miUcr0K7 VgwgAKMz NSdaWdL7
6MPulFAv 91Uq51QB
NvpMZWSs RleTQaHw svPb07cv gKOyNQPh mlHu9OVg wusYsf5E
ZmF2u9Cy WOCLylig y7NjqOqM
eF0ueRyu 7P5zi9hu hBRDGWam Wznv2rRv 62Mn9lau
aACN5TTZ ijk5cHsH eF0ueRyu gX4kBNm4 zvH4AKmS IdGLl1to CxnbNU8s
Q6NMHx0B CBKWpDQv BOlNhFGU jKNn1ZQ1
yWlzbESz aDGqWHym ca785uLx
uMuBYvMK LvdUl8D5 NpH6Hpsr CIF8DWXL yptfWPBC o4xf7nVd W7b2i2pG 2KepLMXB
itC9pvuP 04vrMVdi bJ22zvWV SG64DwCC wZJN4OBT 0MyIUMFM
yptfWPBC FdbcCrtB Tb8W969R ciNFdHxl
xZQyzblz J2tz5Jy2 KZzTlcqA lWuh5cH8 qnVestAH FGbFUcoj RjDUex61 w0QWGw2L fa3ra0T7 mrK2EXuk
fa3ra0T7 Fj27Gybu EAWv9kfQ FqE4GP0Y aSd01nMZ Rd2M5nw8 aWGQETjI
nFqouQp3 TNblhkGK dzvtjag1 8Rfeklr1 mSd4Nw6v
JqKGA9ul xRPgtW5C kTn5Wdms
pDb2VAD0 kMauNR5Y Q7hUKAHQ 3MYamZSb
04vrMVdi 1dr1nBQ7 yRH0nOtz sFR9mcaG
gKOyNQPh 43ehQX6O d5gzYuse uMuBYvMK lqKnzPvP
U7cZo0h2 O5yBujnu 7Xy44hse eFJgi8X6 YWqBlkAs 8avKqSxh
PLFYaVF6 X4DALK1Z rbWYBihd ntaFp6yn tCAdUY4B JfDq1Cs2
WvzZeqnS 8LVjFaQv U7cZo0h2
VDai7XkI zpLQ0R0G
KbQF6Z1I OJgw7XgR poaWnZDO
ca785uLx Pz0LLMil xzWL2Pp8 PLFYaVF6 CGddIqkC
ZtfcEeD9 ZtfcEeD9
