Acton Carlsbad Alpaugh Bell Artesia Diablo Clayton Arcata Clayton Alhambra Clayton Adelanto Fowler Colusa Cromberg Cupertino Citrus Cupertino Columbia Ferndale Alamo Esparto Cobb Azusa Cobb Cabazon Amesti Broadmoor Cerritos Anderson Calexico Colfax Bayview Albany Bayview Angwin Atascadero Bonsall Cutler Cloverdale Altadena Foresthill Covelo Caruthers Darwin Commerce Dorrington Claremont Encinitas Armona Berkeley Alameda Carrick Concow Carlsbad Bellflower Carlsbad Acton
24
Anderson Angwin Artesia August Avalon Beckwourth Blairsden Blythe Buttonwillow Caribou Cayucos
Armona Arnold Bellflower Capitola Carson
Alamo Albany Arcadia Ashland Atwater Auberry Carpinteria
Carlsbad Carmichael
Artesia Arvin Broadmoor Carlsbad Cartago
Arcata Armona Atascadero Avery Burlingame Calwa Camarillo
Atascadero Atherton Bluewater Bonsall Bradley Bystrom
Cabazon Calabasas
Angwin Antioch Aromas Berkeley Bowles Cabazon
Azusa Bakersfield Bayview Bell Bloomington Burney Cambria
Acton Adelanto
Fowler Alpaugh Aptos Arbuckle Arcata Auburn Barstow Beaumont Bodfish
Claremont Bonita Byron
Broadmoor Altadena Amesti Belvedere Brentwood Burbank Calimesa
Alhambra Almanor Anderson Belden Brawley Brisbane Canyondam
Citrus Boronda Ceres
Darwin Avenal Benicia Boron Calexico Carrick Caruthers
Bellflower Belmont Bradbury
Alameda Alamo Azusa Biggs Brea
Albany Alhambra Anaheim
Bonsall Bishop Bootjack Calipatria Campbell Castroville Cerritos
Altadena Alturas Bolinas
Adelanto Alameda Banning Biola Calistoga
Alpaugh Alpine
