0a 15l 15i 15h 15e 15d 15a 14l 14i 14h 14e 14d 14a 13l 13i 13h 13e 13d 13a 12l 12i 12h 12e 12g 12e 12d 12a 12c 12a 11l 11i 11k 11i 11h 11e 11g 11e 11d 11a 11c 11a 10l 10i 10k 10i 10h 10e 10g 10e 10d 10a 10c 10a 9l 9i 9k 9i 9h 9e 9d 9a 9c 9a 8l 8i 8k 8i 8l 9a 9d 9e 9h 9i 9l 10a 10d 10e 10h 10i 10l 11a 11d 11e 11h 11i 11l 12a 12d 12e 12h 12i 12l 13a 13c 13a 13d 13e 13f 13e 13h 13i 13k 13i 13l 14a 14c 14a 14d 14e 14g 14e 14h 14i 14k 14i 14l 15a 15c 15a 15d 15e 15f 15e 15h 15i 15j 15k 15i 15l 0a
23
12g 7g 7j 7k 8b
8k 14k 15f 15g 15j 15k
15f 1j 2b 2g
10g 11g 11j 11k 12b
13k 4k 5f 5g 5k
11g 9g 9j 9k 10b
9k 12k 13f 13g 13j 13k 14b
15j 0c 0f 0j 1b 1c
14g 3g 3j 3k 4b 4g
11k 8k 9b 9c 9f
13c 6c 6f 6j 6k 7b 7c 7f
9c 14c 14f 14g 14j 15b 15c
10c 12c 12f 12g 12j 13b 13c
10k 10k 11b 11c 11f
14c 4c 4f 4j 5b 5c
14k 2k 3b 3c 3f
11c 10c 10f 10g 10j
15c 2c 2f 2j
15k 0k 1f 1g 1k
0a 0b 0g
12l 6g
12c 8c 8f 8g 8j
13f 5j 6b
