6 195 196 195 194 191 194 195 188 187 184 187 188 181 179 181 174 172 169 172 174 167 160 153 151 148 151 153 146 144 141 144 146 139 138 136 138 139 132 131 128 131 132 125 123 120 123 125 118 116 113 116 118 111 104 103 100 103 104 97 95 91 95 97 90 89 87 89 90 88 85 88 90 83 81 78 81 83 76 69 62 55 48 41 34 27 20 13 6 4 0 199 198 199 0 4 6
22
191 31 30 62 64 76 83 80
113 140 142 154 165 181
144 90 88 96 110
85 182 186 194
136 112 122 129
184 18 44 61 60 65 101
196 11 19 32
179 22 38 41 47 51 53
128 124 128
120 145 150 166
91 133 148 155 179
169 91 94 116 115
78 172 169 184
100 120 136 134
195 17
87 149 160 161 174 177 189 190
0 2 27 25 43 77
194 1 10 12 50 69
148 39 87 100 103 105
141 106 126
198 74 75
6 6
