Loc1 Loc192 Loc152 Loc184 Loc199 Loc185 Loc171 Loc4 Loc132 Loc198 Loc186 Loc197 Loc158 Loc140 Loc98 Loc135 Loc161 Loc166 Loc0 Loc193 Loc190 Loc66 Loc195 Loc121 Loc5 Loc121 Loc189 Loc1 Loc143 Loc196 Loc114 Loc1
25
Loc114 Loc3 Loc15 Loc23
Loc193 Loc6 Loc33 Loc57 Loc101 Loc106 Loc122 Loc124 Loc147 Loc190 Loc151
Loc197 Loc188
Loc152 Loc5 Loc38 Loc65 Loc145 Loc180
Loc185 Loc13 Loc16 Loc132 Loc167 Loc183
Loc98 Loc111 Loc59
Loc192 Loc95
Loc190 Loc30 Loc53 Loc133 Loc171 Loc172
Loc186 Loc44 Loc176 Loc197
Loc199 Loc62
Loc189 Loc14 Loc25 Loc67 Loc71 Loc100 Loc140
Loc196 Loc18 Loc128 Loc129 Loc144
Loc161 Loc74
Loc171 Loc7 Loc75 Loc83 Loc163
Loc0 Loc0 Loc9 Loc37 Loc39 Loc51 Loc54 Loc85 Loc99 Loc143 Loc195
Loc140 Loc31 Loc110 Loc168 Loc189
Loc198 Loc77 Loc141 Loc160 Loc170
Loc121 Loc11 Loc17 Loc20 Loc27 Loc60 Loc91 Loc96 Loc149 Loc154 Loc159 Loc182
Loc5 Loc8 Loc61 Loc103 Loc109
Loc166 Loc97 Loc153 Loc175
Loc184 Loc32 Loc118
Loc143 Loc52 Loc76 Loc137
Loc195 Loc19 Loc50 Loc94 Loc107 Loc123
Loc132 Loc46 Loc177 Loc192
Loc1
