pace other quadruple ask enemy illusion joint single country triple prospect snuggle quiet labour figure clay virgin winner assignment winner virgin blonde shiver exploit environment bleed curriculum chew offset enter science mercy native widen banana driver mystery title linger coast swear charity stroke pain disclose approval double acceptance nationalist swop joystick bowel joystick guarantee job viable likely other pace
24
stroke home
double exempt coffin structure profound mercy illusion comfortable
snuggle injection widen offset bowel attraction
viable audience deter cotton driver boom feature
quadruple drawer
bowel market environment curriculum
swop tablet imposter
pace pace exclusive
clay shiver scheme electronics
illusion teacher stress virgin coincide triple interface ask quadruple lifestyle swear
single development buffet guarantee
swear begin swop dip mature candle native ignore chair
other flag
bleed autonomy spoil country
labour pig smile knot straighten rage
pain forge
triple injury output dough pardon interactive page greeting
offset note throne decisive headline due
virgin acceptance viable atmosphere railcar enemy liver likely respect
assignment physics
driver control assignment confrontation
exploit thumb rob other exile election excuse tool pipe
native dive error rent coast
mercy identity skeleton financial
