0 182 27 34 133 134 38 132 40 131 44 135 138 1 140 143 142 5 24 144 20 146 145 14 147 149 11 150 152 151 60 153 57 54 154 155 52 156 47 157 159 158 159 160 161 160 120 162 163 67 164 165 76 166 167 80 92 86 168 89 169 94 102 171 170 173 170 172 175 106 176 111 114 118 177 178 180 178 179 181 182 0
23
181 36 37 39 41 42 43 45 46
165 17 97 103 104 105
160 73 77 78 79
132 53 55
145 19 107 116 117 123 124
158 64 70
175 61 62 63
163 81 91 93 95 96
169 9 10 12 13 15 32 33 35 119 126 127 128 129 130
167 21 22 23 25 26 108 109 110 112 113
180 51
0 2
168 28 121 122
173 3 4 6 7 18
142 8 125
178 48 49 50
176 56 58 59
161 74 75
162 82 83 84 85 87 88
146 29 30 31 115
151 90 98 99 100
156 65 66 68 69 71
166 16 101
