C0 C133 C17 C20 C131 C199 C167 C26 C21 C14 C13 C91 C159 C68 C18 C68 C133 C15 C133 C19 C16 C11 C10 C133 C6 C9 C25 C82 C8 C12 C4 C7 C142 C184 C2 C184 C3 C113 C5 C1 C0
25
C199 C70 C26 C27 C119 C168 C52 C169 C55 C103 C107 C121 C19 C129 C51 C11 C74 C58 C87 C194 C190 C93 C153 C31 C47 C24 C160 C182 C8 C49 C50 C48 C88 C7 C63 C84 C154 C198 C196 C120 C172 C100 C127 C59 C25 C104 C30 C2 C1 C149 C114 C181 C28 C124 C32 C18 C164 C86 C141 C20 C68 C57 C105 C43 C123 C71 C110 C139 C166 C3
C0 C0 C185
C5 C10
C3 C134
C4 C101
C7 C132
C10 C97
C1 C171
C12 C122
C2 C45
C15 C78
C16 C66
C8 C5
C14 C192 C152
C11 C56
C25 C193
C19 C179
C9 C4
C20 C137 C165
C13 C35
C6 C167
C26 C16 C77 C146 C95
C21 C161
C18 C145 C54
C17 C144
