HAZtD EyMEe xF1Bj RN9nS 3NU9e aWuHk mJExt cC0Rg Tp7uZ jyRQW Gf5gy Xqwfz Zok18 1VA1I BaYb3 SxklZ 0moVI HAKlt 6sv9O kYZ5P Jbr8u GaZ4O o2JtM DuU0x e7SjH E6pda RkCLD SfSL1 36fTo bMhFI GfIsc DmTRc tgL8p 0FMEI R6NzB VJX0I SE1WY ZKvNM SE1WY fWz4T EgumV UQeyk kjZGl cpzS8 AwFdf KtlQd 2zHfe wVSYr WVEjT Agb0E VG4na Q5zY0 69WZh jesVt cu5FB 4AhmX p3gJd mJExt iqOI4 UqGfS NqBQW UqGfS kPB79 4PXv9 kPB79 4Tt2a kPB79 6gp0A HAZtD
22
KtlQd RN9nS Pk19A vfAR8 iHR3J HAKlt bW6Ms mdIe6 IOpdQ EgumV rH3nx gpbSj
Zok18 4PXv9 O8CwF CHx6u J0OP0 1VA1I 69WZh
HAKlt 4AhmX 0F8yg TlJnt ED9em v9joy
DuU0x GxQg8 jesVt 9tf0w
SE1WY UqGfS NqBQW URrao SEkfX 4jcrD gNinx fiXIW
xF1Bj iimZq DmTRc iaaYU lF8gH Cg1yP u60s4
6gp0A uPUO1 OWqP4 DaieK H1xt8
kYZ5P TzGS5 4Tt2a
cu5FB pLg86 aWuHk z82fM BIY9X acHTt 2GCiD
4PXv9 cC0Rg 2LhKB Ia6ul UbqWX Vg6Sz wedr3
Gf5gy 7kY28 Q8lcd eVDVP iKwe0 p3gJd Lusir 8Qx0C
NqBQW cu5FB WVEjT fWz4T X2hjX SxklZ aegld AwFdf ox9Gx 5EAEu zcuSA
Jbr8u 5h4rt
ZKvNM Zxvdf xKTIz R6NzB 1gvq4
36fTo DuU0x
GaZ4O p4kTx VG4na 6owsT
WVEjT lJnz7 wnnBN
4Tt2a fExZu v7hOX
EyMEe BaYb3 Agb0E
UQeyk kNG2j HOuAL Zok18 0moVI iIQll zrVPv iqOI4 Ssao4
VG4na bMhFI VESmp E6pda cpzS8
HAZtD
