Ilesa Nizhniy Casa Houthalen Zeist Stupino Ventimiglia Longview Port Minas Valletta Itacoatiara Valletta Bensheim Southsea Voznesensk Niort Malden Palafrugell Aistala DehiwalaMount Perth Woodbridge Belper Haicheng Belper Talisay Bensheim Great Tyoply Great Resplendor Ilesa
23
Niort Landshut Bobigny DehiwalaMount Kyzylorda Tharu
Bensheim Jagna Palm Tyoply Resplendor Brunswick Alexandria New Oberhausen
Woodbridge Shaowu Davis Bang MitryMory
Itacoatiara Ramla
Longview Ventimiglia Itacoatiara Tupiza Magomeni Great Brzeg Jashpurnagar
Malden Sillanwali Milledgeville Bensheim
Ilesa Ilesa Ponta
Palafrugell Zaozhuang Skalica Aurora Tupelo Barracas Meizhou Niort Lille Clermont Marburg
Houthalen Claremont Palafrugell
Nizhniy Bavly Stuttgart Sirsi Tak Campobasso
Stupino Yingkou Tiruppuvanam An Rhosllanerchrugog PointeClaire Memmingen Valday Hermsdorf Aleshtar LonsleSaunier WaltonontheNaze Paredes Dahlem GernikaLumo
Port Viewpark
Belper Sishui Mexborough Foshan Stupino Chacabuco Perth Bogovinje Puducherry
Tyoply Onex
Perth Milagro Sceaux UlanUde Polohy
Talisay Jiangyan
Southsea Shagamu Gariadhar Mouscron Alfenas
Aistala Aklera Valletta Malden
DehiwalaMount Guli American Lodwar Bon Copperas
Voznesensk Toledo PortVila Rutland Puerto Villaquilambre
Resplendor Talipparamba Ada Azrou Uran
Haicheng Sorsogon
Casa Calauan Oulmes
