108 69 7 51 170 121 30 186 177 189 193 197 196 166 182 159 142 114 191 181 167 156 187 0 185 173 45 188 115 169 163 44 194 108
24
187 153 184 109 85
194 129 11 110 138 45
197 39 99 186 167
170 114 157
167 144
173 57 63 83 5
114 117
186 19 95 121 142 181 187 17 79 49 75 56 92
69 82
188 151 177
193 176 100 134 179 130 28 174
185 48 26 34 84 143
191 150 71
142 14 126
177 137 66 69 44 136 190 133 53
121 46 118 182 65
166 54 64 78 68 38 120 146
196 23 107 43
182 67 140 101
163 35 197 36 73
0 188 7 61 81 128 1 170
181 24 15
189 37 148 13 77 31 96 32
108
