pride preoccupation deck perception tin hide minimize linear creation mechanism concern transmission belief suffer think ballot snap contract exotic company pastel battery crew thread feign pride
25
think makeup east accessible colon dedicate desk steward
exotic battery berry rabbit merit domestic childish
creation ballot dose deter
preoccupation direct
pride pride homosexual
tin thank exotic
linear lobby mechanism loud belief craftsman
battery car adult magnetic traction whole celebration
belief mind salmon wrong minimize top pupil basketball thread
ballot create crew pastel bracket appear
snap fortune inhibition
crew community partnership mosaic integrated transaction snap
concern transmission trance predict dramatic think equinox
minimize vote suffer knit maze cancel
feign company concern bring
contract seller
company farewell tribe leash
pastel prove hide huge present contract line
mechanism glide shelter formation
thread gift dilemma denial
transmission valid offensive
suffer nationalism breakin absorption skip
hide magnitude scrap dialect creation
deck tin fuss linear
perception feign work perception deck
