location4 location194 location179 location155 location188 location161 location190 location97 location185 location191 location1 location197 location98 location0 location177 location170 location198 location167 location160 location189 location157 location183 location199 location163 location184 location4
25
location163 location68 location83 location185 location5 location25 location48 location70
location0 location0 location160 location74 location193 location24
location161 location37 location40
location191 location101 location155 location135
location167 location72 location158
location194 location100 location132 location140 location168 location84
location190 location107 location128
location1 location6 location125 location120
location157 location21 location80 location41 location143 location57 location124
location170 location96 location157 location190 location110 location1
location155 location16 location183 location51 location146 location191
location183 location56 location159 location15 location62 location188 location102
location197 location171 location14
location98 location50 location55 location71 location148 location60 location177
location185 location169 location119
location179 location108 location181 location113 location165 location18 location54 location64
location189 location11 location156 location189 location129 location192
location184 location20 location116 location133 location163
location177 location99 location92
location198 location186 location122 location115
location188 location93 location2 location33 location141
location97 location43 location63 location19 location144
location199 location23 location31 location117 location147 location170 location127 location136 location152
location160 location49 location29
location4
