1 2 4 2 1 156 157 192 157 156 1 172 174 193 174 175 172 1 176 177 178 179 180 181 179 196 197 198 199 198 197 196 179 178 177 176 1 150 151 152 155 154 153 189 190 189 153 152 151 150 1 182 194 182 195 182 183 184 185 184 183 1 187 1
18
199 111 112 113
4 5 7
193 105
181 66
187 73 74
182 4 11 12 13 16 17 19 28 67 115 124 125 128 153 154 155 163
195 62 70 75 78 80 108 175
174 55 57 116 169 170
194 8 30 53 61 69 107 165 166 174
1 3 9 15 20 25 54 59 123 130 157 162 167 173
196 109
175 58 171
155 117 121
192 21 23 24 104 158 159 161
154 119 120
180 65 180
185 71 103
190 63 178
