loc0 loc197 loc132 loc196 loc36 loc185 loc186 loc189 loc178 loc117 loc194 loc72 loc193 loc72 loc187 loc78 loc199 loc84 loc188 loc195 loc76 loc153 loc138 loc190 loc198 loc180 loc164 loc144 loc151 loc132 loc175 loc150 loc171 loc0
25
loc132 loc20 loc40 loc68 loc134
loc190 loc22 loc90 loc102 loc110 loc114 loc140
loc189 loc106 loc128 loc156 loc166 loc172
loc180 loc18 loc62 loc64 loc142
loc185 loc10 loc46 loc58 loc132 loc160 loc162 loc186
loc193 loc16 loc42 loc48 loc54 loc84 loc88 loc190
loc175 loc38 loc56 loc72 loc116 loc180
loc153 loc44 loc96 loc164 loc178 loc192 loc194
loc76 loc154
loc164 loc82 loc104 loc120
loc187 loc34 loc76 loc176
loc196 loc74 loc100 loc198
loc171 loc24 loc112
loc198 loc80 loc146 loc168 loc174
loc188 loc50 loc136
loc195 loc8 loc14 loc52 loc92 loc94 loc144
loc150 loc6 loc30 loc78 loc126 loc188
loc194 loc12 loc28 loc32 loc60 loc66 loc124 loc130 loc158
loc151 loc118 loc138 loc148 loc184
loc199 loc86 loc182
loc138 loc36 loc98 loc108 loc152 loc170 loc196
loc186 loc4 loc70 loc122
loc197 loc26
loc178 loc150
loc0 loc0 loc2
