Soda building5 building32 building68 building32 building5 building34 building70 building34 building5 building36 building72 building36 building5 Soda building4 building29 building65 building29 building4 building30 building66 building30 building4 building26 building62 building26 building4 building27 building63 building27 building4 Soda building2 building18 building54 building18 building2 Soda building3 building21 building57 building21 building3 Soda building6 building42 building78 building42 building6 building37 building73 building37 building6 building41 building77 building41 building6 building38 building74 building38 building6 building40 building76 building40 building6 Soda building1 building7 building43 building7 building1 Soda
18
building65 building58 building72
building72 building27 building43 building74
building5 building10 building12
building77 building24 building32 building33 building52
building6 building8 building9 building11 building13
Soda building7
building76 building26 building47 building62 building67 building78
building78 building17 building35 building49 building53 building57 building71
building54 building19 building20 building45 building55 building61
building68 building29 building39 building40 building65 building75
building66 building16 building30 building48 building66 building73
building74 building15 building22 building36 building51 building56
building62 building23 building59 building60 building68 building69
building70 building38 building41 building76 building77
building43 building14 building21 building46 building50
building57 building28 building31 building42 building63 building64
building63 building18 building25 building34 building54 building70
building73 building37 building44
