l0 h3 h91 l94 l44 h92 h58 h84 l3 l95 h51 l61 l80 h97 h63 l31 l72 h62 h40 h9 h95 h9 h99 h88 h64 h86 h64 h82 h53 h69 l34 l39 h98 h56 h94 h56 h96 h66 h72 h66 l59 h75 h39 h83 h3 l0
25
l0 h0
h99 h2 h8 h73 h78 h95
h96 h3 h19 h70 h77 h79
h40 h13 h69 h72 h88
h75 h23 h29 h33 h41 h42 h93
h53 h17 h35 h81
h97 h24 h52 h53 h54 h80
h91 h58
h63 h4 h85
h82 h5 h10 h48 h84 h96 h97 h98
h72 h30 h43
h69 h15 h22 h56 h67 h74 h76 h87
h88 h7 h11 h14 h26 h40 h45 h51 h66
h83 h1 h44 h94
h86 h9 h28 h32 h55 h92
h51 h6 h16 h25 h34 h39 h61 h83 h90
h62 h31 h82
h84 h36 h86 h89 h99
h9 h18 h46 h57 h65
h94 h49
h39 h27 h47 h59 h71
h98 h21 h62 h75
h64 h38 h50 h60 h64
h92 h12 h37 h68 h91
h95 h20 h63
