Mf966TmCJF9l0PTKetVd dOWv4G57nxm9UArCvQlq vXEVHH4q4UMva6wWns8S FhyU3TGCVWgCcMMzAMS1 ABk14cfS7j3v5H7oJg69 jsxdUxf9Osj1u9ZOfA8H 4c7jdZfXlaPz4IZbgKcx fsor2KpQJ6EjVccpDv9W zPr2hM1BB6QwzrT9Cto2 KCy3uvDFe4h3kwRgxFiX mdRWNgW1OXg5UTxZCHoS XtOSIksCxQPAzChWtB8x QMmklR1fA1rnjMsU1WMc 56ePYTmTGzdOHfvnLEPd byF5FvS6RJUrgCsP3o6T u4VGAkqq00Jhej3knMJI YrtjNlKZcZnAXu7owFPA JWE9kJZ3fUSBbRtkVScl 7c4FoaFf1TJetsLZUEok QtUoaFUFBMw7V9DHgrcf GfTqQpqjWivAFXbCN2BL CxdADQl1Lh5mGQMAravk JfWSVxbK8iOEPzK7FV9x ksXyQQNO2sSJacUypI8V eO6DzL77RKRtHIXSDRed Mf966TmCJF9l0PTKetVd
25
QtUoaFUFBMw7V9DHgrcf OGxA8YvD4WfIxOfmtWm4 kVdbGuYm0jD2q8vsLFHY cAkwFDH7tSQkP40ewGcD HhITLZSwERe6osGRUBXt
4c7jdZfXlaPz4IZbgKcx KCy3uvDFe4h3kwRgxFiX
KCy3uvDFe4h3kwRgxFiX VqBuOSJBVqxMG4rldwQn aU4DeG46NC8vRU6N0ahg GfTqQpqjWivAFXbCN2BL 4mRiy2s23Ljl4N4CqEav e2usEAoRX2qu6mneHOxg
u4VGAkqq00Jhej3knMJI zDq8bGYKiSYw3c53IWfw 2bMCdMiNzTpm8a2kNe9G wNmo9den9k6ySqzO7o0M y3cL4LyhfEAlU1Jj1Xj6 QMmklR1fA1rnjMsU1WMc Crbc9OlCoJ9dTIJXXsjb
Mf966TmCJF9l0PTKetVd BCVfaQnOCgLubJ23r8nF
CxdADQl1Lh5mGQMAravk S0PhmGw8tyUPzxvRSE5R ul7ierPjffkmvfh4Ylme b2icxuMf1zEyF7ImMEzE SQhK0n9L9aixdJxvdeKd
FhyU3TGCVWgCcMMzAMS1 JfzkldRR1w0Y52KBg47D 1crXui4lUlMG7IuTFiXo u4VGAkqq00Jhej3knMJI 7ArLVA3N0doHBQAlCDtl
JfWSVxbK8iOEPzK7FV9x Yw0z9L8p6xIk7hgYCgVd RrBlUMzlEzdRa5S1pyiF ZDA7k1XMUYTsnmCfuUtR
vXEVHH4q4UMva6wWns8S BLgd9OLqnPIJY5LCIxDK JWE9kJZ3fUSBbRtkVScl Hpniux0SkkA6CliHWNDc TBEGhhvsdStRJh2Eqkyf
byF5FvS6RJUrgCsP3o6T HKK5Jm9eHd0V7gvBWuw9 UvtGaTsTes8Gs4gE8ya3 WZxeHszJ2ShfYgJs53YV ydEppVwK15UN0USyP00U 0O3lDJvzYSiuZNzHimQX OyOgefgJfgx6VwEfudZn
dOWv4G57nxm9UArCvQlq IwnN6xRahpjWnxZTYR2F lrLgTYF7nIsDkEYlxuHz bLojQFXmB5k6r0zKTWYe wtlCpdxHbUUmSY7DnD2u dOWv4G57nxm9UArCvQlq R87rV3jFUvYuE0RN4Z4a QZIvvAQe1weWyQjLrGi1
56ePYTmTGzdOHfvnLEPd KKiBHd9DTQAd6AZYxlK3 Y5ZKsuPbCDUQp5LjPNey iRg3oRlKsAtLuOm5tUrC N7mkTpLI9Mgh0txBOflw JfWSVxbK8iOEPzK7FV9x CHHJQHxp9VQGraviPBS2 TmdW4dU59umpgT9XX8G3 VaRx19QfIOvUT5pZyulj
XtOSIksCxQPAzChWtB8x kGhQ3uDjcFA7MLP7UF4W 3Yod5nNtIcKNmTtNQ3xH 5ebtvAsyAh8vEmm1Z3wm
fsor2KpQJ6EjVccpDv9W 1wZce3qjltyIzzlL1Zfw 4CVQrsejmjPmVL7elf2w ZPAxEbVjKWTr0cDqLbA0 mGfIqoDGGajPXw9RvY8S
mdRWNgW1OXg5UTxZCHoS p6bp9pYgtaGo4Q50DQAM AjMqEYKq0eELwsiEhQNE 56ePYTmTGzdOHfvnLEPd
ksXyQQNO2sSJacUypI8V NtZncVsU7O40k1BXousH
ABk14cfS7j3v5H7oJg69 byF5FvS6RJUrgCsP3o6T 4mdSIFCsq2HySOzm2H4M
7c4FoaFf1TJetsLZUEok PLyQF48YPXs4LxxIxWHM CxdADQl1Lh5mGQMAravk bBJ5TDHtVrSIxXmQJ63J eA2uctxdjBuXDZUrmUHy wyZ3Q4gHyaxpdYdezyjU
JWE9kJZ3fUSBbRtkVScl GzkbHop7cJv0CvjQalTE TkZ4LHIfwKap48xdp8m2 czjPVxJvSz9DoMc0Y7Vv Xucw5TdPOzp0SQGWHjkE
jsxdUxf9Osj1u9ZOfA8H YrtjNlKZcZnAXu7owFPA trOoQ3enuOI8GUJqwAMC WQlZty1AKP9gLfjz0EYW acwLCbshqBQuYbTzAPRI
eO6DzL77RKRtHIXSDRed km12BN3CByUGmRV2tX7b 7c4FoaFf1TJetsLZUEok XfWllIgv9lA6ZwGuKvLt fsCdklolnC3ndvzFtyM3 sSdPSXUotKahf03SRnBn flliQzyn5hSC8yLOMyYJ W1IcDWCQWwTCriXsjtm4 pxBA1Tii62WPeRWcccVp BcvYB1mubFuRTbgMUsXg
QMmklR1fA1rnjMsU1WMc rzYdrZxXnbXlOjFVWVaR CLNCAWQgYnzuvt7RChAf NvfSRypj4POoHWC3jDz3 Ad4iMaOuAofXNjJzNKWl 1aGCWVuyE8DRxIV204ZW
zPr2hM1BB6QwzrT9Cto2 aH2XDl7CjGFhEP3bbYjH Ic20PkDM6xxefUTvJEIQ tH0lbMmdJDVlC4Pr7uAb jZUUy27kZ3z2uIv0PGPy
YrtjNlKZcZnAXu7owFPA jAzyDyaN1mD5Ei1RjCiO
GfTqQpqjWivAFXbCN2BL Q4jkxyPtGKis0eXik3Gg a6uUA0TEdnZwD1b73O9r
