L0 L116 L63 L157 L48 L193 L194 L196 L163 L183 L179 L181 L83 L191 L199 L198 L88 L94 L88 L185 L187 L109 L142 L171 L152 L176 L174 L138 L0
23
L193 L29 L135 L165
L163 L192
L198 L57 L24 L75 L142 L188 L164 L47 L48 L138 L168
L0 L39
L142 L7 L64
L183 L152
L83 L94 L147 L132 L146
L194 L175 L3 L68 L121 L38 L20 L31
L181 L8 L55 L65
L191 L98 L18 L61 L54 L153 L80 L60 L81 L123 L196 L157 L143 L27
L94 L194
L171 L197 L58 L82
L196 L119 L144 L33 L23 L199 L116 L41 L107 L160 L127 L52 L139
L185 L1 L125 L96 L74
L176 L13
L187 L177 L12
L199 L73 L163 L97 L62 L95 L110 L10 L106 L26 L104 L178 L102
L174 L14
L157 L113 L30 L2
L116 L141 L49 L109
L138 L118
L152 L130 L77 L59 L112 L46
L179 L50 L176 L84 L149 L53 L145 L69
