point0 point69 point63 point68 point66 point123 point127 point170 point189 point183 point181 point183 point174 point176 point173 point178 point177 point175 point163 point155 point115 point116 point113 point111 point128 point122 point125 point119 point72 point70 point0
19
point116 point5 point15 point18 point122 point132 point138 point177
point181 point86 point102 point108
point155 point6
point63 point109 point110 point111 point120 point123 point134
point163 point79 point185 point187
point123 point51 point52 point55 point56 point184
point178 point83
point66 point29 point31 point39 point41 point139
point0 point1
point115 point10 point11 point16 point21 point27 point30 point38 point42 point43 point152
point119 point3 point13 point72 point73 point131 point157 point180 point183
point170 point87 point91
point72 point17 point40 point115 point119 point124 point126 point135 point144 point148 point153
point111 point34 point49 point155 point158 point160 point163 point172
point70 point112 point149 point151
point175 point94 point103
point176 point85 point89 point100
point128 point33 point54 point69 point75 point113 point162 point179
point125 point67 point76 point78
