x182 x198 x109 x0 x163 x139 x167 x102 x171 x192 x150 x179 x144 x194 x196 x146 x196 x191 x181 x188 x29 x199 x157 x190 x127 x168 x176 x119 x195 x183 x32 x59 x117 x36 x173 x11 x182
24
x0 x74 x21 x17 x109 x15 x56 x106 x30 x61
x195 x59 x198 x156
x117 x177
x191 x137 x94
x183 x43 x141
x11 x79
x179 x3 x7
x190 x192 x133 x138 x161 x179 x125 x31 x164
x168 x155 x119
x167 x10 x127 x64 x4 x26
x199 x69 x88 x2 x166 x194 x95
x196 x42 x45 x128 x48 x153 x104 x23 x185 x118 x139 x66 x98
x194 x8 x49 x77 x50 x184
x192 x27 x163
x173 x20 x143 x146 x84 x32 x11
x163 x86 x183
x157 x186 x114 x76 x25 x58 x92 x46
x181 x147 x151 x18 x136 x113 x82 x116
x198 x19 x100
x188 x53 x71 x107 x55
x150 x80 x99 x102
x176 x72 x172 x83
x146 x6 x14 x189 x87 x159
x182 x182
